#
# There is insufficient memory for the Java Runtime Environment to continue.
# Native memory allocation (mmap) failed to map 58720256 bytes for Failed to commit area from 0x000000008c900000 to 0x0000000090100000 of length 58720256.
# Possible reasons:
#   The system is out of physical RAM or swap space
#   The process is running with CompressedOops enabled, and the Java Heap may be blocking the growth of the native heap
# Possible solutions:
#   Reduce memory load on the system
#   Increase physical memory or swap space
#   Check if swap backing store is full
#   Decrease Java heap size (-Xmx/-Xms)
#   Decrease number of Java threads
#   Decrease Java thread stack sizes (-Xss)
#   Set larger code cache with -XX:ReservedCodeCacheSize=
#   JVM is running with Unscaled Compressed Oops mode in which the Java heap is
#     placed in the first 4GB address space. The Java Heap base address is the
#     maximum limit for the native heap growth. Please use -XX:HeapBaseMinAddress
#     to set the Java Heap base and to place the Java Heap above 4GB virtual address.
# This output file may be truncated or incomplete.
#
#  Out of Memory Error (t:/workspace/open/src/hotspot/os/windows/os_windows.cpp:3301), pid=17324, tid=9964
#
# JRE version: Java(TM) SE Runtime Environment (13.0.2+8) (build 13.0.2+8)
# Java VM: Java HotSpot(TM) 64-Bit Server VM (13.0.2+8, mixed mode, sharing, tiered, compressed oops, g1 gc, windows-amd64)
# No core dump will be written. Minidumps are not enabled by default on client versions of Windows
#

---------------  S U M M A R Y ------------

Command Line: -Dfile.encoding=Cp1252 ab.demo.GeneticAgent

Host: Intel(R) Core(TM) i5-6200U CPU @ 2.30GHz, 4 cores, 7G,  Windows 10 , 64 bit Build 19041 (10.0.19041.2913)
Time: Sun Jun  4 10:41:21 2023 Hora est. Pacífico, Sudamérica elapsed time: 11 seconds (0d 0h 0m 11s)

---------------  T H R E A D  ---------------

Current thread (0x000001e738454000):  VMThread "VM Thread" [stack: 0x00000025a5b00000,0x00000025a5c00000] [id=9964]

Stack: [0x00000025a5b00000,0x00000025a5c00000]
[error occurred during error reporting (printing stack bounds), id 0xc0000005, EXCEPTION_ACCESS_VIOLATION (0xc0000005) at pc=0x000001e721bc10ad]

Native frames: (J=compiled Java code, j=interpreted, Vv=VM code, C=native code)
V  [jvm.dll+0x624f9a]
V  [jvm.dll+0x770cfa]
V  [jvm.dll+0x7724af]
V  [jvm.dll+0x772a15]
V  [jvm.dll+0x7729cb]
V  [jvm.dll+0x6244df]
C  [ntdll.dll+0x78b4c]
C  [ntdll.dll+0x512c6]
C  [ntdll.dll+0xa0f0e]
C  0x000001e721bc10ad

VM_Operation (0x00000025a55fef10): G1CollectForAllocation, mode: safepoint, requested by thread 0x000001e7196aa000


---------------  P R O C E S S  ---------------

Threads class SMR info:
_java_thread_list=0x000001e739792960, length=16, elements={
0x000001e7196aa000, 0x000001e738457000, 0x000001e73845c800, 0x000001e738478800,
0x000001e73847b800, 0x000001e73847c800, 0x000001e738e1b000, 0x000001e738e27800,
0x000001e738ee4800, 0x000001e738eed800, 0x000001e738f84800, 0x000001e738f85800,
0x000001e738f88800, 0x000001e738f89000, 0x000001e738f8a000, 0x000001e739606800
}

Java Threads: ( => current thread )
  0x000001e7196aa000 JavaThread "main" [_thread_blocked, id=11892, stack(0x00000025a5500000,0x00000025a5600000)]
  0x000001e738457000 JavaThread "Reference Handler" daemon [_thread_blocked, id=6788, stack(0x00000025a5c00000,0x00000025a5d00000)]
  0x000001e73845c800 JavaThread "Finalizer" daemon [_thread_blocked, id=6100, stack(0x00000025a5d00000,0x00000025a5e00000)]
  0x000001e738478800 JavaThread "Signal Dispatcher" daemon [_thread_blocked, id=15320, stack(0x00000025a5e00000,0x00000025a5f00000)]
  0x000001e73847b800 JavaThread "Attach Listener" daemon [_thread_blocked, id=4400, stack(0x00000025a5f00000,0x00000025a6000000)]
  0x000001e73847c800 JavaThread "C2 CompilerThread0" daemon [_thread_blocked, id=14540, stack(0x00000025a6000000,0x00000025a6100000)]
  0x000001e738e1b000 JavaThread "C1 CompilerThread0" daemon [_thread_blocked, id=13004, stack(0x00000025a6100000,0x00000025a6200000)]
  0x000001e738e27800 JavaThread "Sweeper thread" daemon [_thread_blocked, id=10316, stack(0x00000025a6200000,0x00000025a6300000)]
  0x000001e738ee4800 JavaThread "Service Thread" daemon [_thread_blocked, id=15040, stack(0x00000025a6300000,0x00000025a6400000)]
  0x000001e738eed800 JavaThread "Common-Cleaner" daemon [_thread_blocked, id=3432, stack(0x00000025a6500000,0x00000025a6600000)]
  0x000001e738f84800 JavaThread "WebSocketWorker-12" [_thread_blocked, id=4744, stack(0x00000025a6600000,0x00000025a6700000)]
  0x000001e738f85800 JavaThread "WebSocketWorker-13" [_thread_blocked, id=9392, stack(0x00000025a6700000,0x00000025a6800000)]
  0x000001e738f88800 JavaThread "WebSocketWorker-14" [_thread_blocked, id=17512, stack(0x00000025a6800000,0x00000025a6900000)]
  0x000001e738f89000 JavaThread "WebSocketWorker-15" [_thread_blocked, id=16984, stack(0x00000025a6900000,0x00000025a6a00000)]
  0x000001e738f8a000 JavaThread "WebsocketSelector16" [_thread_in_native, id=15488, stack(0x00000025a6a00000,0x00000025a6b00000)]
  0x000001e739606800 JavaThread "Java2D Disposer" daemon [_thread_blocked, id=16956, stack(0x00000025a6b00000,0x00000025a6c00000)]

Other Threads:
=>0x000001e738454000 VMThread "VM Thread" [stack: 0x00000025a5b00000,0x00000025a5c00000] [id=9964]
  0x000001e738ee8800 WatcherThread [stack: 0x00000025a6400000,0x00000025a6500000] [id=11460]
  0x000001e7196ee000 GCTaskThread "GC Thread#0" [stack: 0x00000025a5600000,0x00000025a5700000] [id=4580]
  0x000001e73989d800 GCTaskThread "GC Thread#1" [stack: 0x00000025a6d00000,0x00000025a6e00000] [id=692]
  0x000001e73989e800 GCTaskThread "GC Thread#2" [stack: 0x00000025a6e00000,0x00000025a6f00000] [id=14228]
  0x000001e7398a7800 GCTaskThread "GC Thread#3" [stack: 0x00000025a6f00000,0x00000025a7000000] [id=16044]
  0x000001e719701000 ConcurrentGCThread "G1 Main Marker" [stack: 0x00000025a5700000,0x00000025a5800000] [id=16864]
  0x000001e719706800 ConcurrentGCThread "G1 Conc#0" [stack: 0x00000025a5800000,0x00000025a5900000] [id=19236]
  0x000001e719781000 ConcurrentGCThread "G1 Refine#0" [stack: 0x00000025a5900000,0x00000025a5a00000] [id=14044]
  0x000001e7382e1800 ConcurrentGCThread "G1 Young RemSet Sampling" [stack: 0x00000025a5a00000,0x00000025a5b00000] [id=17100]

Threads with active compile tasks:

VM state:at safepoint (normal execution)

VM Mutex/Monitor currently owned by a thread:  ([mutex/lock_event])
[0x000001e7196a63a0] Threads_lock - owner thread: 0x000001e738454000
[0x000001e7196a71b0] Heap_lock - owner thread: 0x000001e7196aa000

Heap address: 0x0000000081800000, size: 2024 MB, Compressed Oops mode: 32-bit
Narrow klass base: 0x0000000800000000, Narrow klass shift: 3
Compressed class space size: 1073741824 Address: 0x0000000800b40000

Heap:
 garbage-first heap   total 238592K, used 111470K [0x0000000081800000, 0x0000000100000000)
  region size 1024K, 1 young (1024K), 1 survivors (1024K)
 Metaspace       used 4243K, capacity 5272K, committed 5376K, reserved 1056768K
  class space    used 408K, capacity 510K, committed 512K, reserved 1048576K
Heap Regions: E=young(eden), S=young(survivor), O=old, HS=humongous(starts), HC=humongous(continues), CS=collection set, F=free, A=archive, TAMS=top-at-mark-start (previous, next)
|   0|0x0000000081800000, 0x0000000081900000, 0x0000000081900000|100%| O|  |TAMS 0x0000000081900000, 0x0000000081800000| Updating 
|   1|0x0000000081900000, 0x0000000081a00000, 0x0000000081a00000|100%| O|  |TAMS 0x0000000081a00000, 0x0000000081900000| Updating 
|   2|0x0000000081a00000, 0x0000000081b00000, 0x0000000081b00000|100%| O|  |TAMS 0x0000000081b00000, 0x0000000081a00000| Updating 
|   3|0x0000000081b00000, 0x0000000081c00000, 0x0000000081c00000|100%| O|  |TAMS 0x0000000081c00000, 0x0000000081b00000| Updating 
|   4|0x0000000081c00000, 0x0000000081d00000, 0x0000000081d00000|100%| O|  |TAMS 0x0000000081d00000, 0x0000000081c00000| Updating 
|   5|0x0000000081d00000, 0x0000000081e00000, 0x0000000081e00000|100%| O|  |TAMS 0x0000000081e00000, 0x0000000081d00000| Updating 
|   6|0x0000000081e00000, 0x0000000081f00000, 0x0000000081f00000|100%| O|  |TAMS 0x0000000081e00000, 0x0000000081e00000| Untracked 
|   7|0x0000000081f00000, 0x0000000082000000, 0x0000000082000000|100%| O|  |TAMS 0x0000000082000000, 0x0000000081f00000| Updating 
|   8|0x0000000082000000, 0x0000000082100000, 0x0000000082100000|100%| O|  |TAMS 0x0000000082100000, 0x0000000082000000| Updating 
|   9|0x0000000082100000, 0x0000000082200000, 0x0000000082200000|100%| O|  |TAMS 0x0000000082200000, 0x0000000082100000| Updating 
|  10|0x0000000082200000, 0x0000000082300000, 0x0000000082300000|100%| O|  |TAMS 0x0000000082300000, 0x0000000082200000| Updating 
|  11|0x0000000082300000, 0x0000000082400000, 0x0000000082400000|100%| O|  |TAMS 0x0000000082400000, 0x0000000082300000| Updating 
|  12|0x0000000082400000, 0x0000000082500000, 0x0000000082500000|100%| O|  |TAMS 0x0000000082500000, 0x0000000082400000| Updating 
|  13|0x0000000082500000, 0x0000000082600000, 0x0000000082600000|100%| O|  |TAMS 0x0000000082500000, 0x0000000082500000| Untracked 
|  14|0x0000000082600000, 0x0000000082700000, 0x0000000082700000|100%| O|  |TAMS 0x0000000082600000, 0x0000000082600000| Untracked 
|  15|0x0000000082700000, 0x0000000082800000, 0x0000000082800000|100%|HS|  |TAMS 0x0000000082800000, 0x0000000082700000| Complete 
|  16|0x0000000082800000, 0x0000000082900000, 0x0000000082900000|100%|HC|  |TAMS 0x0000000082900000, 0x0000000082800000| Complete 
|  17|0x0000000082900000, 0x0000000082a00000, 0x0000000082a00000|100%| O|  |TAMS 0x0000000082900000, 0x0000000082900000| Untracked 
|  18|0x0000000082a00000, 0x0000000082b00000, 0x0000000082b00000|100%| O|  |TAMS 0x0000000082a00000, 0x0000000082a00000| Untracked 
|  19|0x0000000082b00000, 0x0000000082bdb800, 0x0000000082c00000| 85%| O|  |TAMS 0x0000000082b00000, 0x0000000082b00000| Untracked 
|  20|0x0000000082c00000, 0x0000000082c00000, 0x0000000082d00000|  0%| F|  |TAMS 0x0000000082c00000, 0x0000000082c00000| Untracked 
|  21|0x0000000082d00000, 0x0000000082d00000, 0x0000000082e00000|  0%| F|  |TAMS 0x0000000082d00000, 0x0000000082d00000| Untracked 
|  22|0x0000000082e00000, 0x0000000082e00000, 0x0000000082f00000|  0%| F|  |TAMS 0x0000000082e00000, 0x0000000082e00000| Untracked 
|  23|0x0000000082f00000, 0x0000000082f00000, 0x0000000083000000|  0%| F|  |TAMS 0x0000000082f00000, 0x0000000082f00000| Untracked 
|  24|0x0000000083000000, 0x0000000083000000, 0x0000000083100000|  0%| F|  |TAMS 0x0000000083000000, 0x0000000083000000| Untracked 
|  25|0x0000000083100000, 0x0000000083100000, 0x0000000083200000|  0%| F|  |TAMS 0x0000000083100000, 0x0000000083100000| Untracked 
|  26|0x0000000083200000, 0x0000000083200000, 0x0000000083300000|  0%| F|  |TAMS 0x0000000083200000, 0x0000000083200000| Untracked 
|  27|0x0000000083300000, 0x0000000083300000, 0x0000000083400000|  0%| F|  |TAMS 0x0000000083300000, 0x0000000083300000| Untracked 
|  28|0x0000000083400000, 0x0000000083400000, 0x0000000083500000|  0%| F|  |TAMS 0x0000000083400000, 0x0000000083400000| Untracked 
|  29|0x0000000083500000, 0x0000000083500000, 0x0000000083600000|  0%| F|  |TAMS 0x0000000083500000, 0x0000000083500000| Untracked 
|  30|0x0000000083600000, 0x0000000083600000, 0x0000000083700000|  0%| F|  |TAMS 0x0000000083600000, 0x0000000083600000| Untracked 
|  31|0x0000000083700000, 0x0000000083700000, 0x0000000083800000|  0%| F|  |TAMS 0x0000000083700000, 0x0000000083700000| Untracked 
|  32|0x0000000083800000, 0x0000000083800000, 0x0000000083900000|  0%| F|  |TAMS 0x0000000083800000, 0x0000000083800000| Untracked 
|  33|0x0000000083900000, 0x0000000083900000, 0x0000000083a00000|  0%| F|  |TAMS 0x0000000083900000, 0x0000000083900000| Untracked 
|  34|0x0000000083a00000, 0x0000000083a00000, 0x0000000083b00000|  0%| F|  |TAMS 0x0000000083a00000, 0x0000000083a00000| Untracked 
|  35|0x0000000083b00000, 0x0000000083b00000, 0x0000000083c00000|  0%| F|  |TAMS 0x0000000083b00000, 0x0000000083b00000| Untracked 
|  36|0x0000000083c00000, 0x0000000083c00000, 0x0000000083d00000|  0%| F|  |TAMS 0x0000000083c00000, 0x0000000083c00000| Untracked 
|  37|0x0000000083d00000, 0x0000000083d00000, 0x0000000083e00000|  0%| F|  |TAMS 0x0000000083d00000, 0x0000000083d00000| Untracked 
|  38|0x0000000083e00000, 0x0000000083e00000, 0x0000000083f00000|  0%| F|  |TAMS 0x0000000083e00000, 0x0000000083e00000| Untracked 
|  39|0x0000000083f00000, 0x0000000083f00000, 0x0000000084000000|  0%| F|  |TAMS 0x0000000083f00000, 0x0000000083f00000| Untracked 
|  40|0x0000000084000000, 0x0000000084000000, 0x0000000084100000|  0%| F|  |TAMS 0x0000000084000000, 0x0000000084000000| Untracked 
|  41|0x0000000084100000, 0x0000000084100000, 0x0000000084200000|  0%| F|  |TAMS 0x0000000084100000, 0x0000000084100000| Untracked 
|  42|0x0000000084200000, 0x0000000084300000, 0x0000000084300000|100%| O|  |TAMS 0x0000000084200000, 0x0000000084200000| Untracked 
|  43|0x0000000084300000, 0x0000000084400000, 0x0000000084400000|100%| O|  |TAMS 0x0000000084300000, 0x0000000084300000| Untracked 
|  44|0x0000000084400000, 0x0000000084500000, 0x0000000084500000|100%| O|  |TAMS 0x0000000084500000, 0x0000000084400000| Updating 
|  45|0x0000000084500000, 0x0000000084600000, 0x0000000084600000|100%| O|  |TAMS 0x0000000084600000, 0x0000000084500000| Updating 
|  46|0x0000000084600000, 0x0000000084700000, 0x0000000084700000|100%| O|  |TAMS 0x0000000084700000, 0x0000000084600000| Updating 
|  47|0x0000000084700000, 0x0000000084800000, 0x0000000084800000|100%| O|  |TAMS 0x0000000084800000, 0x0000000084700000| Updating 
|  48|0x0000000084800000, 0x0000000084900000, 0x0000000084900000|100%| O|  |TAMS 0x0000000084900000, 0x0000000084800000| Updating 
|  49|0x0000000084900000, 0x0000000084a00000, 0x0000000084a00000|100%| O|  |TAMS 0x0000000084a00000, 0x0000000084900000| Updating 
|  50|0x0000000084a00000, 0x0000000084b00000, 0x0000000084b00000|100%| O|  |TAMS 0x0000000084b00000, 0x0000000084a00000| Updating 
|  51|0x0000000084b00000, 0x0000000084c00000, 0x0000000084c00000|100%| O|  |TAMS 0x0000000084c00000, 0x0000000084b00000| Updating 
|  52|0x0000000084c00000, 0x0000000084d00000, 0x0000000084d00000|100%| O|  |TAMS 0x0000000084c00000, 0x0000000084c00000| Untracked 
|  53|0x0000000084d00000, 0x0000000084e00000, 0x0000000084e00000|100%| O|  |TAMS 0x0000000084d00000, 0x0000000084d00000| Untracked 
|  54|0x0000000084e00000, 0x0000000084f00000, 0x0000000084f00000|100%| O|  |TAMS 0x0000000084e00000, 0x0000000084e00000| Untracked 
|  55|0x0000000084f00000, 0x0000000085000000, 0x0000000085000000|100%| O|  |TAMS 0x0000000084f00000, 0x0000000084f00000| Untracked 
|  56|0x0000000085000000, 0x0000000085100000, 0x0000000085100000|100%| O|  |TAMS 0x0000000085000000, 0x0000000085000000| Untracked 
|  57|0x0000000085100000, 0x0000000085200000, 0x0000000085200000|100%| O|  |TAMS 0x0000000085100000, 0x0000000085100000| Untracked 
|  58|0x0000000085200000, 0x0000000085300000, 0x0000000085300000|100%| O|  |TAMS 0x0000000085200000, 0x0000000085200000| Untracked 
|  59|0x0000000085300000, 0x0000000085400000, 0x0000000085400000|100%| O|  |TAMS 0x0000000085300000, 0x0000000085300000| Untracked 
|  60|0x0000000085400000, 0x0000000085500000, 0x0000000085500000|100%| O|  |TAMS 0x0000000085500000, 0x0000000085400000| Updating 
|  61|0x0000000085500000, 0x0000000085600000, 0x0000000085600000|100%| O|  |TAMS 0x0000000085600000, 0x0000000085500000| Updating 
|  62|0x0000000085600000, 0x0000000085700000, 0x0000000085700000|100%| O|  |TAMS 0x0000000085700000, 0x0000000085600000| Updating 
|  63|0x0000000085700000, 0x0000000085800000, 0x0000000085800000|100%| O|  |TAMS 0x0000000085800000, 0x0000000085700000| Updating 
|  64|0x0000000085800000, 0x0000000085900000, 0x0000000085900000|100%| O|  |TAMS 0x0000000085900000, 0x0000000085800000| Updating 
|  65|0x0000000085900000, 0x0000000085a00000, 0x0000000085a00000|100%| O|  |TAMS 0x0000000085a00000, 0x0000000085900000| Updating 
|  66|0x0000000085a00000, 0x0000000085b00000, 0x0000000085b00000|100%| O|  |TAMS 0x0000000085b00000, 0x0000000085a00000| Updating 
|  67|0x0000000085b00000, 0x0000000085c00000, 0x0000000085c00000|100%| O|  |TAMS 0x0000000085c00000, 0x0000000085b00000| Updating 
|  68|0x0000000085c00000, 0x0000000085d00000, 0x0000000085d00000|100%| O|  |TAMS 0x0000000085d00000, 0x0000000085c00000| Updating 
|  69|0x0000000085d00000, 0x0000000085e00000, 0x0000000085e00000|100%| O|  |TAMS 0x0000000085d80000, 0x0000000085d00000| Updating 
|  70|0x0000000085e00000, 0x0000000085f00000, 0x0000000085f00000|100%| O|  |TAMS 0x0000000085e00000, 0x0000000085e00000| Untracked 
|  71|0x0000000085f00000, 0x0000000086000000, 0x0000000086000000|100%| O|  |TAMS 0x0000000085f00000, 0x0000000085f00000| Untracked 
|  72|0x0000000086000000, 0x0000000086100000, 0x0000000086100000|100%| O|  |TAMS 0x0000000086000000, 0x0000000086000000| Untracked 
|  73|0x0000000086100000, 0x0000000086200000, 0x0000000086200000|100%| O|  |TAMS 0x0000000086100000, 0x0000000086100000| Untracked 
|  74|0x0000000086200000, 0x0000000086300000, 0x0000000086300000|100%| O|  |TAMS 0x0000000086200000, 0x0000000086200000| Untracked 
|  75|0x0000000086300000, 0x0000000086400000, 0x0000000086400000|100%| O|  |TAMS 0x0000000086300000, 0x0000000086300000| Untracked 
|  76|0x0000000086400000, 0x0000000086500000, 0x0000000086500000|100%| O|  |TAMS 0x0000000086400000, 0x0000000086400000| Untracked 
|  77|0x0000000086500000, 0x0000000086600000, 0x0000000086600000|100%| O|  |TAMS 0x0000000086500000, 0x0000000086500000| Untracked 
|  78|0x0000000086600000, 0x0000000086700000, 0x0000000086700000|100%| O|  |TAMS 0x0000000086600000, 0x0000000086600000| Untracked 
|  79|0x0000000086700000, 0x0000000086800000, 0x0000000086800000|100%| O|  |TAMS 0x0000000086700000, 0x0000000086700000| Untracked 
|  80|0x0000000086800000, 0x0000000086900000, 0x0000000086900000|100%| O|  |TAMS 0x0000000086800000, 0x0000000086800000| Untracked 
|  81|0x0000000086900000, 0x0000000086a00000, 0x0000000086a00000|100%| O|  |TAMS 0x0000000086900000, 0x0000000086900000| Untracked 
|  82|0x0000000086a00000, 0x0000000086b00000, 0x0000000086b00000|100%| O|  |TAMS 0x0000000086a00000, 0x0000000086a00000| Untracked 
|  83|0x0000000086b00000, 0x0000000086c00000, 0x0000000086c00000|100%| O|  |TAMS 0x0000000086b00000, 0x0000000086b00000| Untracked 
|  84|0x0000000086c00000, 0x0000000086d00000, 0x0000000086d00000|100%| O|  |TAMS 0x0000000086c00000, 0x0000000086c00000| Untracked 
|  85|0x0000000086d00000, 0x0000000086e00000, 0x0000000086e00000|100%| O|  |TAMS 0x0000000086d00000, 0x0000000086d00000| Untracked 
|  86|0x0000000086e00000, 0x0000000086f00000, 0x0000000086f00000|100%| O|  |TAMS 0x0000000086e00000, 0x0000000086e00000| Untracked 
|  87|0x0000000086f00000, 0x0000000087000000, 0x0000000087000000|100%| O|  |TAMS 0x0000000086f00000, 0x0000000086f00000| Untracked 
|  88|0x0000000087000000, 0x0000000087100000, 0x0000000087100000|100%| O|  |TAMS 0x0000000087000000, 0x0000000087000000| Untracked 
|  89|0x0000000087100000, 0x0000000087200000, 0x0000000087200000|100%| O|  |TAMS 0x0000000087100000, 0x0000000087100000| Untracked 
|  90|0x0000000087200000, 0x0000000087300000, 0x0000000087300000|100%| O|  |TAMS 0x0000000087200000, 0x0000000087200000| Untracked 
|  91|0x0000000087300000, 0x0000000087400000, 0x0000000087400000|100%| O|  |TAMS 0x0000000087300000, 0x0000000087300000| Untracked 
|  92|0x0000000087400000, 0x0000000087500000, 0x0000000087500000|100%| O|  |TAMS 0x0000000087400000, 0x0000000087400000| Untracked 
|  93|0x0000000087500000, 0x0000000087600000, 0x0000000087600000|100%| O|  |TAMS 0x0000000087500000, 0x0000000087500000| Untracked 
|  94|0x0000000087600000, 0x0000000087700000, 0x0000000087700000|100%| O|  |TAMS 0x0000000087600000, 0x0000000087600000| Untracked 
|  95|0x0000000087700000, 0x0000000087800000, 0x0000000087800000|100%| O|  |TAMS 0x0000000087700000, 0x0000000087700000| Untracked 
|  96|0x0000000087800000, 0x0000000087900000, 0x0000000087900000|100%| O|  |TAMS 0x0000000087800000, 0x0000000087800000| Untracked 
|  97|0x0000000087900000, 0x0000000087a00000, 0x0000000087a00000|100%| O|  |TAMS 0x0000000087900000, 0x0000000087900000| Untracked 
|  98|0x0000000087a00000, 0x0000000087b00000, 0x0000000087b00000|100%| O|  |TAMS 0x0000000087a00000, 0x0000000087a00000| Untracked 
|  99|0x0000000087b00000, 0x0000000087c00000, 0x0000000087c00000|100%| O|  |TAMS 0x0000000087b00000, 0x0000000087b00000| Untracked 
| 100|0x0000000087c00000, 0x0000000087d00000, 0x0000000087d00000|100%| O|  |TAMS 0x0000000087c00000, 0x0000000087c00000| Untracked 
| 101|0x0000000087d00000, 0x0000000087e00000, 0x0000000087e00000|100%| O|  |TAMS 0x0000000087d00000, 0x0000000087d00000| Untracked 
| 102|0x0000000087e00000, 0x0000000087f00000, 0x0000000087f00000|100%| O|  |TAMS 0x0000000087e00000, 0x0000000087e00000| Untracked 
| 103|0x0000000087f00000, 0x0000000088000000, 0x0000000088000000|100%| O|  |TAMS 0x0000000087f00000, 0x0000000087f00000| Untracked 
| 104|0x0000000088000000, 0x0000000088100000, 0x0000000088100000|100%| O|  |TAMS 0x0000000088000000, 0x0000000088000000| Untracked 
| 105|0x0000000088100000, 0x0000000088200000, 0x0000000088200000|100%| O|  |TAMS 0x0000000088100000, 0x0000000088100000| Untracked 
| 106|0x0000000088200000, 0x0000000088300000, 0x0000000088300000|100%| O|  |TAMS 0x0000000088200000, 0x0000000088200000| Untracked 
| 107|0x0000000088300000, 0x0000000088400000, 0x0000000088400000|100%| O|  |TAMS 0x0000000088300000, 0x0000000088300000| Untracked 
| 108|0x0000000088400000, 0x0000000088500000, 0x0000000088500000|100%| O|  |TAMS 0x0000000088400000, 0x0000000088400000| Untracked 
| 109|0x0000000088500000, 0x0000000088600000, 0x0000000088600000|100%| O|  |TAMS 0x0000000088500000, 0x0000000088500000| Untracked 
| 110|0x0000000088600000, 0x0000000088700000, 0x0000000088700000|100%| O|  |TAMS 0x0000000088600000, 0x0000000088600000| Untracked 
| 111|0x0000000088700000, 0x0000000088800000, 0x0000000088800000|100%| O|  |TAMS 0x0000000088700000, 0x0000000088700000| Untracked 
| 112|0x0000000088800000, 0x0000000088900000, 0x0000000088900000|100%| O|  |TAMS 0x0000000088800000, 0x0000000088800000| Untracked 
| 113|0x0000000088900000, 0x0000000088a00000, 0x0000000088a00000|100%| O|  |TAMS 0x0000000088900000, 0x0000000088900000| Untracked 
| 114|0x0000000088a00000, 0x0000000088b00000, 0x0000000088b00000|100%| O|  |TAMS 0x0000000088a00000, 0x0000000088a00000| Untracked 
| 115|0x0000000088b00000, 0x0000000088c00000, 0x0000000088c00000|100%| O|  |TAMS 0x0000000088b00000, 0x0000000088b00000| Untracked 
| 116|0x0000000088c00000, 0x0000000088d00000, 0x0000000088d00000|100%| O|  |TAMS 0x0000000088c00000, 0x0000000088c00000| Untracked 
| 117|0x0000000088d00000, 0x0000000088e00000, 0x0000000088e00000|100%| O|  |TAMS 0x0000000088d00000, 0x0000000088d00000| Untracked 
| 118|0x0000000088e00000, 0x0000000088f00000, 0x0000000088f00000|100%| O|  |TAMS 0x0000000088e00000, 0x0000000088e00000| Untracked 
| 119|0x0000000088f00000, 0x0000000089000000, 0x0000000089000000|100%| O|  |TAMS 0x0000000088f00000, 0x0000000088f00000| Untracked 
| 120|0x0000000089000000, 0x0000000089100000, 0x0000000089100000|100%| O|  |TAMS 0x0000000089000000, 0x0000000089000000| Untracked 
| 121|0x0000000089100000, 0x0000000089100000, 0x0000000089200000|  0%| F|  |TAMS 0x0000000089100000, 0x0000000089100000| Untracked 
| 122|0x0000000089200000, 0x0000000089200000, 0x0000000089300000|  0%| F|  |TAMS 0x0000000089200000, 0x0000000089200000| Untracked 
| 123|0x0000000089300000, 0x0000000089300000, 0x0000000089400000|  0%| F|  |TAMS 0x0000000089300000, 0x0000000089300000| Untracked 
| 124|0x0000000089400000, 0x0000000089400000, 0x0000000089500000|  0%| F|  |TAMS 0x0000000089400000, 0x0000000089400000| Untracked 
| 125|0x0000000089500000, 0x0000000089500000, 0x0000000089600000|  0%| F|  |TAMS 0x0000000089500000, 0x0000000089500000| Untracked 
| 126|0x0000000089600000, 0x0000000089600000, 0x0000000089700000|  0%| F|  |TAMS 0x0000000089600000, 0x0000000089600000| Untracked 
| 127|0x0000000089700000, 0x0000000089700000, 0x0000000089800000|  0%| F|  |TAMS 0x0000000089700000, 0x0000000089700000| Untracked 
| 128|0x0000000089800000, 0x0000000089800000, 0x0000000089900000|  0%| F|  |TAMS 0x0000000089800000, 0x0000000089800000| Untracked 
| 129|0x0000000089900000, 0x0000000089900000, 0x0000000089a00000|  0%| F|  |TAMS 0x0000000089900000, 0x0000000089900000| Untracked 
| 130|0x0000000089a00000, 0x0000000089a00000, 0x0000000089b00000|  0%| F|  |TAMS 0x0000000089a00000, 0x0000000089a00000| Untracked 
| 131|0x0000000089b00000, 0x0000000089b00000, 0x0000000089c00000|  0%| F|  |TAMS 0x0000000089b00000, 0x0000000089b00000| Untracked 
| 132|0x0000000089c00000, 0x0000000089c00000, 0x0000000089d00000|  0%| F|  |TAMS 0x0000000089c00000, 0x0000000089c00000| Untracked 
| 133|0x0000000089d00000, 0x0000000089d00000, 0x0000000089e00000|  0%| F|  |TAMS 0x0000000089d00000, 0x0000000089d00000| Untracked 
| 134|0x0000000089e00000, 0x0000000089e00000, 0x0000000089f00000|  0%| F|  |TAMS 0x0000000089e00000, 0x0000000089e00000| Untracked 
| 135|0x0000000089f00000, 0x0000000089f00000, 0x000000008a000000|  0%| F|  |TAMS 0x0000000089f00000, 0x0000000089f00000| Untracked 
| 136|0x000000008a000000, 0x000000008a000000, 0x000000008a100000|  0%| F|  |TAMS 0x000000008a000000, 0x000000008a000000| Untracked 
| 137|0x000000008a100000, 0x000000008a200000, 0x000000008a200000|100%| O|  |TAMS 0x000000008a200000, 0x000000008a100000| Updating 
| 138|0x000000008a200000, 0x000000008a300000, 0x000000008a300000|100%| O|  |TAMS 0x000000008a200000, 0x000000008a200000| Untracked 
| 139|0x000000008a300000, 0x000000008a400000, 0x000000008a400000|100%| O|  |TAMS 0x000000008a300000, 0x000000008a300000| Untracked 
| 140|0x000000008a400000, 0x000000008a400000, 0x000000008a500000|  0%| F|  |TAMS 0x000000008a400000, 0x000000008a400000| Untracked 
| 141|0x000000008a500000, 0x000000008a600000, 0x000000008a600000|100%| O|  |TAMS 0x000000008a500000, 0x000000008a500000| Untracked 
| 142|0x000000008a600000, 0x000000008a700000, 0x000000008a700000|100%| O|  |TAMS 0x000000008a600000, 0x000000008a600000| Untracked 
| 143|0x000000008a700000, 0x000000008a800000, 0x000000008a800000|100%| O|  |TAMS 0x000000008a700000, 0x000000008a700000| Untracked 
| 144|0x000000008a800000, 0x000000008a900000, 0x000000008a900000|100%| O|  |TAMS 0x000000008a800000, 0x000000008a800000| Untracked 
| 145|0x000000008a900000, 0x000000008aa00000, 0x000000008aa00000|100%| O|  |TAMS 0x000000008a900000, 0x000000008a900000| Untracked 
| 146|0x000000008aa00000, 0x000000008ab00000, 0x000000008ab00000|100%| O|  |TAMS 0x000000008aa00000, 0x000000008aa00000| Updating 
| 147|0x000000008ab00000, 0x000000008ab00000, 0x000000008ac00000|  0%| F|  |TAMS 0x000000008ab00000, 0x000000008ab00000| Untracked 
| 148|0x000000008ac00000, 0x000000008ac00000, 0x000000008ad00000|  0%| F|  |TAMS 0x000000008ac00000, 0x000000008ac00000| Untracked 
| 149|0x000000008ad00000, 0x000000008ad00000, 0x000000008ae00000|  0%| F|  |TAMS 0x000000008ad00000, 0x000000008ad00000| Untracked 
| 150|0x000000008ae00000, 0x000000008ae00000, 0x000000008af00000|  0%| F|  |TAMS 0x000000008ae00000, 0x000000008ae00000| Untracked 
| 151|0x000000008af00000, 0x000000008af00000, 0x000000008b000000|  0%| F|  |TAMS 0x000000008af00000, 0x000000008af00000| Untracked 
| 152|0x000000008b000000, 0x000000008b000000, 0x000000008b100000|  0%| F|  |TAMS 0x000000008b000000, 0x000000008b000000| Untracked 
| 153|0x000000008b100000, 0x000000008b100000, 0x000000008b200000|  0%| F|  |TAMS 0x000000008b100000, 0x000000008b100000| Untracked 
| 154|0x000000008b200000, 0x000000008b200000, 0x000000008b300000|  0%| F|  |TAMS 0x000000008b200000, 0x000000008b200000| Untracked 
| 155|0x000000008b300000, 0x000000008b300000, 0x000000008b400000|  0%| F|  |TAMS 0x000000008b300000, 0x000000008b300000| Untracked 
| 156|0x000000008b400000, 0x000000008b400000, 0x000000008b500000|  0%| F|  |TAMS 0x000000008b400000, 0x000000008b400000| Untracked 
| 157|0x000000008b500000, 0x000000008b500000, 0x000000008b600000|  0%| F|  |TAMS 0x000000008b500000, 0x000000008b500000| Untracked 
| 158|0x000000008b600000, 0x000000008b600000, 0x000000008b700000|  0%| F|  |TAMS 0x000000008b600000, 0x000000008b600000| Untracked 
| 159|0x000000008b700000, 0x000000008b700000, 0x000000008b800000|  0%| F|  |TAMS 0x000000008b700000, 0x000000008b700000| Untracked 
| 160|0x000000008b800000, 0x000000008b800000, 0x000000008b900000|  0%| F|  |TAMS 0x000000008b800000, 0x000000008b800000| Untracked 
| 161|0x000000008b900000, 0x000000008b900000, 0x000000008ba00000|  0%| F|  |TAMS 0x000000008b900000, 0x000000008b900000| Untracked 
| 162|0x000000008ba00000, 0x000000008ba00000, 0x000000008bb00000|  0%| F|  |TAMS 0x000000008ba00000, 0x000000008ba00000| Untracked 
| 163|0x000000008bb00000, 0x000000008bb00000, 0x000000008bc00000|  0%| F|  |TAMS 0x000000008bb00000, 0x000000008bb00000| Untracked 
| 164|0x000000008bc00000, 0x000000008bc00000, 0x000000008bd00000|  0%| F|  |TAMS 0x000000008bc00000, 0x000000008bc00000| Untracked 
| 165|0x000000008bd00000, 0x000000008bd00000, 0x000000008be00000|  0%| F|  |TAMS 0x000000008bd00000, 0x000000008bd00000| Untracked 
| 166|0x000000008be00000, 0x000000008be00000, 0x000000008bf00000|  0%| F|  |TAMS 0x000000008be00000, 0x000000008be00000| Untracked 
| 167|0x000000008bf00000, 0x000000008bf00000, 0x000000008c000000|  0%| F|  |TAMS 0x000000008bf00000, 0x000000008bf00000| Untracked 
| 168|0x000000008c000000, 0x000000008c000000, 0x000000008c100000|  0%| F|  |TAMS 0x000000008c000000, 0x000000008c000000| Untracked 
| 169|0x000000008c100000, 0x000000008c100000, 0x000000008c200000|  0%| F|  |TAMS 0x000000008c100000, 0x000000008c100000| Untracked 
| 170|0x000000008c200000, 0x000000008c200000, 0x000000008c300000|  0%| F|  |TAMS 0x000000008c200000, 0x000000008c200000| Untracked 
| 171|0x000000008c300000, 0x000000008c300000, 0x000000008c400000|  0%| F|  |TAMS 0x000000008c300000, 0x000000008c300000| Untracked 
| 172|0x000000008c400000, 0x000000008c400000, 0x000000008c500000|  0%| F|  |TAMS 0x000000008c400000, 0x000000008c400000| Untracked 
| 173|0x000000008c500000, 0x000000008c600000, 0x000000008c600000|100%| S|CS|TAMS 0x000000008c500000, 0x000000008c500000| Complete 
| 174|0x000000008c600000, 0x000000008c600000, 0x000000008c700000|  0%| F|  |TAMS 0x000000008c600000, 0x000000008c600000| Untracked 
| 175|0x000000008c700000, 0x000000008c700000, 0x000000008c800000|  0%| F|  |TAMS 0x000000008c700000, 0x000000008c700000| Untracked 
| 176|0x000000008c800000, 0x000000008c800000, 0x000000008c900000|  0%| F|  |TAMS 0x000000008c800000, 0x000000008c800000| Untracked 

Card table byte_map: [0x000001e731750000,0x000001e731b50000] _byte_map_base: 0x000001e731344000

Marking Bits (Prev, Next): (CMBitMap*) 0x000001e7196eef68, (CMBitMap*) 0x000001e7196eef28
 Prev Bits: [0x000001e733ef0000, 0x000001e735e90000)
 Next Bits: [0x000001e731f50000, 0x000001e733ef0000)

Polling page: 0x000001e717e60000

Metaspace:

Usage:
  Non-class:      4.65 MB capacity,     3.75 MB ( 81%) used,   920.09 KB ( 19%) free+waste,     6.06 KB ( <1%) overhead. 
      Class:    510.00 KB capacity,   408.09 KB ( 80%) used,    98.10 KB ( 19%) free+waste,     3.81 KB ( <1%) overhead. 
       Both:      5.15 MB capacity,     4.14 MB ( 80%) used,  1018.20 KB ( 19%) free+waste,     9.88 KB ( <1%) overhead. 

Virtual space:
  Non-class space:        8.00 MB reserved,       4.75 MB ( 59%) committed 
      Class space:        1.00 GB reserved,     512.00 KB ( <1%) committed 
             Both:        1.01 GB reserved,       5.25 MB ( <1%) committed 

Chunk freelists:
   Non-Class:  38.00 KB
       Class:  0 bytes
        Both:  38.00 KB

MaxMetaspaceSize: 17179869184.00 GB
CompressedClassSpaceSize: 1.00 GB

CodeHeap 'non-profiled nmethods': size=120000Kb used=543Kb max_used=543Kb free=119456Kb
 bounds [0x000001e729690000, 0x000001e729900000, 0x000001e730bc0000]
CodeHeap 'profiled nmethods': size=120000Kb used=2302Kb max_used=2302Kb free=117697Kb
 bounds [0x000001e722160000, 0x000001e7223d0000, 0x000001e729690000]
CodeHeap 'non-nmethods': size=5760Kb used=1179Kb max_used=1208Kb free=4580Kb
 bounds [0x000001e721bc0000, 0x000001e721e30000, 0x000001e722160000]
 total_blobs=2082 nmethods=1074 adapters=343
 compilation: enabled
              stopped_count=0, restarted_count=0
 full_count=0

Compilation events (20 events):
Event: 11.113 Thread 0x000001e73847c800 1064 %     4       ab.vision.real.ImageSegmenter::findEdges @ 879 (966 bytes)
Event: 11.131 Thread 0x000001e738e1b000 1065 %     3       ab.vision.real.ImageSegmenter::findComponents @ 23 (287 bytes)
Event: 11.133 Thread 0x000001e738e1b000 nmethod 1065% 0x000001e722390810 code [0x000001e722390b40, 0x000001e722391f60]
Event: 11.133 Thread 0x000001e738e1b000 1066       3       ab.vision.real.ImageSegmenter::findComponents (287 bytes)
Event: 11.133 Thread 0x000001e73847c800 nmethod 1064% 0x000001e729710990 code [0x000001e729710b40, 0x000001e729711178]
Event: 11.134 Thread 0x000001e738e1b000 nmethod 1066 0x000001e722392810 code [0x000001e722392b20, 0x000001e722393e60]
Event: 11.134 Thread 0x000001e73847c800 1067 %     4       ab.vision.real.ImageSegmenter::findComponents @ 23 (287 bytes)
Event: 11.136 Thread 0x000001e738e1b000 1068   !   3       jdk.internal.loader.URLClassPath$FileLoader::getResource (164 bytes)
Event: 11.140 Thread 0x000001e738e1b000 nmethod 1068 0x000001e722394690 code [0x000001e722394a00, 0x000001e722395eb0]
Event: 11.147 Thread 0x000001e738e1b000 1069       3       java.lang.Math::atan (5 bytes)
Event: 11.147 Thread 0x000001e738e1b000 nmethod 1069 0x000001e722396890 code [0x000001e722396a40, 0x000001e722396bb0]
Event: 11.149 Thread 0x000001e73847c800 nmethod 1067% 0x000001e729711590 code [0x000001e729711720, 0x000001e729711a78]
Event: 11.247 Thread 0x000001e738e1b000 1071 %     3       ab.vision.real.ConnectedComponent::initialise @ 393 (489 bytes)
Event: 11.250 Thread 0x000001e738e1b000 nmethod 1071% 0x000001e722396c90 code [0x000001e722397140, 0x000001e722399fb0]
Event: 11.250 Thread 0x000001e738e1b000 1072 %     3       ab.vision.real.ConnectedComponent::initialise @ 201 (489 bytes)
Event: 11.253 Thread 0x000001e738e1b000 nmethod 1072% 0x000001e72239b310 code [0x000001e72239b7c0, 0x000001e72239e630]
Event: 11.253 Thread 0x000001e73847c800 1073 %     4       ab.vision.real.ConnectedComponent::initialise @ 393 (489 bytes)
Event: 11.322 Thread 0x000001e73847c800 nmethod 1073% 0x000001e729712190 code [0x000001e7297123e0, 0x000001e729713db8]
Event: 11.322 Thread 0x000001e73847c800 1074       4       ab.vision.real.ConnectedComponent::initialise (489 bytes)
Event: 11.494 Thread 0x000001e73847c800 nmethod 1074 0x000001e729714910 code [0x000001e729714c00, 0x000001e729716c88]

GC Heap History (20 events):
Event: 10.629 GC heap after
{Heap after GC invocations=3 (full 0):
 garbage-first heap   total 141312K, used 62817K [0x0000000081800000, 0x0000000100000000)
  region size 1024K, 10 young (10240K), 10 survivors (10240K)
 Metaspace       used 4187K, capacity 5208K, committed 5376K, reserved 1056768K
  class space    used 397K, capacity 510K, committed 512K, reserved 1048576K
}
Event: 11.206 GC heap before
{Heap before GC invocations=3 (full 0):
 garbage-first heap   total 141312K, used 88417K [0x0000000081800000, 0x0000000100000000)
  region size 1024K, 35 young (35840K), 10 survivors (10240K)
 Metaspace       used 4242K, capacity 5272K, committed 5376K, reserved 1056768K
  class space    used 408K, capacity 510K, committed 512K, reserved 1048576K
}
Event: 11.221 GC heap after
{Heap after GC invocations=4 (full 0):
 garbage-first heap   total 141312K, used 76288K [0x0000000081800000, 0x0000000100000000)
  region size 1024K, 5 young (5120K), 5 survivors (5120K)
 Metaspace       used 4242K, capacity 5272K, committed 5376K, reserved 1056768K
  class space    used 408K, capacity 510K, committed 512K, reserved 1048576K
}
Event: 11.327 GC heap before
{Heap before GC invocations=4 (full 0):
 garbage-first heap   total 141312K, used 95744K [0x0000000081800000, 0x0000000100000000)
  region size 1024K, 24 young (24576K), 5 survivors (5120K)
 Metaspace       used 4243K, capacity 5272K, committed 5376K, reserved 1056768K
  class space    used 408K, capacity 510K, committed 512K, reserved 1048576K
}
Event: 11.350 GC heap after
{Heap after GC invocations=5 (full 0):
 garbage-first heap   total 141312K, used 96256K [0x0000000081800000, 0x0000000100000000)
  region size 1024K, 3 young (3072K), 3 survivors (3072K)
 Metaspace       used 4243K, capacity 5272K, committed 5376K, reserved 1056768K
  class space    used 408K, capacity 510K, committed 512K, reserved 1048576K
}
Event: 11.374 GC heap before
{Heap before GC invocations=5 (full 0):
 garbage-first heap   total 141312K, used 106496K [0x0000000081800000, 0x0000000100000000)
  region size 1024K, 13 young (13312K), 3 survivors (3072K)
 Metaspace       used 4243K, capacity 5272K, committed 5376K, reserved 1056768K
  class space    used 408K, capacity 510K, committed 512K, reserved 1048576K
}
Event: 11.391 GC heap after
{Heap after GC invocations=6 (full 0):
 garbage-first heap   total 141312K, used 108032K [0x0000000081800000, 0x0000000100000000)
  region size 1024K, 2 young (2048K), 2 survivors (2048K)
 Metaspace       used 4243K, capacity 5272K, committed 5376K, reserved 1056768K
  class space    used 408K, capacity 510K, committed 512K, reserved 1048576K
}
Event: 11.397 GC heap before
{Heap before GC invocations=6 (full 0):
 garbage-first heap   total 141312K, used 113152K [0x0000000081800000, 0x0000000100000000)
  region size 1024K, 7 young (7168K), 2 survivors (2048K)
 Metaspace       used 4243K, capacity 5272K, committed 5376K, reserved 1056768K
  class space    used 408K, capacity 510K, committed 512K, reserved 1048576K
}
Event: 11.407 GC heap after
{Heap after GC invocations=7 (full 0):
 garbage-first heap   total 141312K, used 114176K [0x0000000081800000, 0x0000000100000000)
  region size 1024K, 1 young (1024K), 1 survivors (1024K)
 Metaspace       used 4243K, capacity 5272K, committed 5376K, reserved 1056768K
  class space    used 408K, capacity 510K, committed 512K, reserved 1048576K
}
Event: 11.414 GC heap before
{Heap before GC invocations=7 (full 0):
 garbage-first heap   total 141312K, used 119296K [0x0000000081800000, 0x0000000100000000)
  region size 1024K, 6 young (6144K), 1 survivors (1024K)
 Metaspace       used 4243K, capacity 5272K, committed 5376K, reserved 1056768K
  class space    used 408K, capacity 510K, committed 512K, reserved 1048576K
}
Event: 11.425 GC heap after
{Heap after GC invocations=8 (full 0):
 garbage-first heap   total 141312K, used 119808K [0x0000000081800000, 0x0000000100000000)
  region size 1024K, 1 young (1024K), 1 survivors (1024K)
 Metaspace       used 4243K, capacity 5272K, committed 5376K, reserved 1056768K
  class space    used 408K, capacity 510K, committed 512K, reserved 1048576K
}
Event: 11.432 GC heap before
{Heap before GC invocations=8 (full 0):
 garbage-first heap   total 141312K, used 124928K [0x0000000081800000, 0x0000000100000000)
  region size 1024K, 6 young (6144K), 1 survivors (1024K)
 Metaspace       used 4243K, capacity 5272K, committed 5376K, reserved 1056768K
  class space    used 408K, capacity 510K, committed 512K, reserved 1048576K
}
Event: 11.444 GC heap after
{Heap after GC invocations=9 (full 0):
 garbage-first heap   total 141312K, used 125219K [0x0000000081800000, 0x0000000100000000)
  region size 1024K, 1 young (1024K), 1 survivors (1024K)
 Metaspace       used 4243K, capacity 5272K, committed 5376K, reserved 1056768K
  class space    used 408K, capacity 510K, committed 512K, reserved 1048576K
}
Event: 11.452 GC heap before
{Heap before GC invocations=9 (full 0):
 garbage-first heap   total 141312K, used 130339K [0x0000000081800000, 0x0000000100000000)
  region size 1024K, 6 young (6144K), 1 survivors (1024K)
 Metaspace       used 4243K, capacity 5272K, committed 5376K, reserved 1056768K
  class space    used 408K, capacity 510K, committed 512K, reserved 1048576K
}
Event: 11.461 GC heap after
{Heap after GC invocations=10 (full 0):
 garbage-first heap   total 141312K, used 130838K [0x0000000081800000, 0x0000000100000000)
  region size 1024K, 1 young (1024K), 1 survivors (1024K)
 Metaspace       used 4243K, capacity 5272K, committed 5376K, reserved 1056768K
  class space    used 408K, capacity 510K, committed 512K, reserved 1048576K
}
Event: 11.471 GC heap before
{Heap before GC invocations=10 (full 0):
 garbage-first heap   total 141312K, used 135958K [0x0000000081800000, 0x0000000100000000)
  region size 1024K, 6 young (6144K), 1 survivors (1024K)
 Metaspace       used 4243K, capacity 5272K, committed 5376K, reserved 1056768K
  class space    used 408K, capacity 510K, committed 512K, reserved 1048576K
}
Event: 11.482 GC heap after
{Heap after GC invocations=11 (full 0):
 garbage-first heap   total 143360K, used 136448K [0x0000000081800000, 0x0000000100000000)
  region size 1024K, 1 young (1024K), 1 survivors (1024K)
 Metaspace       used 4243K, capacity 5272K, committed 5376K, reserved 1056768K
  class space    used 408K, capacity 510K, committed 512K, reserved 1048576K
}
Event: 11.496 GC heap before
{Heap before GC invocations=11 (full 0):
 garbage-first heap   total 143360K, used 142592K [0x0000000081800000, 0x0000000100000000)
  region size 1024K, 7 young (7168K), 1 survivors (1024K)
 Metaspace       used 4243K, capacity 5272K, committed 5376K, reserved 1056768K
  class space    used 408K, capacity 510K, committed 512K, reserved 1048576K
}
Event: 11.509 GC heap after
{Heap after GC invocations=12 (full 0):
 garbage-first heap   total 150528K, used 142845K [0x0000000081800000, 0x0000000100000000)
  region size 1024K, 1 young (1024K), 1 survivors (1024K)
 Metaspace       used 4243K, capacity 5272K, committed 5376K, reserved 1056768K
  class space    used 408K, capacity 510K, committed 512K, reserved 1048576K
}
Event: 11.545 GC heap before
{Heap before GC invocations=12 (full 0):
 garbage-first heap   total 181248K, used 111101K [0x0000000081800000, 0x0000000100000000)
  region size 1024K, 7 young (7168K), 1 survivors (1024K)
 Metaspace       used 4243K, capacity 5272K, committed 5376K, reserved 1056768K
  class space    used 408K, capacity 510K, committed 512K, reserved 1048576K
}

Deoptimization events (20 events):
Event: 11.314 Thread 0x000001e7196aa000 DEOPT PACKING pc=0x000001e722399dab sp=0x00000025a55ff230
Event: 11.314 Thread 0x000001e7196aa000 DEOPT UNPACKING pc=0x000001e721c0964e sp=0x00000025a55fe728 mode 0
Event: 11.315 Thread 0x000001e7196aa000 DEOPT PACKING pc=0x000001e722399dab sp=0x00000025a55ff230
Event: 11.315 Thread 0x000001e7196aa000 DEOPT UNPACKING pc=0x000001e721c0964e sp=0x00000025a55fe728 mode 0
Event: 11.315 Thread 0x000001e7196aa000 DEOPT PACKING pc=0x000001e722399dab sp=0x00000025a55ff230
Event: 11.315 Thread 0x000001e7196aa000 DEOPT UNPACKING pc=0x000001e721c0964e sp=0x00000025a55fe728 mode 0
Event: 11.316 Thread 0x000001e7196aa000 DEOPT PACKING pc=0x000001e722399dab sp=0x00000025a55ff230
Event: 11.317 Thread 0x000001e7196aa000 DEOPT UNPACKING pc=0x000001e721c0964e sp=0x00000025a55fe728 mode 0
Event: 11.317 Thread 0x000001e7196aa000 DEOPT PACKING pc=0x000001e722399dab sp=0x00000025a55ff230
Event: 11.317 Thread 0x000001e7196aa000 DEOPT UNPACKING pc=0x000001e721c0964e sp=0x00000025a55fe728 mode 0
Event: 11.318 Thread 0x000001e7196aa000 DEOPT PACKING pc=0x000001e722399dab sp=0x00000025a55ff230
Event: 11.318 Thread 0x000001e7196aa000 DEOPT UNPACKING pc=0x000001e721c0964e sp=0x00000025a55fe728 mode 0
Event: 11.319 Thread 0x000001e7196aa000 DEOPT PACKING pc=0x000001e722399dab sp=0x00000025a55ff230
Event: 11.319 Thread 0x000001e7196aa000 DEOPT UNPACKING pc=0x000001e721c0964e sp=0x00000025a55fe728 mode 0
Event: 11.320 Thread 0x000001e7196aa000 DEOPT PACKING pc=0x000001e722399dab sp=0x00000025a55ff230
Event: 11.320 Thread 0x000001e7196aa000 DEOPT UNPACKING pc=0x000001e721c0964e sp=0x00000025a55fe728 mode 0
Event: 11.321 Thread 0x000001e7196aa000 DEOPT PACKING pc=0x000001e722399dab sp=0x00000025a55ff230
Event: 11.321 Thread 0x000001e7196aa000 DEOPT UNPACKING pc=0x000001e721c0964e sp=0x00000025a55fe728 mode 0
Event: 11.321 Thread 0x000001e7196aa000 DEOPT PACKING pc=0x000001e722399dab sp=0x00000025a55ff230
Event: 11.321 Thread 0x000001e7196aa000 DEOPT UNPACKING pc=0x000001e721c0964e sp=0x00000025a55fe728 mode 0

Classes unloaded (0 events):
No events

Classes redefined (0 events):
No events

Internal exceptions (7 events):
Event: 0.577 Thread 0x000001e738f8a000 Exception <a 'java/lang/NoSuchMethodError'{0x00000000895f0780}: 'java.lang.Object java.lang.invoke.Invokers$Holder.linkToTargetMethod(java.lang.Object, int, java.lang.Object)'> (0x00000000895f0780) 
thrown [t:/workspace/open/src/hotspot/share/interpreter/linkResolver.cpp, line 767]
Event: 0.726 Thread 0x000001e738f8a000 Exception <a 'java/lang/NoSuchMethodError'{0x000000008942e3a8}: 'java.lang.Object java.lang.invoke.DirectMethodHandle$Holder.invokeStaticInit(java.lang.Object, int, int, int, int)'> (0x000000008942e3a8) 
thrown [t:/workspace/open/src/hotspot/share/interpreter/linkResolver.cpp, line 767]
Event: 2.198 Thread 0x000001e738f8a000 Exception <a 'java/lang/NoSuchMethodError'{0x00000000894569b8}: 'java.lang.Object java.lang.invoke.DirectMethodHandle$Holder.invokeStaticInit(java.lang.Object, java.lang.Object, int, int, int, int)'> (0x00000000894569b8) 
thrown [t:/workspace/open/src/hotspot/share/interpreter/linkResolver.cpp, line 767]
Event: 2.582 Thread 0x000001e7196aa000 Exception <a 'java/lang/ClassNotFoundException'{0x00000000896cc690}: sun/awt/resources/spi/awtProvider> (0x00000000896cc690) 
thrown [t:/workspace/open/src/hotspot/share/classfile/systemDictionary.cpp, line 232]
Event: 2.636 Thread 0x000001e7196aa000 Exception <a 'java/io/FileNotFoundException'{0x0000000088e41a90}> (0x0000000088e41a90) 
thrown [t:/workspace/open/src/hotspot/share/prims/jni.cpp, line 598]
Event: 2.665 Thread 0x000001e7196aa000 Exception <a 'java/io/FileNotFoundException'{0x0000000088e68408}> (0x0000000088e68408) 
thrown [t:/workspace/open/src/hotspot/share/prims/jni.cpp, line 598]
Event: 9.696 Thread 0x000001e738f84800 Implicit null exception at 0x000001e7296adae6 to 0x000001e7296adb1e

Events (20 events):
Event: 11.221 Executing VM operation: G1CollectForAllocation done
Event: 11.327 Executing VM operation: G1CollectForAllocation
Event: 11.350 Executing VM operation: G1CollectForAllocation done
Event: 11.363 Executing VM operation: G1CollectForAllocation
Event: 11.391 Executing VM operation: G1CollectForAllocation done
Event: 11.397 Executing VM operation: G1CollectForAllocation
Event: 11.407 Executing VM operation: G1CollectForAllocation done
Event: 11.414 Executing VM operation: G1CollectForAllocation
Event: 11.426 Executing VM operation: G1CollectForAllocation done
Event: 11.432 Executing VM operation: G1CollectForAllocation
Event: 11.444 Executing VM operation: G1CollectForAllocation done
Event: 11.452 Executing VM operation: G1CollectForAllocation
Event: 11.461 Executing VM operation: G1CollectForAllocation done
Event: 11.471 Executing VM operation: G1CollectForAllocation
Event: 11.482 Executing VM operation: G1CollectForAllocation done
Event: 11.496 Executing VM operation: G1CollectForAllocation
Event: 11.509 Executing VM operation: G1CollectForAllocation done
Event: 11.517 Executing VM operation: G1Concurrent
Event: 11.535 Executing VM operation: G1Concurrent done
Event: 11.545 Executing VM operation: G1CollectForAllocation


Dynamic libraries:
0x00007ff7a5730000 - 0x00007ff7a573f000 	C:\Program Files\Java\jdk-13.0.2\bin\javaw.exe
0x00007ffa2bed0000 - 0x00007ffa2c0c8000 	C:\WINDOWS\SYSTEM32\ntdll.dll
0x00007ffa2bdd0000 - 0x00007ffa2be8f000 	C:\WINDOWS\System32\KERNEL32.DLL
0x00007ffa29a30000 - 0x00007ffa29d26000 	C:\WINDOWS\System32\KERNELBASE.dll
0x00007ffa297c0000 - 0x00007ffa298c0000 	C:\WINDOWS\System32\ucrtbase.dll
0x00007ffa04760000 - 0x00007ffa04778000 	C:\Program Files\Java\jdk-13.0.2\bin\jli.dll
0x00007ffa04740000 - 0x00007ffa04755000 	C:\Program Files\Java\jdk-13.0.2\bin\VCRUNTIME140.dll
0x00007ffa2ad60000 - 0x00007ffa2ae0f000 	C:\WINDOWS\System32\ADVAPI32.dll
0x00007ffa2b3c0000 - 0x00007ffa2b45e000 	C:\WINDOWS\System32\msvcrt.dll
0x00007ffa2b320000 - 0x00007ffa2b3bc000 	C:\WINDOWS\System32\sechost.dll
0x00007ffa2b600000 - 0x00007ffa2b726000 	C:\WINDOWS\System32\RPCRT4.dll
0x00007ffa2b460000 - 0x00007ffa2b5fd000 	C:\WINDOWS\System32\USER32.dll
0x00007ffa29da0000 - 0x00007ffa29dc2000 	C:\WINDOWS\System32\win32u.dll
0x00007ffa2acc0000 - 0x00007ffa2acec000 	C:\WINDOWS\System32\GDI32.dll
0x00007ffa298c0000 - 0x00007ffa299d5000 	C:\WINDOWS\System32\gdi32full.dll
0x00007ffa1a650000 - 0x00007ffa1a8ea000 	C:\WINDOWS\WinSxS\amd64_microsoft.windows.common-controls_6595b64144ccf1df_6.0.19041.1110_none_60b5254171f9507e\COMCTL32.dll
0x00007ffa29670000 - 0x00007ffa2970d000 	C:\WINDOWS\System32\msvcp_win.dll
0x00007ffa23740000 - 0x00007ffa2374a000 	C:\WINDOWS\SYSTEM32\VERSION.dll
0x00007ffa2bb80000 - 0x00007ffa2bbb0000 	C:\WINDOWS\System32\IMM32.DLL
0x00007ff9e6450000 - 0x00007ff9e64eb000 	C:\Program Files\Java\jdk-13.0.2\bin\msvcp140.dll
0x00007ff9e9920000 - 0x00007ff9ea47d000 	C:\Program Files\Java\jdk-13.0.2\bin\server\jvm.dll
0x00007ffa2acf0000 - 0x00007ffa2acf8000 	C:\WINDOWS\System32\PSAPI.DLL
0x00007ffa27540000 - 0x00007ffa27549000 	C:\WINDOWS\SYSTEM32\WSOCK32.dll
0x00007ffa2b8e0000 - 0x00007ffa2b94b000 	C:\WINDOWS\System32\WS2_32.dll
0x00007ffa1a550000 - 0x00007ffa1a577000 	C:\WINDOWS\SYSTEM32\WINMM.dll
0x00007ffa28070000 - 0x00007ffa28082000 	C:\WINDOWS\SYSTEM32\kernel.appcore.dll
0x00007ffa24200000 - 0x00007ffa24210000 	C:\Program Files\Java\jdk-13.0.2\bin\verify.dll
0x00007ffa271e0000 - 0x00007ffa273c4000 	C:\WINDOWS\SYSTEM32\DBGHELP.DLL
0x00007ffa16380000 - 0x00007ffa163b4000 	C:\WINDOWS\SYSTEM32\dbgcore.DLL
0x00007ffa295b0000 - 0x00007ffa29632000 	C:\WINDOWS\System32\bcryptPrimitives.dll
0x00007ffa0eb50000 - 0x00007ffa0eb76000 	C:\Program Files\Java\jdk-13.0.2\bin\java.dll
0x00007ffa205a0000 - 0x00007ffa205b7000 	C:\Program Files\Java\jdk-13.0.2\bin\zip.dll
0x00007ffa24140000 - 0x00007ffa2414a000 	C:\Program Files\Java\jdk-13.0.2\bin\jimage.dll
0x00007ffa2a2f0000 - 0x00007ffa2aa34000 	C:\WINDOWS\System32\SHELL32.dll
0x00007ffa27550000 - 0x00007ffa27ce3000 	C:\WINDOWS\SYSTEM32\windows.storage.dll
0x00007ffa29f30000 - 0x00007ffa2a284000 	C:\WINDOWS\System32\combase.dll
0x00007ffa29010000 - 0x00007ffa2903e000 	C:\WINDOWS\SYSTEM32\Wldp.dll
0x00007ffa2aa40000 - 0x00007ffa2aaed000 	C:\WINDOWS\System32\SHCORE.dll
0x00007ffa2a290000 - 0x00007ffa2a2e5000 	C:\WINDOWS\System32\shlwapi.dll
0x00007ffa294f0000 - 0x00007ffa2950f000 	C:\WINDOWS\SYSTEM32\profapi.dll
0x00007ffa0e5d0000 - 0x00007ffa0e5e9000 	C:\Program Files\Java\jdk-13.0.2\bin\net.dll
0x00007ffa1e1d0000 - 0x00007ffa1e2da000 	C:\WINDOWS\SYSTEM32\WINHTTP.dll
0x00007ffa28d70000 - 0x00007ffa28dda000 	C:\WINDOWS\system32\mswsock.dll
0x00007ffa0e590000 - 0x00007ffa0e5a3000 	C:\Program Files\Java\jdk-13.0.2\bin\nio.dll
0x00007ffa28a10000 - 0x00007ffa28a4c000 	C:\WINDOWS\SYSTEM32\IPHLPAPI.DLL
0x00007ffa2bdc0000 - 0x00007ffa2bdc8000 	C:\WINDOWS\System32\NSI.dll
0x00007ffa217b0000 - 0x00007ffa217c7000 	C:\WINDOWS\SYSTEM32\dhcpcsvc6.DLL
0x00007ffa21750000 - 0x00007ffa2176d000 	C:\WINDOWS\SYSTEM32\dhcpcsvc.DLL
0x00007ffa28a50000 - 0x00007ffa28b1b000 	C:\WINDOWS\SYSTEM32\DNSAPI.dll
0x00007ffa28f60000 - 0x00007ffa28f78000 	C:\WINDOWS\SYSTEM32\CRYPTSP.dll
0x00007ffa28620000 - 0x00007ffa28654000 	C:\WINDOWS\system32\rsaenh.dll
0x00007ffa29640000 - 0x00007ffa29667000 	C:\WINDOWS\System32\bcrypt.dll
0x00007ffa294b0000 - 0x00007ffa294de000 	C:\WINDOWS\SYSTEM32\USERENV.dll
0x00007ffa28f80000 - 0x00007ffa28f8c000 	C:\WINDOWS\SYSTEM32\CRYPTBASE.dll
0x00007ff9e2540000 - 0x00007ff9e26d9000 	C:\Program Files\Java\jdk-13.0.2\bin\awt.dll
0x00007ffa2bab0000 - 0x00007ffa2bb7d000 	C:\WINDOWS\System32\OLEAUT32.dll
0x00007ffa26910000 - 0x00007ffa269a1000 	C:\WINDOWS\SYSTEM32\apphelp.dll

dbghelp: loaded successfully - version: 4.0.5 - missing functions: none
symbol engine: initialized successfully - sym options: 0x614 - pdb path: .;C:\Program Files\Java\jdk-13.0.2\bin;C:\WINDOWS\SYSTEM32;C:\WINDOWS\WinSxS\amd64_microsoft.windows.common-controls_6595b64144ccf1df_6.0.19041.1110_none_60b5254171f9507e;C:\Program Files\Java\jdk-13.0.2\bin\server

VM Arguments:
jvm_args: -Dfile.encoding=Cp1252 
java_command: ab.demo.GeneticAgent
java_class_path (initial): D:\Universidad\TG AIBirds\Software\abV1.32\bin;D:\Universidad\TG AIBirds\Software\abV1.32;D:\Universidad\TG AIBirds\Software\abV1.32\ABServer.jar;D:\Universidad\TG AIBirds\Software\abV1.32\ABSoftware.jar;D:\Universidad\TG AIBirds\Software\abV1.32\external\commons-codec-1.7.jar;D:\Universidad\TG AIBirds\Software\abV1.32\external\Jama-1.0.2.jar;D:\Universidad\TG AIBirds\Software\abV1.32\external\json-simple-1.1.1.jar;D:\Universidad\TG AIBirds\Software\abV1.32\external\WebSocket.jar
Launcher Type: SUN_STANDARD

[Global flags]
     intx CICompilerCount                          = 3                                         {product} {ergonomic}
     uint ConcGCThreads                            = 1                                         {product} {ergonomic}
     uint G1ConcRefinementThreads                  = 4                                         {product} {ergonomic}
   size_t G1HeapRegionSize                         = 1048576                                   {product} {ergonomic}
    uintx GCDrainStackTargetSize                   = 64                                        {product} {ergonomic}
   size_t InitialHeapSize                          = 134217728                                 {product} {ergonomic}
   size_t MarkStackSize                            = 4194304                                   {product} {ergonomic}
   size_t MaxHeapSize                              = 2122317824                                {product} {ergonomic}
   size_t MaxNewSize                               = 1272971264                                {product} {ergonomic}
   size_t MinHeapDeltaBytes                        = 1048576                                   {product} {ergonomic}
   size_t MinHeapSize                              = 8388608                                   {product} {ergonomic}
    uintx NonNMethodCodeHeapSize                   = 5832780                                {pd product} {ergonomic}
    uintx NonProfiledCodeHeapSize                  = 122912730                              {pd product} {ergonomic}
    uintx ProfiledCodeHeapSize                     = 122912730                              {pd product} {ergonomic}
    uintx ReservedCodeCacheSize                    = 251658240                              {pd product} {ergonomic}
     bool SegmentedCodeCache                       = true                                      {product} {ergonomic}
   size_t SoftMaxHeapSize                          = 2122317824                             {manageable} {ergonomic}
     bool UseCompressedClassPointers               = true                                 {lp64_product} {ergonomic}
     bool UseCompressedOops                        = true                                 {lp64_product} {ergonomic}
     bool UseG1GC                                  = true                                      {product} {ergonomic}
     bool UseLargePagesIndividualAllocation        = false                                  {pd product} {ergonomic}

Logging:
Log output configuration:
 #0: stdout all=warning uptime,level,tags
 #1: stderr all=off uptime,level,tags

Environment Variables:
PATH=C:/Program Files/Java/jdk-13.0.2/bin/server;C:/Program Files/Java/jdk-13.0.2/bin;C:\Program Files (x86)\Common Files\Oracle\Java\javapath;C:\WINDOWS\system32;C:\WINDOWS;C:\WINDOWS\System32\Wbem;C:\WINDOWS\System32\WindowsPowerShell\v1.0\;C:\WINDOWS\System32\OpenSSH\;C:\Program Files\NVIDIA Corporation\NVIDIA NvDLISR;C:\Program Files (x86)\NVIDIA Corporation\PhysX\Common;C:\Program Files\Git\cmd;C:\Program Files\Git\mingw64\bin;C:\Program Files\Git\usr\bin;C:\nvm;C:\Program Files\nodejs;C:\Program Files\nodejs;C:\Users\J&D\AppData\Local\Programs\Python\Python38-32\Scripts\;C:\Users\J&D\AppData\Local\Programs\Python\Python38-32\;C:\Users\J&D\AppData\Local\Microsoft\WindowsApps;C:\Users\J&D\AppData\Local\Programs\Microsoft VS Code\bin;C:\Program Files\MongoDB\Server\5.0\bin;C:\Users\J&D\AppData\Roaming\npm;C:\nvm;C:\Program Files\nodejs;C:\Users\J&D\Desktop;
USERNAME=JyD
OS=Windows_NT
PROCESSOR_IDENTIFIER=Intel64 Family 6 Model 78 Stepping 3, GenuineIntel



---------------  S Y S T E M  ---------------

OS: Windows 10 , 64 bit Build 19041 (10.0.19041.2913)

CPU:total 4 (initial active 4) (2 cores per cpu, 2 threads per core) family 6 model 78 stepping 3, cmov, cx8, fxsr, mmx, sse, sse2, sse3, ssse3, sse4.1, sse4.2, popcnt, avx, avx2, aes, clmul, erms, 3dnowpref, lzcnt, ht, tsc, tscinvbit, bmi1, bmi2, adx, fma

Memory: 4k page, system-wide physical 8090M (1805M free)
TotalPageFile size 27169M (AvailPageFile size 28M)
current process WorkingSet (physical memory assigned to process): 200M, peak: 200M
current process commit charge ("private bytes"): 265M, peak: 321M

vm_info: Java HotSpot(TM) 64-Bit Server VM (13.0.2+8) for windows-amd64 JRE (13.0.2+8), built on Dec 11 2019 09:20:33 by "mach5one" with unknown MS VC++:1916

END.
