#
# There is insufficient memory for the Java Runtime Environment to continue.
# Native memory allocation (malloc) failed to allocate 432736 bytes for Chunk::new
# Possible reasons:
#   The system is out of physical RAM or swap space
#   The process is running with CompressedOops enabled, and the Java Heap may be blocking the growth of the native heap
# Possible solutions:
#   Reduce memory load on the system
#   Increase physical memory or swap space
#   Check if swap backing store is full
#   Decrease Java heap size (-Xmx/-Xms)
#   Decrease number of Java threads
#   Decrease Java thread stack sizes (-Xss)
#   Set larger code cache with -XX:ReservedCodeCacheSize=
#   JVM is running with Unscaled Compressed Oops mode in which the Java heap is
#     placed in the first 4GB address space. The Java Heap base address is the
#     maximum limit for the native heap growth. Please use -XX:HeapBaseMinAddress
#     to set the Java Heap base and to place the Java Heap above 4GB virtual address.
# This output file may be truncated or incomplete.
#
#  Out of Memory Error (t:/workspace/open/src/hotspot/share/memory/arena.cpp:196), pid=11868, tid=13696
#
# JRE version: Java(TM) SE Runtime Environment (13.0.2+8) (build 13.0.2+8)
# Java VM: Java HotSpot(TM) 64-Bit Server VM (13.0.2+8, mixed mode, sharing, tiered, compressed oops, g1 gc, windows-amd64)
# No core dump will be written. Minidumps are not enabled by default on client versions of Windows
#

---------------  S U M M A R Y ------------

Command Line: -Dfile.encoding=Cp1252 ab.demo.GeneticAgent

Host: Intel(R) Core(TM) i5-6200U CPU @ 2.30GHz, 4 cores, 7G,  Windows 10 , 64 bit Build 19041 (10.0.19041.2913)
Time: Sun Jun  4 10:31:29 2023 Hora est. Pacífico, Sudamérica elapsed time: 31 seconds (0d 0h 0m 31s)

---------------  T H R E A D  ---------------

Current thread (0x0000026bee7db800):  JavaThread "C2 CompilerThread0" daemon [_thread_in_native, id=13696, stack(0x000000edcdd00000,0x000000edcde00000)]


Current CompileTask:
C2:  31455 1218       4       ab.vision.VisionUtils::findConnectedComponents (602 bytes)

Stack: [0x000000edcdd00000,0x000000edcde00000]
Native frames: (J=compiled Java code, j=interpreted, Vv=VM code, C=native code)
V  [jvm.dll+0x624f9a]
V  [jvm.dll+0x770cfa]
V  [jvm.dll+0x7724af]
V  [jvm.dll+0x772ab3]
V  [jvm.dll+0x24bf08]
V  [jvm.dll+0xc1e47]
V  [jvm.dll+0xc23cc]
V  [jvm.dll+0x2bdbf4]
V  [jvm.dll+0x5441fd]
V  [jvm.dll+0x20e00a]
V  [jvm.dll+0x207ace]
V  [jvm.dll+0x204d1d]
V  [jvm.dll+0x189c2c]
V  [jvm.dll+0x213e6d]
V  [jvm.dll+0x2120bb]
V  [jvm.dll+0x736bb6]
V  [jvm.dll+0x72fcaa]
V  [jvm.dll+0x623ea6]
C  [ucrtbase.dll+0x21bb2]
C  [KERNEL32.DLL+0x17614]
C  [ntdll.dll+0x526a1]


---------------  P R O C E S S  ---------------

Threads class SMR info:
_java_thread_list=0x0000026befe36570, length=17, elements={
0x0000026bcf9b9800, 0x0000026bee7b6800, 0x0000026bee7c4800, 0x0000026bee7d7800,
0x0000026bee7da800, 0x0000026bee7db800, 0x0000026bef16a000, 0x0000026bef16f800,
0x0000026bef230800, 0x0000026bef23a800, 0x0000026bef29e000, 0x0000026bef2be000,
0x0000026bef2c1000, 0x0000026bef2c1800, 0x0000026bef2c2800, 0x0000026bef232000,
0x0000026befd18800
}

Java Threads: ( => current thread )
  0x0000026bcf9b9800 JavaThread "main" [_thread_in_vm, id=9628, stack(0x000000edcd200000,0x000000edcd300000)]
  0x0000026bee7b6800 JavaThread "Reference Handler" daemon [_thread_blocked, id=18412, stack(0x000000edcd900000,0x000000edcda00000)]
  0x0000026bee7c4800 JavaThread "Finalizer" daemon [_thread_blocked, id=6260, stack(0x000000edcda00000,0x000000edcdb00000)]
  0x0000026bee7d7800 JavaThread "Signal Dispatcher" daemon [_thread_blocked, id=8176, stack(0x000000edcdb00000,0x000000edcdc00000)]
  0x0000026bee7da800 JavaThread "Attach Listener" daemon [_thread_blocked, id=17444, stack(0x000000edcdc00000,0x000000edcdd00000)]
=>0x0000026bee7db800 JavaThread "C2 CompilerThread0" daemon [_thread_in_native, id=13696, stack(0x000000edcdd00000,0x000000edcde00000)]
  0x0000026bef16a000 JavaThread "C1 CompilerThread0" daemon [_thread_blocked, id=14888, stack(0x000000edcde00000,0x000000edcdf00000)]
  0x0000026bef16f800 JavaThread "Sweeper thread" daemon [_thread_blocked, id=11112, stack(0x000000edcdf00000,0x000000edce000000)]
  0x0000026bef230800 JavaThread "Service Thread" daemon [_thread_blocked, id=18168, stack(0x000000edce000000,0x000000edce100000)]
  0x0000026bef23a800 JavaThread "Common-Cleaner" daemon [_thread_blocked, id=15124, stack(0x000000edce200000,0x000000edce300000)]
  0x0000026bef29e000 JavaThread "WebSocketWorker-12" [_thread_blocked, id=18920, stack(0x000000edce300000,0x000000edce400000)]
  0x0000026bef2be000 JavaThread "WebSocketWorker-13" [_thread_blocked, id=14500, stack(0x000000edce400000,0x000000edce500000)]
  0x0000026bef2c1000 JavaThread "WebSocketWorker-14" [_thread_blocked, id=10656, stack(0x000000edce500000,0x000000edce600000)]
  0x0000026bef2c1800 JavaThread "WebSocketWorker-15" [_thread_blocked, id=11320, stack(0x000000edce600000,0x000000edce700000)]
  0x0000026bef2c2800 JavaThread "WebsocketSelector16" [_thread_in_native, id=15496, stack(0x000000edce700000,0x000000edce800000)]
  0x0000026bef232000 JavaThread "Java2D Disposer" daemon [_thread_blocked, id=19140, stack(0x000000edce900000,0x000000edcea00000)]
  0x0000026befd18800 JavaThread "C2 CompilerThread1" daemon [_thread_in_native, id=8268, stack(0x000000edce800000,0x000000edce900000)]

Other Threads:
  0x0000026bee7b3800 VMThread "VM Thread" [stack: 0x000000edcd800000,0x000000edcd900000] [id=11360]
  0x0000026bef235800 WatcherThread [stack: 0x000000edce100000,0x000000edce200000] [id=2872]
  0x0000026bcfa00000 GCTaskThread "GC Thread#0" [stack: 0x000000edcd300000,0x000000edcd400000] [id=12100]
  0x0000026bef9e5800 GCTaskThread "GC Thread#1" [stack: 0x000000edcea00000,0x000000edceb00000] [id=13864]
  0x0000026befad8800 GCTaskThread "GC Thread#2" [stack: 0x000000edceb00000,0x000000edcec00000] [id=7152]
  0x0000026befad9800 GCTaskThread "GC Thread#3" [stack: 0x000000edcec00000,0x000000edced00000] [id=9360]
  0x0000026bcfa12800 ConcurrentGCThread "G1 Main Marker" [stack: 0x000000edcd400000,0x000000edcd500000] [id=15492]
  0x0000026bcfa13800 ConcurrentGCThread "G1 Conc#0" [stack: 0x000000edcd500000,0x000000edcd600000] [id=18972]
  0x0000026bee640800 ConcurrentGCThread "G1 Refine#0" [stack: 0x000000edcd600000,0x000000edcd700000] [id=13440]
  0x0000026bcfa8f800 ConcurrentGCThread "G1 Young RemSet Sampling" [stack: 0x000000edcd700000,0x000000edcd800000] [id=14776]

Threads with active compile tasks:
C2 CompilerThread0    31554 1218       4       ab.vision.VisionUtils::findConnectedComponents (602 bytes)
C2 CompilerThread1    31554 1258       4       java.awt.image.DirectColorModel::getsRGBComponentFromsRGB (107 bytes)

VM state:not at safepoint (normal execution)

VM Mutex/Monitor currently owned by a thread: None

Heap address: 0x0000000081800000, size: 2024 MB, Compressed Oops mode: 32-bit
Narrow klass base: 0x0000000800000000, Narrow klass shift: 3
Compressed class space size: 1073741824 Address: 0x0000000800b40000

Heap:
 garbage-first heap   total 271360K, used 135618K [0x0000000081800000, 0x0000000100000000)
  region size 1024K, 20 young (20480K), 5 survivors (5120K)
 Metaspace       used 5798K, capacity 5920K, committed 6016K, reserved 1056768K
  class space    used 536K, capacity 582K, committed 640K, reserved 1048576K
Heap Regions: E=young(eden), S=young(survivor), O=old, HS=humongous(starts), HC=humongous(continues), CS=collection set, F=free, A=archive, TAMS=top-at-mark-start (previous, next)
|   0|0x0000000081800000, 0x0000000081900000, 0x0000000081900000|100%| O|  |TAMS 0x0000000081900000, 0x0000000081800000| Untracked 
|   1|0x0000000081900000, 0x0000000081a00000, 0x0000000081a00000|100%| O|  |TAMS 0x0000000081a00000, 0x0000000081900000| Untracked 
|   2|0x0000000081a00000, 0x0000000081b00000, 0x0000000081b00000|100%| O|  |TAMS 0x0000000081b00000, 0x0000000081a00000| Untracked 
|   3|0x0000000081b00000, 0x0000000081c00000, 0x0000000081c00000|100%| O|  |TAMS 0x0000000081c00000, 0x0000000081b00000| Untracked 
|   4|0x0000000081c00000, 0x0000000081d00000, 0x0000000081d00000|100%| O|  |TAMS 0x0000000081d00000, 0x0000000081c00000| Untracked 
|   5|0x0000000081d00000, 0x0000000081e00000, 0x0000000081e00000|100%|HS|  |TAMS 0x0000000081d00000, 0x0000000081d00000| Complete 
|   6|0x0000000081e00000, 0x0000000081f00000, 0x0000000081f00000|100%|HS|  |TAMS 0x0000000081e00000, 0x0000000081e00000| Complete 
|   7|0x0000000081f00000, 0x0000000082000000, 0x0000000082000000|100%|HC|  |TAMS 0x0000000081f00000, 0x0000000081f00000| Complete 
|   8|0x0000000082000000, 0x0000000082000000, 0x0000000082100000|  0%| F|  |TAMS 0x0000000082000000, 0x0000000082000000| Untracked 
|   9|0x0000000082100000, 0x0000000082100000, 0x0000000082200000|  0%| F|  |TAMS 0x0000000082100000, 0x0000000082100000| Untracked 
|  10|0x0000000082200000, 0x0000000082200000, 0x0000000082300000|  0%| F|  |TAMS 0x0000000082200000, 0x0000000082200000| Untracked 
|  11|0x0000000082300000, 0x0000000082300000, 0x0000000082400000|  0%| F|  |TAMS 0x0000000082300000, 0x0000000082300000| Untracked 
|  12|0x0000000082400000, 0x0000000082400000, 0x0000000082500000|  0%| F|  |TAMS 0x0000000082400000, 0x0000000082400000| Untracked 
|  13|0x0000000082500000, 0x0000000082500000, 0x0000000082600000|  0%| F|  |TAMS 0x0000000082500000, 0x0000000082500000| Untracked 
|  14|0x0000000082600000, 0x0000000082600000, 0x0000000082700000|  0%| F|  |TAMS 0x0000000082600000, 0x0000000082600000| Untracked 
|  15|0x0000000082700000, 0x0000000082700000, 0x0000000082800000|  0%| F|  |TAMS 0x0000000082700000, 0x0000000082700000| Untracked 
|  16|0x0000000082800000, 0x0000000082900000, 0x0000000082900000|100%| O|  |TAMS 0x0000000082900000, 0x0000000082800000| Untracked 
|  17|0x0000000082900000, 0x0000000082a00000, 0x0000000082a00000|100%| O|  |TAMS 0x0000000082a00000, 0x0000000082900000| Untracked 
|  18|0x0000000082a00000, 0x0000000082b00000, 0x0000000082b00000|100%| O|  |TAMS 0x0000000082b00000, 0x0000000082a00000| Untracked 
|  19|0x0000000082b00000, 0x0000000082c00000, 0x0000000082c00000|100%| O|  |TAMS 0x0000000082c00000, 0x0000000082b00000| Untracked 
|  20|0x0000000082c00000, 0x0000000082d00000, 0x0000000082d00000|100%| O|  |TAMS 0x0000000082d00000, 0x0000000082c00000| Untracked 
|  21|0x0000000082d00000, 0x0000000082e00000, 0x0000000082e00000|100%| O|  |TAMS 0x0000000082e00000, 0x0000000082d00000| Untracked 
|  22|0x0000000082e00000, 0x0000000082f00000, 0x0000000082f00000|100%| O|  |TAMS 0x0000000082f00000, 0x0000000082e00000| Untracked 
|  23|0x0000000082f00000, 0x0000000082f00000, 0x0000000083000000|  0%| F|  |TAMS 0x0000000082f00000, 0x0000000082f00000| Untracked 
|  24|0x0000000083000000, 0x0000000083000000, 0x0000000083100000|  0%| F|  |TAMS 0x0000000083000000, 0x0000000083000000| Untracked 
|  25|0x0000000083100000, 0x0000000083200000, 0x0000000083200000|100%| O|  |TAMS 0x0000000083200000, 0x0000000083100000| Untracked 
|  26|0x0000000083200000, 0x0000000083300000, 0x0000000083300000|100%| O|  |TAMS 0x0000000083300000, 0x0000000083200000| Untracked 
|  27|0x0000000083300000, 0x0000000083400000, 0x0000000083400000|100%| O|  |TAMS 0x0000000083400000, 0x0000000083300000| Untracked 
|  28|0x0000000083400000, 0x0000000083500000, 0x0000000083500000|100%| O|  |TAMS 0x0000000083500000, 0x0000000083400000| Untracked 
|  29|0x0000000083500000, 0x0000000083600000, 0x0000000083600000|100%| O|  |TAMS 0x0000000083600000, 0x0000000083500000| Untracked 
|  30|0x0000000083600000, 0x0000000083700000, 0x0000000083700000|100%| O|  |TAMS 0x0000000083700000, 0x0000000083600000| Untracked 
|  31|0x0000000083700000, 0x0000000083800000, 0x0000000083800000|100%| O|  |TAMS 0x0000000083800000, 0x0000000083700000| Untracked 
|  32|0x0000000083800000, 0x0000000083900000, 0x0000000083900000|100%| O|  |TAMS 0x0000000083900000, 0x0000000083800000| Untracked 
|  33|0x0000000083900000, 0x0000000083a00000, 0x0000000083a00000|100%| O|  |TAMS 0x0000000083a00000, 0x0000000083900000| Untracked 
|  34|0x0000000083a00000, 0x0000000083b00000, 0x0000000083b00000|100%| O|  |TAMS 0x0000000083b00000, 0x0000000083a00000| Untracked 
|  35|0x0000000083b00000, 0x0000000083c00000, 0x0000000083c00000|100%| O|  |TAMS 0x0000000083c00000, 0x0000000083b00000| Untracked 
|  36|0x0000000083c00000, 0x0000000083d00000, 0x0000000083d00000|100%| O|  |TAMS 0x0000000083d00000, 0x0000000083c00000| Untracked 
|  37|0x0000000083d00000, 0x0000000083e00000, 0x0000000083e00000|100%| O|  |TAMS 0x0000000083e00000, 0x0000000083d00000| Untracked 
|  38|0x0000000083e00000, 0x0000000083f00000, 0x0000000083f00000|100%| O|  |TAMS 0x0000000083f00000, 0x0000000083e00000| Untracked 
|  39|0x0000000083f00000, 0x0000000084000000, 0x0000000084000000|100%| O|  |TAMS 0x0000000084000000, 0x0000000083f00000| Untracked 
|  40|0x0000000084000000, 0x0000000084100000, 0x0000000084100000|100%| O|  |TAMS 0x0000000084100000, 0x0000000084000000| Untracked 
|  41|0x0000000084100000, 0x0000000084200000, 0x0000000084200000|100%| O|  |TAMS 0x0000000084200000, 0x0000000084100000| Untracked 
|  42|0x0000000084200000, 0x0000000084300000, 0x0000000084300000|100%| O|  |TAMS 0x0000000084300000, 0x0000000084200000| Untracked 
|  43|0x0000000084300000, 0x0000000084400000, 0x0000000084400000|100%| O|  |TAMS 0x0000000084400000, 0x0000000084300000| Untracked 
|  44|0x0000000084400000, 0x0000000084500000, 0x0000000084500000|100%| O|  |TAMS 0x0000000084500000, 0x0000000084400000| Untracked 
|  45|0x0000000084500000, 0x0000000084600000, 0x0000000084600000|100%| O|  |TAMS 0x0000000084600000, 0x0000000084500000| Untracked 
|  46|0x0000000084600000, 0x0000000084700000, 0x0000000084700000|100%| O|  |TAMS 0x0000000084700000, 0x0000000084600000| Untracked 
|  47|0x0000000084700000, 0x0000000084800000, 0x0000000084800000|100%| O|  |TAMS 0x0000000084800000, 0x0000000084700000| Untracked 
|  48|0x0000000084800000, 0x0000000084900000, 0x0000000084900000|100%| O|  |TAMS 0x0000000084900000, 0x0000000084800000| Untracked 
|  49|0x0000000084900000, 0x0000000084a00000, 0x0000000084a00000|100%| O|  |TAMS 0x0000000084a00000, 0x0000000084900000| Untracked 
|  50|0x0000000084a00000, 0x0000000084b00000, 0x0000000084b00000|100%| O|  |TAMS 0x0000000084b00000, 0x0000000084a00000| Untracked 
|  51|0x0000000084b00000, 0x0000000084c00000, 0x0000000084c00000|100%| O|  |TAMS 0x0000000084c00000, 0x0000000084b00000| Untracked 
|  52|0x0000000084c00000, 0x0000000084d00000, 0x0000000084d00000|100%| O|  |TAMS 0x0000000084d00000, 0x0000000084c00000| Untracked 
|  53|0x0000000084d00000, 0x0000000084e00000, 0x0000000084e00000|100%| O|  |TAMS 0x0000000084e00000, 0x0000000084d00000| Untracked 
|  54|0x0000000084e00000, 0x0000000084f00000, 0x0000000084f00000|100%| O|  |TAMS 0x0000000084f00000, 0x0000000084e00000| Untracked 
|  55|0x0000000084f00000, 0x0000000085000000, 0x0000000085000000|100%| O|  |TAMS 0x0000000085000000, 0x0000000084f00000| Untracked 
|  56|0x0000000085000000, 0x0000000085100000, 0x0000000085100000|100%| O|  |TAMS 0x0000000085100000, 0x0000000085000000| Untracked 
|  57|0x0000000085100000, 0x0000000085200000, 0x0000000085200000|100%| O|  |TAMS 0x0000000085200000, 0x0000000085100000| Untracked 
|  58|0x0000000085200000, 0x0000000085300000, 0x0000000085300000|100%| O|  |TAMS 0x0000000085300000, 0x0000000085200000| Untracked 
|  59|0x0000000085300000, 0x0000000085400000, 0x0000000085400000|100%| O|  |TAMS 0x0000000085400000, 0x0000000085300000| Untracked 
|  60|0x0000000085400000, 0x0000000085500000, 0x0000000085500000|100%| O|  |TAMS 0x0000000085500000, 0x0000000085400000| Untracked 
|  61|0x0000000085500000, 0x0000000085600000, 0x0000000085600000|100%| O|  |TAMS 0x0000000085600000, 0x0000000085500000| Untracked 
|  62|0x0000000085600000, 0x0000000085700000, 0x0000000085700000|100%| O|  |TAMS 0x0000000085700000, 0x0000000085600000| Untracked 
|  63|0x0000000085700000, 0x0000000085800000, 0x0000000085800000|100%| O|  |TAMS 0x0000000085800000, 0x0000000085700000| Untracked 
|  64|0x0000000085800000, 0x0000000085900000, 0x0000000085900000|100%| O|  |TAMS 0x0000000085900000, 0x0000000085800000| Untracked 
|  65|0x0000000085900000, 0x0000000085a00000, 0x0000000085a00000|100%| O|  |TAMS 0x0000000085a00000, 0x0000000085900000| Untracked 
|  66|0x0000000085a00000, 0x0000000085b00000, 0x0000000085b00000|100%| O|  |TAMS 0x0000000085b00000, 0x0000000085a00000| Untracked 
|  67|0x0000000085b00000, 0x0000000085c00000, 0x0000000085c00000|100%| O|  |TAMS 0x0000000085c00000, 0x0000000085b00000| Untracked 
|  68|0x0000000085c00000, 0x0000000085d00000, 0x0000000085d00000|100%| O|  |TAMS 0x0000000085d00000, 0x0000000085c00000| Untracked 
|  69|0x0000000085d00000, 0x0000000085e00000, 0x0000000085e00000|100%| O|  |TAMS 0x0000000085e00000, 0x0000000085d00000| Untracked 
|  70|0x0000000085e00000, 0x0000000085f00000, 0x0000000085f00000|100%| O|  |TAMS 0x0000000085f00000, 0x0000000085e00000| Untracked 
|  71|0x0000000085f00000, 0x0000000086000000, 0x0000000086000000|100%| O|  |TAMS 0x0000000086000000, 0x0000000085f00000| Untracked 
|  72|0x0000000086000000, 0x0000000086100000, 0x0000000086100000|100%| O|  |TAMS 0x0000000086100000, 0x0000000086000000| Untracked 
|  73|0x0000000086100000, 0x0000000086200000, 0x0000000086200000|100%| O|  |TAMS 0x0000000086200000, 0x0000000086100000| Untracked 
|  74|0x0000000086200000, 0x0000000086300000, 0x0000000086300000|100%| O|  |TAMS 0x0000000086300000, 0x0000000086200000| Untracked 
|  75|0x0000000086300000, 0x0000000086400000, 0x0000000086400000|100%| O|  |TAMS 0x0000000086400000, 0x0000000086300000| Untracked 
|  76|0x0000000086400000, 0x0000000086500000, 0x0000000086500000|100%| O|  |TAMS 0x0000000086500000, 0x0000000086400000| Untracked 
|  77|0x0000000086500000, 0x0000000086600000, 0x0000000086600000|100%| O|  |TAMS 0x0000000086600000, 0x0000000086500000| Untracked 
|  78|0x0000000086600000, 0x0000000086700000, 0x0000000086700000|100%| O|  |TAMS 0x0000000086700000, 0x0000000086600000| Untracked 
|  79|0x0000000086700000, 0x0000000086800000, 0x0000000086800000|100%| O|  |TAMS 0x0000000086800000, 0x0000000086700000| Untracked 
|  80|0x0000000086800000, 0x0000000086900000, 0x0000000086900000|100%| O|  |TAMS 0x0000000086900000, 0x0000000086800000| Untracked 
|  81|0x0000000086900000, 0x0000000086a00000, 0x0000000086a00000|100%| O|  |TAMS 0x0000000086a00000, 0x0000000086900000| Untracked 
|  82|0x0000000086a00000, 0x0000000086b00000, 0x0000000086b00000|100%| O|  |TAMS 0x0000000086b00000, 0x0000000086a00000| Untracked 
|  83|0x0000000086b00000, 0x0000000086c00000, 0x0000000086c00000|100%| O|  |TAMS 0x0000000086c00000, 0x0000000086b00000| Untracked 
|  84|0x0000000086c00000, 0x0000000086d00000, 0x0000000086d00000|100%| O|  |TAMS 0x0000000086d00000, 0x0000000086c00000| Untracked 
|  85|0x0000000086d00000, 0x0000000086e00000, 0x0000000086e00000|100%| O|  |TAMS 0x0000000086e00000, 0x0000000086d00000| Untracked 
|  86|0x0000000086e00000, 0x0000000086f00000, 0x0000000086f00000|100%| O|  |TAMS 0x0000000086f00000, 0x0000000086e00000| Untracked 
|  87|0x0000000086f00000, 0x0000000087000000, 0x0000000087000000|100%| O|  |TAMS 0x0000000087000000, 0x0000000086f00000| Untracked 
|  88|0x0000000087000000, 0x0000000087100000, 0x0000000087100000|100%| O|  |TAMS 0x0000000087100000, 0x0000000087000000| Untracked 
|  89|0x0000000087100000, 0x0000000087200000, 0x0000000087200000|100%| O|  |TAMS 0x0000000087200000, 0x0000000087100000| Untracked 
|  90|0x0000000087200000, 0x0000000087300000, 0x0000000087300000|100%| O|  |TAMS 0x0000000087300000, 0x0000000087200000| Untracked 
|  91|0x0000000087300000, 0x0000000087400000, 0x0000000087400000|100%| O|  |TAMS 0x0000000087400000, 0x0000000087300000| Untracked 
|  92|0x0000000087400000, 0x0000000087500000, 0x0000000087500000|100%| O|  |TAMS 0x0000000087500000, 0x0000000087400000| Untracked 
|  93|0x0000000087500000, 0x0000000087600000, 0x0000000087600000|100%| O|  |TAMS 0x0000000087600000, 0x0000000087500000| Untracked 
|  94|0x0000000087600000, 0x0000000087700000, 0x0000000087700000|100%| O|  |TAMS 0x0000000087700000, 0x0000000087600000| Untracked 
|  95|0x0000000087700000, 0x0000000087800000, 0x0000000087800000|100%| O|  |TAMS 0x0000000087800000, 0x0000000087700000| Untracked 
|  96|0x0000000087800000, 0x0000000087900000, 0x0000000087900000|100%| O|  |TAMS 0x0000000087900000, 0x0000000087800000| Untracked 
|  97|0x0000000087900000, 0x0000000087a00000, 0x0000000087a00000|100%| O|  |TAMS 0x0000000087a00000, 0x0000000087900000| Untracked 
|  98|0x0000000087a00000, 0x0000000087b00000, 0x0000000087b00000|100%| O|  |TAMS 0x0000000087b00000, 0x0000000087a00000| Untracked 
|  99|0x0000000087b00000, 0x0000000087c00000, 0x0000000087c00000|100%| O|  |TAMS 0x0000000087c00000, 0x0000000087b00000| Untracked 
| 100|0x0000000087c00000, 0x0000000087d00000, 0x0000000087d00000|100%| O|  |TAMS 0x0000000087d00000, 0x0000000087c00000| Untracked 
| 101|0x0000000087d00000, 0x0000000087e00000, 0x0000000087e00000|100%| O|  |TAMS 0x0000000087e00000, 0x0000000087d00000| Untracked 
| 102|0x0000000087e00000, 0x0000000087f00000, 0x0000000087f00000|100%| O|  |TAMS 0x0000000087f00000, 0x0000000087e00000| Untracked 
| 103|0x0000000087f00000, 0x0000000088000000, 0x0000000088000000|100%| O|  |TAMS 0x0000000088000000, 0x0000000087f00000| Untracked 
| 104|0x0000000088000000, 0x0000000088100000, 0x0000000088100000|100%| O|  |TAMS 0x0000000088100000, 0x0000000088000000| Untracked 
| 105|0x0000000088100000, 0x0000000088200000, 0x0000000088200000|100%| O|  |TAMS 0x0000000088200000, 0x0000000088100000| Untracked 
| 106|0x0000000088200000, 0x0000000088300000, 0x0000000088300000|100%| O|  |TAMS 0x0000000088300000, 0x0000000088200000| Untracked 
| 107|0x0000000088300000, 0x0000000088400000, 0x0000000088400000|100%| O|  |TAMS 0x0000000088400000, 0x0000000088300000| Untracked 
| 108|0x0000000088400000, 0x0000000088500000, 0x0000000088500000|100%| O|  |TAMS 0x0000000088500000, 0x0000000088400000| Untracked 
| 109|0x0000000088500000, 0x0000000088600000, 0x0000000088600000|100%| O|  |TAMS 0x0000000088600000, 0x0000000088500000| Untracked 
| 110|0x0000000088600000, 0x0000000088700000, 0x0000000088700000|100%| O|  |TAMS 0x0000000088700000, 0x0000000088600000| Untracked 
| 111|0x0000000088700000, 0x0000000088800000, 0x0000000088800000|100%| O|  |TAMS 0x0000000088800000, 0x0000000088700000| Untracked 
| 112|0x0000000088800000, 0x0000000088900000, 0x0000000088900000|100%| O|  |TAMS 0x0000000088900000, 0x0000000088800000| Untracked 
| 113|0x0000000088900000, 0x0000000088a00000, 0x0000000088a00000|100%| O|  |TAMS 0x0000000088a00000, 0x0000000088900000| Untracked 
| 114|0x0000000088a00000, 0x0000000088b00000, 0x0000000088b00000|100%| O|  |TAMS 0x0000000088b00000, 0x0000000088a00000| Untracked 
| 115|0x0000000088b00000, 0x0000000088c00000, 0x0000000088c00000|100%| O|  |TAMS 0x0000000088c00000, 0x0000000088b00000| Untracked 
| 116|0x0000000088c00000, 0x0000000088d00000, 0x0000000088d00000|100%| O|  |TAMS 0x0000000088d00000, 0x0000000088c00000| Untracked 
| 117|0x0000000088d00000, 0x0000000088e00000, 0x0000000088e00000|100%| O|  |TAMS 0x0000000088e00000, 0x0000000088d00000| Untracked 
| 118|0x0000000088e00000, 0x0000000088f00000, 0x0000000088f00000|100%| O|  |TAMS 0x0000000088f00000, 0x0000000088e00000| Untracked 
| 119|0x0000000088f00000, 0x0000000088fd1a00, 0x0000000089000000| 81%| O|  |TAMS 0x0000000088fd1a00, 0x0000000088f00000| Untracked 
| 120|0x0000000089000000, 0x0000000089100000, 0x0000000089100000|100%|HS|  |TAMS 0x0000000089000000, 0x0000000089000000| Complete 
| 121|0x0000000089100000, 0x0000000089200000, 0x0000000089200000|100%|HS|  |TAMS 0x0000000089200000, 0x0000000089100000| Complete 
| 122|0x0000000089200000, 0x0000000089300000, 0x0000000089300000|100%|HC|  |TAMS 0x0000000089300000, 0x0000000089200000| Complete 
| 123|0x0000000089300000, 0x0000000089400000, 0x0000000089400000|100%|HS|  |TAMS 0x0000000089300000, 0x0000000089300000| Complete 
| 124|0x0000000089400000, 0x0000000089500000, 0x0000000089500000|100%|HC|  |TAMS 0x0000000089400000, 0x0000000089400000| Complete 
| 125|0x0000000089500000, 0x0000000089500000, 0x0000000089600000|  0%| F|  |TAMS 0x0000000089500000, 0x0000000089500000| Untracked 
| 126|0x0000000089600000, 0x0000000089600000, 0x0000000089700000|  0%| F|  |TAMS 0x0000000089600000, 0x0000000089600000| Untracked 
| 127|0x0000000089700000, 0x0000000089700000, 0x0000000089800000|  0%| F|  |TAMS 0x0000000089700000, 0x0000000089700000| Untracked 
| 128|0x0000000089800000, 0x0000000089800000, 0x0000000089900000|  0%| F|  |TAMS 0x0000000089800000, 0x0000000089800000| Untracked 
| 129|0x0000000089900000, 0x0000000089900000, 0x0000000089a00000|  0%| F|  |TAMS 0x0000000089900000, 0x0000000089900000| Untracked 
| 130|0x0000000089a00000, 0x0000000089a00000, 0x0000000089b00000|  0%| F|  |TAMS 0x0000000089a00000, 0x0000000089a00000| Untracked 
| 131|0x0000000089b00000, 0x0000000089b00000, 0x0000000089c00000|  0%| F|  |TAMS 0x0000000089b00000, 0x0000000089b00000| Untracked 
| 132|0x0000000089c00000, 0x0000000089c00000, 0x0000000089d00000|  0%| F|  |TAMS 0x0000000089c00000, 0x0000000089c00000| Untracked 
| 133|0x0000000089d00000, 0x0000000089d00000, 0x0000000089e00000|  0%| F|  |TAMS 0x0000000089d00000, 0x0000000089d00000| Untracked 
| 134|0x0000000089e00000, 0x0000000089e00000, 0x0000000089f00000|  0%| F|  |TAMS 0x0000000089e00000, 0x0000000089e00000| Untracked 
| 135|0x0000000089f00000, 0x0000000089f00000, 0x000000008a000000|  0%| F|  |TAMS 0x0000000089f00000, 0x0000000089f00000| Untracked 
| 136|0x000000008a000000, 0x000000008a000000, 0x000000008a100000|  0%| F|  |TAMS 0x000000008a000000, 0x000000008a000000| Untracked 
| 137|0x000000008a100000, 0x000000008a100000, 0x000000008a200000|  0%| F|  |TAMS 0x000000008a100000, 0x000000008a100000| Untracked 
| 138|0x000000008a200000, 0x000000008a200000, 0x000000008a300000|  0%| F|  |TAMS 0x000000008a200000, 0x000000008a200000| Untracked 
| 139|0x000000008a300000, 0x000000008a300000, 0x000000008a400000|  0%| F|  |TAMS 0x000000008a300000, 0x000000008a300000| Untracked 
| 140|0x000000008a400000, 0x000000008a400000, 0x000000008a500000|  0%| F|  |TAMS 0x000000008a400000, 0x000000008a400000| Untracked 
| 141|0x000000008a500000, 0x000000008a500000, 0x000000008a600000|  0%| F|  |TAMS 0x000000008a500000, 0x000000008a500000| Untracked 
| 142|0x000000008a600000, 0x000000008a600000, 0x000000008a700000|  0%| F|  |TAMS 0x000000008a600000, 0x000000008a600000| Untracked 
| 143|0x000000008a700000, 0x000000008a700000, 0x000000008a800000|  0%| F|  |TAMS 0x000000008a700000, 0x000000008a700000| Untracked 
| 144|0x000000008a800000, 0x000000008a800000, 0x000000008a900000|  0%| F|  |TAMS 0x000000008a800000, 0x000000008a800000| Untracked 
| 145|0x000000008a900000, 0x000000008a900000, 0x000000008aa00000|  0%| F|  |TAMS 0x000000008a900000, 0x000000008a900000| Untracked 
| 146|0x000000008aa00000, 0x000000008aa00000, 0x000000008ab00000|  0%| F|  |TAMS 0x000000008aa00000, 0x000000008aa00000| Untracked 
| 147|0x000000008ab00000, 0x000000008ab00000, 0x000000008ac00000|  0%| F|  |TAMS 0x000000008ab00000, 0x000000008ab00000| Untracked 
| 148|0x000000008ac00000, 0x000000008ac00000, 0x000000008ad00000|  0%| F|  |TAMS 0x000000008ac00000, 0x000000008ac00000| Untracked 
| 149|0x000000008ad00000, 0x000000008ad00000, 0x000000008ae00000|  0%| F|  |TAMS 0x000000008ad00000, 0x000000008ad00000| Untracked 
| 150|0x000000008ae00000, 0x000000008ae00000, 0x000000008af00000|  0%| F|  |TAMS 0x000000008ae00000, 0x000000008ae00000| Untracked 
| 151|0x000000008af00000, 0x000000008af00000, 0x000000008b000000|  0%| F|  |TAMS 0x000000008af00000, 0x000000008af00000| Untracked 
| 152|0x000000008b000000, 0x000000008b000000, 0x000000008b100000|  0%| F|  |TAMS 0x000000008b000000, 0x000000008b000000| Untracked 
| 153|0x000000008b100000, 0x000000008b100000, 0x000000008b200000|  0%| F|  |TAMS 0x000000008b100000, 0x000000008b100000| Untracked 
| 154|0x000000008b200000, 0x000000008b200000, 0x000000008b300000|  0%| F|  |TAMS 0x000000008b200000, 0x000000008b200000| Untracked 
| 155|0x000000008b300000, 0x000000008b300000, 0x000000008b400000|  0%| F|  |TAMS 0x000000008b300000, 0x000000008b300000| Untracked 
| 156|0x000000008b400000, 0x000000008b400000, 0x000000008b500000|  0%| F|  |TAMS 0x000000008b400000, 0x000000008b400000| Untracked 
| 157|0x000000008b500000, 0x000000008b500000, 0x000000008b600000|  0%| F|  |TAMS 0x000000008b500000, 0x000000008b500000| Untracked 
| 158|0x000000008b600000, 0x000000008b600000, 0x000000008b700000|  0%| F|  |TAMS 0x000000008b600000, 0x000000008b600000| Untracked 
| 159|0x000000008b700000, 0x000000008b700000, 0x000000008b800000|  0%| F|  |TAMS 0x000000008b700000, 0x000000008b700000| Untracked 
| 160|0x000000008b800000, 0x000000008b800000, 0x000000008b900000|  0%| F|  |TAMS 0x000000008b800000, 0x000000008b800000| Untracked 
| 161|0x000000008b900000, 0x000000008b900000, 0x000000008ba00000|  0%| F|  |TAMS 0x000000008b900000, 0x000000008b900000| Untracked 
| 162|0x000000008ba00000, 0x000000008ba00000, 0x000000008bb00000|  0%| F|  |TAMS 0x000000008ba00000, 0x000000008ba00000| Untracked 
| 163|0x000000008bb00000, 0x000000008bb00000, 0x000000008bc00000|  0%| F|  |TAMS 0x000000008bb00000, 0x000000008bb00000| Untracked 
| 164|0x000000008bc00000, 0x000000008bc00000, 0x000000008bd00000|  0%| F|  |TAMS 0x000000008bc00000, 0x000000008bc00000| Untracked 
| 165|0x000000008bd00000, 0x000000008bd00000, 0x000000008be00000|  0%| F|  |TAMS 0x000000008bd00000, 0x000000008bd00000| Untracked 
| 166|0x000000008be00000, 0x000000008be00000, 0x000000008bf00000|  0%| F|  |TAMS 0x000000008be00000, 0x000000008be00000| Untracked 
| 167|0x000000008bf00000, 0x000000008bf00000, 0x000000008c000000|  0%| F|  |TAMS 0x000000008bf00000, 0x000000008bf00000| Untracked 
| 168|0x000000008c000000, 0x000000008c000000, 0x000000008c100000|  0%| F|  |TAMS 0x000000008c000000, 0x000000008c000000| Untracked 
| 169|0x000000008c100000, 0x000000008c100000, 0x000000008c200000|  0%| F|  |TAMS 0x000000008c100000, 0x000000008c100000| Untracked 
| 170|0x000000008c200000, 0x000000008c200000, 0x000000008c300000|  0%| F|  |TAMS 0x000000008c200000, 0x000000008c200000| Untracked 
| 171|0x000000008c300000, 0x000000008c300000, 0x000000008c400000|  0%| F|  |TAMS 0x000000008c300000, 0x000000008c300000| Untracked 
| 172|0x000000008c400000, 0x000000008c400000, 0x000000008c500000|  0%| F|  |TAMS 0x000000008c400000, 0x000000008c400000| Untracked 
| 173|0x000000008c500000, 0x000000008c500000, 0x000000008c600000|  0%| F|  |TAMS 0x000000008c500000, 0x000000008c500000| Untracked 
| 174|0x000000008c600000, 0x000000008c600000, 0x000000008c700000|  0%| F|  |TAMS 0x000000008c600000, 0x000000008c600000| Untracked 
| 175|0x000000008c700000, 0x000000008c700000, 0x000000008c800000|  0%| F|  |TAMS 0x000000008c700000, 0x000000008c700000| Untracked 
| 176|0x000000008c800000, 0x000000008c800000, 0x000000008c900000|  0%| F|  |TAMS 0x000000008c800000, 0x000000008c800000| Untracked 
| 177|0x000000008c900000, 0x000000008c900000, 0x000000008ca00000|  0%| F|  |TAMS 0x000000008c900000, 0x000000008c900000| Untracked 
| 178|0x000000008ca00000, 0x000000008ca00000, 0x000000008cb00000|  0%| F|  |TAMS 0x000000008ca00000, 0x000000008ca00000| Untracked 
| 179|0x000000008cb00000, 0x000000008cb00000, 0x000000008cc00000|  0%| F|  |TAMS 0x000000008cb00000, 0x000000008cb00000| Untracked 
| 180|0x000000008cc00000, 0x000000008cc00000, 0x000000008cd00000|  0%| F|  |TAMS 0x000000008cc00000, 0x000000008cc00000| Untracked 
| 181|0x000000008cd00000, 0x000000008cd00000, 0x000000008ce00000|  0%| F|  |TAMS 0x000000008cd00000, 0x000000008cd00000| Untracked 
| 182|0x000000008ce00000, 0x000000008ce00000, 0x000000008cf00000|  0%| F|  |TAMS 0x000000008ce00000, 0x000000008ce00000| Untracked 
| 183|0x000000008cf00000, 0x000000008cf00000, 0x000000008d000000|  0%| F|  |TAMS 0x000000008cf00000, 0x000000008cf00000| Untracked 
| 184|0x000000008d000000, 0x000000008d000000, 0x000000008d100000|  0%| F|  |TAMS 0x000000008d000000, 0x000000008d000000| Untracked 
| 185|0x000000008d100000, 0x000000008d100000, 0x000000008d200000|  0%| F|  |TAMS 0x000000008d100000, 0x000000008d100000| Untracked 
| 186|0x000000008d200000, 0x000000008d200000, 0x000000008d300000|  0%| F|  |TAMS 0x000000008d200000, 0x000000008d200000| Untracked 
| 187|0x000000008d300000, 0x000000008d300000, 0x000000008d400000|  0%| F|  |TAMS 0x000000008d300000, 0x000000008d300000| Untracked 
| 188|0x000000008d400000, 0x000000008d400000, 0x000000008d500000|  0%| F|  |TAMS 0x000000008d400000, 0x000000008d400000| Untracked 
| 189|0x000000008d500000, 0x000000008d500000, 0x000000008d600000|  0%| F|  |TAMS 0x000000008d500000, 0x000000008d500000| Untracked 
| 190|0x000000008d600000, 0x000000008d600000, 0x000000008d700000|  0%| F|  |TAMS 0x000000008d600000, 0x000000008d600000| Untracked 
| 191|0x000000008d700000, 0x000000008d700000, 0x000000008d800000|  0%| F|  |TAMS 0x000000008d700000, 0x000000008d700000| Untracked 
| 192|0x000000008d800000, 0x000000008d800000, 0x000000008d900000|  0%| F|  |TAMS 0x000000008d800000, 0x000000008d800000| Untracked 
| 193|0x000000008d900000, 0x000000008d900000, 0x000000008da00000|  0%| F|  |TAMS 0x000000008d900000, 0x000000008d900000| Untracked 
| 194|0x000000008da00000, 0x000000008da00000, 0x000000008db00000|  0%| F|  |TAMS 0x000000008da00000, 0x000000008da00000| Untracked 
| 195|0x000000008db00000, 0x000000008db00000, 0x000000008dc00000|  0%| F|  |TAMS 0x000000008db00000, 0x000000008db00000| Untracked 
| 196|0x000000008dc00000, 0x000000008dc00000, 0x000000008dd00000|  0%| F|  |TAMS 0x000000008dc00000, 0x000000008dc00000| Untracked 
| 197|0x000000008dd00000, 0x000000008dd00000, 0x000000008de00000|  0%| F|  |TAMS 0x000000008dd00000, 0x000000008dd00000| Untracked 
| 198|0x000000008de00000, 0x000000008de00000, 0x000000008df00000|  0%| F|  |TAMS 0x000000008de00000, 0x000000008de00000| Untracked 
| 199|0x000000008df00000, 0x000000008df00000, 0x000000008e000000|  0%| F|  |TAMS 0x000000008df00000, 0x000000008df00000| Untracked 
| 200|0x000000008e000000, 0x000000008e000000, 0x000000008e100000|  0%| F|  |TAMS 0x000000008e000000, 0x000000008e000000| Untracked 
| 201|0x000000008e100000, 0x000000008e100000, 0x000000008e200000|  0%| F|  |TAMS 0x000000008e100000, 0x000000008e100000| Untracked 
| 202|0x000000008e200000, 0x000000008e200000, 0x000000008e300000|  0%| F|  |TAMS 0x000000008e200000, 0x000000008e200000| Untracked 
| 203|0x000000008e300000, 0x000000008e300000, 0x000000008e400000|  0%| F|  |TAMS 0x000000008e300000, 0x000000008e300000| Untracked 
| 204|0x000000008e400000, 0x000000008e400000, 0x000000008e500000|  0%| F|  |TAMS 0x000000008e400000, 0x000000008e400000| Untracked 
| 205|0x000000008e500000, 0x000000008e500000, 0x000000008e600000|  0%| F|  |TAMS 0x000000008e500000, 0x000000008e500000| Untracked 
| 206|0x000000008e600000, 0x000000008e600000, 0x000000008e700000|  0%| F|  |TAMS 0x000000008e600000, 0x000000008e600000| Untracked 
| 207|0x000000008e700000, 0x000000008e700000, 0x000000008e800000|  0%| F|  |TAMS 0x000000008e700000, 0x000000008e700000| Untracked 
| 208|0x000000008e800000, 0x000000008e800000, 0x000000008e900000|  0%| F|  |TAMS 0x000000008e800000, 0x000000008e800000| Untracked 
| 209|0x000000008e900000, 0x000000008e900000, 0x000000008ea00000|  0%| F|  |TAMS 0x000000008e900000, 0x000000008e900000| Untracked 
| 210|0x000000008ea00000, 0x000000008ea00000, 0x000000008eb00000|  0%| F|  |TAMS 0x000000008ea00000, 0x000000008ea00000| Untracked 
| 211|0x000000008eb00000, 0x000000008eb00000, 0x000000008ec00000|  0%| F|  |TAMS 0x000000008eb00000, 0x000000008eb00000| Untracked 
| 212|0x000000008ec00000, 0x000000008ec00000, 0x000000008ed00000|  0%| F|  |TAMS 0x000000008ec00000, 0x000000008ec00000| Untracked 
| 213|0x000000008ed00000, 0x000000008ed00000, 0x000000008ee00000|  0%| F|  |TAMS 0x000000008ed00000, 0x000000008ed00000| Untracked 
| 214|0x000000008ee00000, 0x000000008ee00000, 0x000000008ef00000|  0%| F|  |TAMS 0x000000008ee00000, 0x000000008ee00000| Untracked 
| 215|0x000000008ef00000, 0x000000008ef00000, 0x000000008f000000|  0%| F|  |TAMS 0x000000008ef00000, 0x000000008ef00000| Untracked 
| 216|0x000000008f000000, 0x000000008f000000, 0x000000008f100000|  0%| F|  |TAMS 0x000000008f000000, 0x000000008f000000| Untracked 
| 217|0x000000008f100000, 0x000000008f100000, 0x000000008f200000|  0%| F|  |TAMS 0x000000008f100000, 0x000000008f100000| Untracked 
| 218|0x000000008f200000, 0x000000008f200000, 0x000000008f300000|  0%| F|  |TAMS 0x000000008f200000, 0x000000008f200000| Untracked 
| 219|0x000000008f300000, 0x000000008f300000, 0x000000008f400000|  0%| F|  |TAMS 0x000000008f300000, 0x000000008f300000| Untracked 
| 220|0x000000008f400000, 0x000000008f400000, 0x000000008f500000|  0%| F|  |TAMS 0x000000008f400000, 0x000000008f400000| Untracked 
| 221|0x000000008f500000, 0x000000008f500000, 0x000000008f600000|  0%| F|  |TAMS 0x000000008f500000, 0x000000008f500000| Untracked 
| 222|0x000000008f600000, 0x000000008f600000, 0x000000008f700000|  0%| F|  |TAMS 0x000000008f600000, 0x000000008f600000| Untracked 
| 223|0x000000008f700000, 0x000000008f700000, 0x000000008f800000|  0%| F|  |TAMS 0x000000008f700000, 0x000000008f700000| Untracked 
| 224|0x000000008f800000, 0x000000008f800000, 0x000000008f900000|  0%| F|  |TAMS 0x000000008f800000, 0x000000008f800000| Untracked 
| 225|0x000000008f900000, 0x000000008f900000, 0x000000008fa00000|  0%| F|  |TAMS 0x000000008f900000, 0x000000008f900000| Untracked 
| 226|0x000000008fa00000, 0x000000008fa00000, 0x000000008fb00000|  0%| F|  |TAMS 0x000000008fa00000, 0x000000008fa00000| Untracked 
| 227|0x000000008fb00000, 0x000000008fb00000, 0x000000008fc00000|  0%| F|  |TAMS 0x000000008fb00000, 0x000000008fb00000| Untracked 
| 228|0x000000008fc00000, 0x000000008fc00000, 0x000000008fd00000|  0%| F|  |TAMS 0x000000008fc00000, 0x000000008fc00000| Untracked 
| 229|0x000000008fd00000, 0x000000008fd00000, 0x000000008fe00000|  0%| F|  |TAMS 0x000000008fd00000, 0x000000008fd00000| Untracked 
| 230|0x000000008fe00000, 0x000000008fe00000, 0x000000008ff00000|  0%| F|  |TAMS 0x000000008fe00000, 0x000000008fe00000| Untracked 
| 231|0x000000008ff00000, 0x000000008ff00000, 0x0000000090000000|  0%| F|  |TAMS 0x000000008ff00000, 0x000000008ff00000| Untracked 
| 232|0x0000000090000000, 0x0000000090000000, 0x0000000090100000|  0%| F|  |TAMS 0x0000000090000000, 0x0000000090000000| Untracked 
| 233|0x0000000090100000, 0x0000000090100000, 0x0000000090200000|  0%| F|  |TAMS 0x0000000090100000, 0x0000000090100000| Untracked 
| 234|0x0000000090200000, 0x0000000090200000, 0x0000000090300000|  0%| F|  |TAMS 0x0000000090200000, 0x0000000090200000| Untracked 
| 235|0x0000000090300000, 0x0000000090300000, 0x0000000090400000|  0%| F|  |TAMS 0x0000000090300000, 0x0000000090300000| Untracked 
| 236|0x0000000090400000, 0x0000000090400000, 0x0000000090500000|  0%| F|  |TAMS 0x0000000090400000, 0x0000000090400000| Untracked 
| 237|0x0000000090500000, 0x0000000090500000, 0x0000000090600000|  0%| F|  |TAMS 0x0000000090500000, 0x0000000090500000| Untracked 
| 238|0x0000000090600000, 0x0000000090600000, 0x0000000090700000|  0%| F|  |TAMS 0x0000000090600000, 0x0000000090600000| Untracked 
| 239|0x0000000090700000, 0x0000000090700000, 0x0000000090800000|  0%| F|  |TAMS 0x0000000090700000, 0x0000000090700000| Untracked 
| 240|0x0000000090800000, 0x0000000090800000, 0x0000000090900000|  0%| F|  |TAMS 0x0000000090800000, 0x0000000090800000| Untracked 
| 241|0x0000000090900000, 0x0000000090900000, 0x0000000090a00000|  0%| F|  |TAMS 0x0000000090900000, 0x0000000090900000| Untracked 
| 242|0x0000000090a00000, 0x0000000090a00000, 0x0000000090b00000|  0%| F|  |TAMS 0x0000000090a00000, 0x0000000090a00000| Untracked 
| 243|0x0000000090b00000, 0x0000000090b00000, 0x0000000090c00000|  0%| F|  |TAMS 0x0000000090b00000, 0x0000000090b00000| Untracked 
| 244|0x0000000090c00000, 0x0000000090c00000, 0x0000000090d00000|  0%| F|  |TAMS 0x0000000090c00000, 0x0000000090c00000| Untracked 
| 245|0x0000000090d00000, 0x0000000090e00000, 0x0000000090e00000|100%| E|  |TAMS 0x0000000090d00000, 0x0000000090d00000| Complete 
| 246|0x0000000090e00000, 0x0000000090f00000, 0x0000000090f00000|100%| E|CS|TAMS 0x0000000090e00000, 0x0000000090e00000| Complete 
| 247|0x0000000090f00000, 0x0000000091000000, 0x0000000091000000|100%| E|CS|TAMS 0x0000000090f00000, 0x0000000090f00000| Complete 
| 248|0x0000000091000000, 0x0000000091100000, 0x0000000091100000|100%| E|CS|TAMS 0x0000000091000000, 0x0000000091000000| Complete 
| 249|0x0000000091100000, 0x0000000091200000, 0x0000000091200000|100%| E|CS|TAMS 0x0000000091100000, 0x0000000091100000| Complete 
| 250|0x0000000091200000, 0x0000000091300000, 0x0000000091300000|100%| E|CS|TAMS 0x0000000091200000, 0x0000000091200000| Complete 
| 251|0x0000000091300000, 0x0000000091400000, 0x0000000091400000|100%| E|  |TAMS 0x0000000091300000, 0x0000000091300000| Complete 
| 252|0x0000000091400000, 0x0000000091500000, 0x0000000091500000|100%| E|CS|TAMS 0x0000000091400000, 0x0000000091400000| Complete 
| 253|0x0000000091500000, 0x0000000091600000, 0x0000000091600000|100%| E|CS|TAMS 0x0000000091500000, 0x0000000091500000| Complete 
| 254|0x0000000091600000, 0x0000000091700000, 0x0000000091700000|100%| E|CS|TAMS 0x0000000091600000, 0x0000000091600000| Complete 
| 255|0x0000000091700000, 0x0000000091800000, 0x0000000091800000|100%| E|CS|TAMS 0x0000000091700000, 0x0000000091700000| Complete 
| 256|0x0000000091800000, 0x000000009189f130, 0x0000000091900000| 62%| S|CS|TAMS 0x0000000091800000, 0x0000000091800000| Complete 
| 257|0x0000000091900000, 0x0000000091a00000, 0x0000000091a00000|100%| S|CS|TAMS 0x0000000091900000, 0x0000000091900000| Complete 
| 258|0x0000000091a00000, 0x0000000091b00000, 0x0000000091b00000|100%| S|CS|TAMS 0x0000000091a00000, 0x0000000091a00000| Complete 
| 259|0x0000000091b00000, 0x0000000091c00000, 0x0000000091c00000|100%| S|CS|TAMS 0x0000000091b00000, 0x0000000091b00000| Complete 
| 260|0x0000000091c00000, 0x0000000091d00000, 0x0000000091d00000|100%| S|CS|TAMS 0x0000000091c00000, 0x0000000091c00000| Complete 
| 261|0x0000000091d00000, 0x0000000091e00000, 0x0000000091e00000|100%| E|CS|TAMS 0x0000000091d00000, 0x0000000091d00000| Complete 
| 262|0x0000000091e00000, 0x0000000091f00000, 0x0000000091f00000|100%| E|CS|TAMS 0x0000000091e00000, 0x0000000091e00000| Complete 
| 263|0x0000000091f00000, 0x0000000092000000, 0x0000000092000000|100%| E|CS|TAMS 0x0000000091f00000, 0x0000000091f00000| Complete 
| 264|0x0000000092000000, 0x0000000092100000, 0x0000000092100000|100%| E|CS|TAMS 0x0000000092000000, 0x0000000092000000| Complete 

Card table byte_map: [0x0000026be7a60000,0x0000026be7e60000] _byte_map_base: 0x0000026be7654000

Marking Bits (Prev, Next): (CMBitMap*) 0x0000026bcfa00be8, (CMBitMap*) 0x0000026bcfa00c28
 Prev Bits: [0x0000026be8260000, 0x0000026bea200000)
 Next Bits: [0x0000026bea200000, 0x0000026bec1a0000)

Polling page: 0x0000026bce1a0000

Metaspace:

Usage:
  Non-class:      5.21 MB capacity,     5.14 MB ( 99%) used,    64.26 KB (  1%) free+waste,     6.63 KB ( <1%) overhead. 
      Class:    582.00 KB capacity,   536.86 KB ( 92%) used,    40.95 KB (  7%) free+waste,     4.19 KB ( <1%) overhead. 
       Both:      5.78 MB capacity,     5.67 MB ( 98%) used,   105.21 KB (  2%) free+waste,    10.81 KB ( <1%) overhead. 

Virtual space:
  Non-class space:        8.00 MB reserved,       5.25 MB ( 66%) committed 
      Class space:        1.00 GB reserved,     640.00 KB ( <1%) committed 
             Both:        1.01 GB reserved,       5.88 MB ( <1%) committed 

Chunk freelists:
   Non-Class:  38.00 KB
       Class:  26.00 KB
        Both:  64.00 KB

MaxMetaspaceSize: 17179869184.00 GB
CompressedClassSpaceSize: 1.00 GB

CodeHeap 'non-profiled nmethods': size=120000Kb used=752Kb max_used=752Kb free=119247Kb
 bounds [0x0000026bdf9a0000, 0x0000026bdfc10000, 0x0000026be6ed0000]
CodeHeap 'profiled nmethods': size=120000Kb used=2147Kb max_used=2392Kb free=117852Kb
 bounds [0x0000026bd8470000, 0x0000026bd86e0000, 0x0000026bdf9a0000]
CodeHeap 'non-nmethods': size=5760Kb used=1236Kb max_used=1251Kb free=4523Kb
 bounds [0x0000026bd7ed0000, 0x0000026bd8140000, 0x0000026bd8470000]
 total_blobs=2458 nmethods=1146 adapters=417
 compilation: enabled
              stopped_count=0, restarted_count=0
 full_count=0

Compilation events (20 events):
Event: 31.269 Thread 0x0000026bee7db800 nmethod 1209 0x0000026bdfa2c510 code [0x0000026bdfa2c6a0, 0x0000026bdfa2c758]
Event: 31.272 Thread 0x0000026bee7db800 1210 %     4       com.sun.imageio.plugins.png.PNGImageReader::decodeAverageFilter @ 58 (128 bytes)
Event: 31.304 Thread 0x0000026bee7db800 nmethod 1210% 0x0000026bdfa31190 code [0x0000026bdfa31320, 0x0000026bdfa31b78]
Event: 31.342 Thread 0x0000026bef16a000 1211       3       java.io.FileInputStream::read (8 bytes)
Event: 31.343 Thread 0x0000026bef16a000 nmethod 1211 0x0000026bd84c3890 code [0x0000026bd84c3a40, 0x0000026bd84c3bf0]
Event: 31.367 Thread 0x0000026bef16a000 1213       3       java.awt.image.BufferedImage::setRGB (19 bytes)
Event: 31.367 Thread 0x0000026bef16a000 nmethod 1213 0x0000026bd84d1410 code [0x0000026bd84d15e0, 0x0000026bd84d1940]
Event: 31.367 Thread 0x0000026bef16a000 1216       3       java.awt.image.PackedColorModel::equals (152 bytes)
Event: 31.369 Thread 0x0000026bef16a000 nmethod 1216 0x0000026bd848d410 code [0x0000026bd848d640, 0x0000026bd848e560]
Event: 31.369 Thread 0x0000026bef16a000 1214       3       java.awt.image.DirectColorModel::getDataElements (928 bytes)
Event: 31.371 Thread 0x0000026bef16a000 nmethod 1214 0x0000026bd84f5890 code [0x0000026bd84f5cc0, 0x0000026bd84f7ad0]
Event: 31.371 Thread 0x0000026bef16a000 1217       3       sun.awt.image.IntegerInterleavedRaster::setDataElements (91 bytes)
Event: 31.371 Thread 0x0000026bee7db800 1218       4       ab.vision.VisionUtils::findConnectedComponents (602 bytes)
Event: 31.372 Thread 0x0000026bef16a000 nmethod 1217 0x0000026bd8491610 code [0x0000026bd8491800, 0x0000026bd8491df0]
Event: 31.372 Thread 0x0000026bef16a000 1215       3       java.awt.image.ColorModel::getRGBdefault (31 bytes)
Event: 31.373 Thread 0x0000026bef16a000 nmethod 1215 0x0000026bd84ca290 code [0x0000026bd84ca440, 0x0000026bd84ca710]
Event: 31.373 Thread 0x0000026bef16a000 1219 %     3       ab.vision.VisionUtils::findBoundingBoxes @ 18 (89 bytes)
Event: 31.373 Thread 0x0000026bef16a000 nmethod 1219% 0x0000026bd84c4f90 code [0x0000026bd84c51c0, 0x0000026bd84c5c40]
Event: 31.374 Thread 0x0000026bef16a000 1221       3       ab.vision.VisionUtils::findBoundingBoxes (89 bytes)
Event: 31.374 Thread 0x0000026bef16a000 nmethod 1221 0x0000026bd84e0790 code [0x0000026bd84e09a0, 0x0000026bd84e1340]

GC Heap History (20 events):
Event: 9.683 GC heap before
{Heap before GC invocations=8 (full 0):
 garbage-first heap   total 162816K, used 106496K [0x0000000081800000, 0x0000000100000000)
  region size 1024K, 21 young (21504K), 3 survivors (3072K)
 Metaspace       used 4245K, capacity 5272K, committed 5376K, reserved 1056768K
  class space    used 408K, capacity 510K, committed 512K, reserved 1048576K
}
Event: 9.710 GC heap after
{Heap after GC invocations=9 (full 0):
 garbage-first heap   total 162816K, used 107520K [0x0000000081800000, 0x0000000100000000)
  region size 1024K, 3 young (3072K), 3 survivors (3072K)
 Metaspace       used 4245K, capacity 5272K, committed 5376K, reserved 1056768K
  class space    used 408K, capacity 510K, committed 512K, reserved 1048576K
}
Event: 9.715 GC heap before
{Heap before GC invocations=9 (full 0):
 garbage-first heap   total 162816K, used 111616K [0x0000000081800000, 0x0000000100000000)
  region size 1024K, 7 young (7168K), 3 survivors (3072K)
 Metaspace       used 4245K, capacity 5272K, committed 5376K, reserved 1056768K
  class space    used 408K, capacity 510K, committed 512K, reserved 1048576K
}
Event: 9.731 GC heap after
{Heap after GC invocations=10 (full 0):
 garbage-first heap   total 162816K, used 103424K [0x0000000081800000, 0x0000000100000000)
  region size 1024K, 1 young (1024K), 1 survivors (1024K)
 Metaspace       used 4245K, capacity 5272K, committed 5376K, reserved 1056768K
  class space    used 408K, capacity 510K, committed 512K, reserved 1048576K
}
Event: 9.746 GC heap before
{Heap before GC invocations=10 (full 0):
 garbage-first heap   total 162816K, used 116736K [0x0000000081800000, 0x0000000100000000)
  region size 1024K, 14 young (14336K), 1 survivors (1024K)
 Metaspace       used 4245K, capacity 5272K, committed 5376K, reserved 1056768K
  class space    used 408K, capacity 510K, committed 512K, reserved 1048576K
}
Event: 9.767 GC heap after
{Heap after GC invocations=11 (full 0):
 garbage-first heap   total 162816K, used 117760K [0x0000000081800000, 0x0000000100000000)
  region size 1024K, 2 young (2048K), 2 survivors (2048K)
 Metaspace       used 4245K, capacity 5272K, committed 5376K, reserved 1056768K
  class space    used 408K, capacity 510K, committed 512K, reserved 1048576K
}
Event: 9.777 GC heap before
{Heap before GC invocations=11 (full 0):
 garbage-first heap   total 162816K, used 125952K [0x0000000081800000, 0x0000000100000000)
  region size 1024K, 10 young (10240K), 2 survivors (2048K)
 Metaspace       used 4245K, capacity 5272K, committed 5376K, reserved 1056768K
  class space    used 408K, capacity 510K, committed 512K, reserved 1048576K
}
Event: 9.786 GC heap after
{Heap after GC invocations=12 (full 0):
 garbage-first heap   total 195584K, used 121856K [0x0000000081800000, 0x0000000100000000)
  region size 1024K, 2 young (2048K), 2 survivors (2048K)
 Metaspace       used 4245K, capacity 5272K, committed 5376K, reserved 1056768K
  class space    used 408K, capacity 510K, committed 512K, reserved 1048576K
}
Event: 9.827 GC heap before
{Heap before GC invocations=12 (full 0):
 garbage-first heap   total 195584K, used 138240K [0x0000000081800000, 0x0000000100000000)
  region size 1024K, 18 young (18432K), 2 survivors (2048K)
 Metaspace       used 4245K, capacity 5272K, committed 5376K, reserved 1056768K
  class space    used 408K, capacity 510K, committed 512K, reserved 1048576K
}
Event: 9.833 GC heap after
{Heap after GC invocations=13 (full 0):
 garbage-first heap   total 195584K, used 123097K [0x0000000081800000, 0x0000000100000000)
  region size 1024K, 1 young (1024K), 1 survivors (1024K)
 Metaspace       used 4245K, capacity 5272K, committed 5376K, reserved 1056768K
  class space    used 408K, capacity 510K, committed 512K, reserved 1048576K
}
Event: 9.842 GC heap before
{Heap before GC invocations=13 (full 0):
 garbage-first heap   total 195584K, used 140505K [0x0000000081800000, 0x0000000100000000)
  region size 1024K, 18 young (18432K), 1 survivors (1024K)
 Metaspace       used 4245K, capacity 5272K, committed 5376K, reserved 1056768K
  class space    used 408K, capacity 510K, committed 512K, reserved 1048576K
}
Event: 9.843 GC heap after
{Heap after GC invocations=14 (full 0):
 garbage-first heap   total 195584K, used 122927K [0x0000000081800000, 0x0000000100000000)
  region size 1024K, 1 young (1024K), 1 survivors (1024K)
 Metaspace       used 4245K, capacity 5272K, committed 5376K, reserved 1056768K
  class space    used 408K, capacity 510K, committed 512K, reserved 1048576K
}
Event: 9.908 GC heap before
{Heap before GC invocations=14 (full 0):
 garbage-first heap   total 195584K, used 143407K [0x0000000081800000, 0x0000000100000000)
  region size 1024K, 21 young (21504K), 1 survivors (1024K)
 Metaspace       used 4249K, capacity 5272K, committed 5376K, reserved 1056768K
  class space    used 408K, capacity 510K, committed 512K, reserved 1048576K
}
Event: 9.909 GC heap after
{Heap after GC invocations=15 (full 0):
 garbage-first heap   total 195584K, used 122946K [0x0000000081800000, 0x0000000100000000)
  region size 1024K, 1 young (1024K), 1 survivors (1024K)
 Metaspace       used 4249K, capacity 5272K, committed 5376K, reserved 1056768K
  class space    used 408K, capacity 510K, committed 512K, reserved 1048576K
}
Event: 9.922 GC heap before
{Heap before GC invocations=15 (full 0):
 garbage-first heap   total 195584K, used 145474K [0x0000000081800000, 0x0000000100000000)
  region size 1024K, 23 young (23552K), 1 survivors (1024K)
 Metaspace       used 4249K, capacity 5272K, committed 5376K, reserved 1056768K
  class space    used 408K, capacity 510K, committed 512K, reserved 1048576K
}
Event: 9.922 GC heap after
{Heap after GC invocations=16 (full 0):
 garbage-first heap   total 195584K, used 123117K [0x0000000081800000, 0x0000000100000000)
  region size 1024K, 1 young (1024K), 1 survivors (1024K)
 Metaspace       used 4249K, capacity 5272K, committed 5376K, reserved 1056768K
  class space    used 408K, capacity 510K, committed 512K, reserved 1048576K
}
Event: 12.280 GC heap before
{Heap before GC invocations=17 (full 0):
 garbage-first heap   total 239616K, used 142573K [0x0000000081800000, 0x0000000100000000)
  region size 1024K, 19 young (19456K), 1 survivors (1024K)
 Metaspace       used 4324K, capacity 5272K, committed 5376K, reserved 1056768K
  class space    used 410K, capacity 510K, committed 512K, reserved 1048576K
}
Event: 12.281 GC heap after
{Heap after GC invocations=18 (full 0):
 garbage-first heap   total 239616K, used 123714K [0x0000000081800000, 0x0000000100000000)
  region size 1024K, 1 young (1024K), 1 survivors (1024K)
 Metaspace       used 4324K, capacity 5272K, committed 5376K, reserved 1056768K
  class space    used 410K, capacity 510K, committed 512K, reserved 1048576K
}
Event: 27.950 GC heap before
{Heap before GC invocations=19 (full 0):
 garbage-first heap   total 271360K, used 164674K [0x0000000081800000, 0x0000000100000000)
  region size 1024K, 40 young (40960K), 1 survivors (1024K)
 Metaspace       used 4349K, capacity 5272K, committed 5376K, reserved 1056768K
  class space    used 412K, capacity 510K, committed 512K, reserved 1048576K
}
Event: 27.953 GC heap after
{Heap after GC invocations=20 (full 0):
 garbage-first heap   total 271360K, used 129474K [0x0000000081800000, 0x0000000100000000)
  region size 1024K, 5 young (5120K), 5 survivors (5120K)
 Metaspace       used 4349K, capacity 5272K, committed 5376K, reserved 1056768K
  class space    used 412K, capacity 510K, committed 512K, reserved 1048576K
}

Deoptimization events (20 events):
Event: 12.780 Thread 0x0000026bcf9b9800 DEOPT PACKING pc=0x0000026bd8655fc8 sp=0x000000edcd2ff3a0
Event: 12.780 Thread 0x0000026bcf9b9800 DEOPT UNPACKING pc=0x0000026bd7f1964e sp=0x000000edcd2fe8d8 mode 0
Event: 12.780 Thread 0x0000026bcf9b9800 DEOPT PACKING pc=0x0000026bd8655fc8 sp=0x000000edcd2ff3a0
Event: 12.780 Thread 0x0000026bcf9b9800 DEOPT UNPACKING pc=0x0000026bd7f1964e sp=0x000000edcd2fe8d8 mode 0
Event: 12.781 Thread 0x0000026bcf9b9800 DEOPT PACKING pc=0x0000026bd865609b sp=0x000000edcd2ff3a0
Event: 12.781 Thread 0x0000026bcf9b9800 DEOPT UNPACKING pc=0x0000026bd7f1964e sp=0x000000edcd2fe8d8 mode 0
Event: 12.784 Thread 0x0000026bcf9b9800 Uncommon trap: trap_request=0xffffff9d fr.pc=0x0000026bdfa1ddac relative=0x0000000000001e8c
Event: 12.784 Thread 0x0000026bcf9b9800 Uncommon trap: reason=unreached action=reinterpret pc=0x0000026bdfa1ddac method=ab.vision.VisionMBR.findSlingshotMBR()Ljava/awt/Rectangle; @ 1923 c2
Event: 12.784 Thread 0x0000026bcf9b9800 DEOPT PACKING pc=0x0000026bdfa1ddac sp=0x000000edcd2ff420
Event: 12.784 Thread 0x0000026bcf9b9800 DEOPT UNPACKING pc=0x0000026bd7f1912f sp=0x000000edcd2ff3f0 mode 2
Event: 31.371 Thread 0x0000026bcf9b9800 DEOPT PACKING pc=0x0000026bd864bd31 sp=0x000000edcd2ff300
Event: 31.371 Thread 0x0000026bcf9b9800 DEOPT UNPACKING pc=0x0000026bd7f1964e sp=0x000000edcd2fe7f8 mode 0
Event: 31.372 Thread 0x0000026bcf9b9800 Uncommon trap: trap_request=0xffffff45 fr.pc=0x0000026bdfa4d644 relative=0x0000000000001f64
Event: 31.372 Thread 0x0000026bcf9b9800 Uncommon trap: reason=unstable_if action=reinterpret pc=0x0000026bdfa4d644 method=ab.vision.VisionUtils.findConnectedComponents([[I)[[I @ 77 c2
Event: 31.372 Thread 0x0000026bcf9b9800 DEOPT PACKING pc=0x0000026bdfa4d644 sp=0x000000edcd2ff310
Event: 31.372 Thread 0x0000026bcf9b9800 DEOPT UNPACKING pc=0x0000026bd7f1912f sp=0x000000edcd2ff308 mode 2
Event: 31.376 Thread 0x0000026bcf9b9800 DEOPT PACKING pc=0x0000026bd84e113d sp=0x000000edcd2ff320
Event: 31.376 Thread 0x0000026bcf9b9800 DEOPT UNPACKING pc=0x0000026bd7f1964e sp=0x000000edcd2fe818 mode 0
Event: 31.376 Thread 0x0000026bcf9b9800 DEOPT PACKING pc=0x0000026bd864bd31 sp=0x000000edcd2ff300
Event: 31.377 Thread 0x0000026bcf9b9800 DEOPT UNPACKING pc=0x0000026bd7f1964e sp=0x000000edcd2fe7f8 mode 0

Classes unloaded (0 events):
No events

Classes redefined (0 events):
No events

Internal exceptions (7 events):
Event: 0.475 Thread 0x0000026bef2c2800 Exception <a 'java/lang/NoSuchMethodError'{0x0000000089411d78}: 'java.lang.Object java.lang.invoke.Invokers$Holder.linkToTargetMethod(java.lang.Object, int, java.lang.Object)'> (0x0000000089411d78) 
thrown [t:/workspace/open/src/hotspot/share/interpreter/linkResolver.cpp, line 767]
Event: 0.577 Thread 0x0000026bef2c2800 Exception <a 'java/lang/NoSuchMethodError'{0x000000008944f350}: 'java.lang.Object java.lang.invoke.DirectMethodHandle$Holder.invokeStaticInit(java.lang.Object, int, int, int, int)'> (0x000000008944f350) 
thrown [t:/workspace/open/src/hotspot/share/interpreter/linkResolver.cpp, line 767]
Event: 1.994 Thread 0x0000026bef2c2800 Exception <a 'java/lang/NoSuchMethodError'{0x0000000089477718}: 'java.lang.Object java.lang.invoke.DirectMethodHandle$Holder.invokeStaticInit(java.lang.Object, java.lang.Object, int, int, int, int)'> (0x0000000089477718) 
thrown [t:/workspace/open/src/hotspot/share/interpreter/linkResolver.cpp, line 767]
Event: 2.515 Thread 0x0000026bcf9b9800 Exception <a 'java/lang/ClassNotFoundException'{0x00000000896cc6c0}: sun/awt/resources/spi/awtProvider> (0x00000000896cc6c0) 
thrown [t:/workspace/open/src/hotspot/share/classfile/systemDictionary.cpp, line 232]
Event: 2.576 Thread 0x0000026bcf9b9800 Exception <a 'java/io/FileNotFoundException'{0x0000000088bb8330}> (0x0000000088bb8330) 
thrown [t:/workspace/open/src/hotspot/share/prims/jni.cpp, line 598]
Event: 2.592 Thread 0x0000026bcf9b9800 Exception <a 'java/io/FileNotFoundException'{0x0000000088bdec58}> (0x0000000088bdec58) 
thrown [t:/workspace/open/src/hotspot/share/prims/jni.cpp, line 598]
Event: 7.493 Thread 0x0000026bef29e000 Implicit null exception at 0x0000026bdf9c41e6 to 0x0000026bdf9c421e

Events (20 events):
Event: 31.426 loading class sun/java2d/loops/Blit
Event: 31.426 loading class sun/java2d/loops/Blit done
Event: 31.439 loading class sun/java2d/loops/BlitBg
Event: 31.439 loading class sun/java2d/loops/BlitBg done
Event: 31.440 loading class sun/java2d/loops/ScaledBlit
Event: 31.440 loading class sun/java2d/loops/ScaledBlit done
Event: 31.440 loading class sun/java2d/loops/FillRect
Event: 31.442 loading class sun/java2d/loops/FillRect done
Event: 31.443 loading class sun/java2d/loops/FillSpans
Event: 31.446 loading class sun/java2d/loops/FillSpans done
Event: 31.446 loading class sun/java2d/loops/FillParallelogram
Event: 31.446 loading class sun/java2d/loops/FillParallelogram done
Event: 31.449 loading class sun/java2d/loops/DrawParallelogram
Event: 31.449 loading class sun/java2d/loops/DrawParallelogram done
Event: 31.450 loading class sun/java2d/loops/DrawRect
Event: 31.451 loading class sun/java2d/loops/DrawRect done
Event: 31.451 loading class sun/java2d/loops/DrawPolygons
Event: 31.451 loading class sun/java2d/loops/DrawPolygons done
Event: 31.451 loading class sun/java2d/loops/DrawPath
Event: 31.451 loading class sun/java2d/loops/DrawPath done


Dynamic libraries:
0x00007ff7a5730000 - 0x00007ff7a573f000 	C:\Program Files\Java\jdk-13.0.2\bin\javaw.exe
0x00007ffa2bed0000 - 0x00007ffa2c0c8000 	C:\WINDOWS\SYSTEM32\ntdll.dll
0x00007ffa2bdd0000 - 0x00007ffa2be8f000 	C:\WINDOWS\System32\KERNEL32.DLL
0x00007ffa29a30000 - 0x00007ffa29d26000 	C:\WINDOWS\System32\KERNELBASE.dll
0x00007ffa297c0000 - 0x00007ffa298c0000 	C:\WINDOWS\System32\ucrtbase.dll
0x00007ffa04760000 - 0x00007ffa04775000 	C:\Program Files\Java\jdk-13.0.2\bin\VCRUNTIME140.dll
0x00007ffa04740000 - 0x00007ffa04758000 	C:\Program Files\Java\jdk-13.0.2\bin\jli.dll
0x00007ffa2ad60000 - 0x00007ffa2ae0f000 	C:\WINDOWS\System32\ADVAPI32.dll
0x00007ffa2b3c0000 - 0x00007ffa2b45e000 	C:\WINDOWS\System32\msvcrt.dll
0x00007ffa2b320000 - 0x00007ffa2b3bc000 	C:\WINDOWS\System32\sechost.dll
0x00007ffa2b600000 - 0x00007ffa2b726000 	C:\WINDOWS\System32\RPCRT4.dll
0x00007ffa1a650000 - 0x00007ffa1a8ea000 	C:\WINDOWS\WinSxS\amd64_microsoft.windows.common-controls_6595b64144ccf1df_6.0.19041.1110_none_60b5254171f9507e\COMCTL32.dll
0x00007ffa2b460000 - 0x00007ffa2b5fd000 	C:\WINDOWS\System32\USER32.dll
0x00007ffa29da0000 - 0x00007ffa29dc2000 	C:\WINDOWS\System32\win32u.dll
0x00007ffa2acc0000 - 0x00007ffa2acec000 	C:\WINDOWS\System32\GDI32.dll
0x00007ffa298c0000 - 0x00007ffa299d5000 	C:\WINDOWS\System32\gdi32full.dll
0x00007ffa29670000 - 0x00007ffa2970d000 	C:\WINDOWS\System32\msvcp_win.dll
0x00007ffa23740000 - 0x00007ffa2374a000 	C:\WINDOWS\SYSTEM32\VERSION.dll
0x00007ffa2bb80000 - 0x00007ffa2bbb0000 	C:\WINDOWS\System32\IMM32.DLL
0x00007ff9e7af0000 - 0x00007ff9e7b8b000 	C:\Program Files\Java\jdk-13.0.2\bin\msvcp140.dll
0x00007ff9e9920000 - 0x00007ff9ea47d000 	C:\Program Files\Java\jdk-13.0.2\bin\server\jvm.dll
0x00007ffa2acf0000 - 0x00007ffa2acf8000 	C:\WINDOWS\System32\PSAPI.DLL
0x00007ffa1a550000 - 0x00007ffa1a577000 	C:\WINDOWS\SYSTEM32\WINMM.dll
0x00007ffa27540000 - 0x00007ffa27549000 	C:\WINDOWS\SYSTEM32\WSOCK32.dll
0x00007ffa2b8e0000 - 0x00007ffa2b94b000 	C:\WINDOWS\System32\WS2_32.dll
0x00007ffa28070000 - 0x00007ffa28082000 	C:\WINDOWS\SYSTEM32\kernel.appcore.dll
0x00007ffa24200000 - 0x00007ffa24210000 	C:\Program Files\Java\jdk-13.0.2\bin\verify.dll
0x00007ffa271e0000 - 0x00007ffa273c4000 	C:\WINDOWS\SYSTEM32\DBGHELP.DLL
0x00007ffa16380000 - 0x00007ffa163b4000 	C:\WINDOWS\SYSTEM32\dbgcore.DLL
0x00007ffa295b0000 - 0x00007ffa29632000 	C:\WINDOWS\System32\bcryptPrimitives.dll
0x00007ffa0eb50000 - 0x00007ffa0eb76000 	C:\Program Files\Java\jdk-13.0.2\bin\java.dll
0x00007ffa205a0000 - 0x00007ffa205b7000 	C:\Program Files\Java\jdk-13.0.2\bin\zip.dll
0x00007ffa24140000 - 0x00007ffa2414a000 	C:\Program Files\Java\jdk-13.0.2\bin\jimage.dll
0x00007ffa2a2f0000 - 0x00007ffa2aa34000 	C:\WINDOWS\System32\SHELL32.dll
0x00007ffa27550000 - 0x00007ffa27ce3000 	C:\WINDOWS\SYSTEM32\windows.storage.dll
0x00007ffa29f30000 - 0x00007ffa2a284000 	C:\WINDOWS\System32\combase.dll
0x00007ffa29010000 - 0x00007ffa2903e000 	C:\WINDOWS\SYSTEM32\Wldp.dll
0x00007ffa2aa40000 - 0x00007ffa2aaed000 	C:\WINDOWS\System32\SHCORE.dll
0x00007ffa2a290000 - 0x00007ffa2a2e5000 	C:\WINDOWS\System32\shlwapi.dll
0x00007ffa294f0000 - 0x00007ffa2950f000 	C:\WINDOWS\SYSTEM32\profapi.dll
0x00007ffa0e5d0000 - 0x00007ffa0e5e9000 	C:\Program Files\Java\jdk-13.0.2\bin\net.dll
0x00007ffa1e1d0000 - 0x00007ffa1e2da000 	C:\WINDOWS\SYSTEM32\WINHTTP.dll
0x00007ffa28d70000 - 0x00007ffa28dda000 	C:\WINDOWS\system32\mswsock.dll
0x00007ffa0e590000 - 0x00007ffa0e5a3000 	C:\Program Files\Java\jdk-13.0.2\bin\nio.dll
0x00007ffa28a10000 - 0x00007ffa28a4c000 	C:\WINDOWS\SYSTEM32\IPHLPAPI.DLL
0x00007ffa2bdc0000 - 0x00007ffa2bdc8000 	C:\WINDOWS\System32\NSI.dll
0x00007ffa217b0000 - 0x00007ffa217c7000 	C:\WINDOWS\SYSTEM32\dhcpcsvc6.DLL
0x00007ffa21750000 - 0x00007ffa2176d000 	C:\WINDOWS\SYSTEM32\dhcpcsvc.DLL
0x00007ffa28a50000 - 0x00007ffa28b1b000 	C:\WINDOWS\SYSTEM32\DNSAPI.dll
0x00007ffa28f60000 - 0x00007ffa28f78000 	C:\WINDOWS\SYSTEM32\CRYPTSP.dll
0x00007ffa28620000 - 0x00007ffa28654000 	C:\WINDOWS\system32\rsaenh.dll
0x00007ffa29640000 - 0x00007ffa29667000 	C:\WINDOWS\System32\bcrypt.dll
0x00007ffa294b0000 - 0x00007ffa294de000 	C:\WINDOWS\SYSTEM32\USERENV.dll
0x00007ffa28f80000 - 0x00007ffa28f8c000 	C:\WINDOWS\SYSTEM32\CRYPTBASE.dll
0x00007ff9e26d0000 - 0x00007ff9e2869000 	C:\Program Files\Java\jdk-13.0.2\bin\awt.dll
0x00007ffa2bab0000 - 0x00007ffa2bb7d000 	C:\WINDOWS\System32\OLEAUT32.dll
0x00007ffa26910000 - 0x00007ffa269a1000 	C:\WINDOWS\SYSTEM32\apphelp.dll
0x00007ff9e64d0000 - 0x00007ff9e654f000 	C:\Program Files\Java\jdk-13.0.2\bin\mlib_image.dll
0x00007ffa26f80000 - 0x00007ffa26faf000 	C:\WINDOWS\system32\DWMAPI.DLL
0x00007ffa26be0000 - 0x00007ffa26c7e000 	C:\WINDOWS\system32\uxtheme.dll

dbghelp: loaded successfully - version: 4.0.5 - missing functions: none
symbol engine: initialized successfully - sym options: 0x614 - pdb path: .;C:\Program Files\Java\jdk-13.0.2\bin;C:\WINDOWS\SYSTEM32;C:\WINDOWS\WinSxS\amd64_microsoft.windows.common-controls_6595b64144ccf1df_6.0.19041.1110_none_60b5254171f9507e;C:\Program Files\Java\jdk-13.0.2\bin\server

VM Arguments:
jvm_args: -Dfile.encoding=Cp1252 
java_command: ab.demo.GeneticAgent
java_class_path (initial): D:\Universidad\TG AIBirds\Software\abV1.32\bin;D:\Universidad\TG AIBirds\Software\abV1.32;D:\Universidad\TG AIBirds\Software\abV1.32\ABServer.jar;D:\Universidad\TG AIBirds\Software\abV1.32\ABSoftware.jar;D:\Universidad\TG AIBirds\Software\abV1.32\external\commons-codec-1.7.jar;D:\Universidad\TG AIBirds\Software\abV1.32\external\Jama-1.0.2.jar;D:\Universidad\TG AIBirds\Software\abV1.32\external\json-simple-1.1.1.jar;D:\Universidad\TG AIBirds\Software\abV1.32\external\WebSocket.jar
Launcher Type: SUN_STANDARD

[Global flags]
     intx CICompilerCount                          = 3                                         {product} {ergonomic}
     uint ConcGCThreads                            = 1                                         {product} {ergonomic}
     uint G1ConcRefinementThreads                  = 4                                         {product} {ergonomic}
   size_t G1HeapRegionSize                         = 1048576                                   {product} {ergonomic}
    uintx GCDrainStackTargetSize                   = 64                                        {product} {ergonomic}
   size_t InitialHeapSize                          = 134217728                                 {product} {ergonomic}
   size_t MarkStackSize                            = 4194304                                   {product} {ergonomic}
   size_t MaxHeapSize                              = 2122317824                                {product} {ergonomic}
   size_t MaxNewSize                               = 1272971264                                {product} {ergonomic}
   size_t MinHeapDeltaBytes                        = 1048576                                   {product} {ergonomic}
   size_t MinHeapSize                              = 8388608                                   {product} {ergonomic}
    uintx NonNMethodCodeHeapSize                   = 5832780                                {pd product} {ergonomic}
    uintx NonProfiledCodeHeapSize                  = 122912730                              {pd product} {ergonomic}
    uintx ProfiledCodeHeapSize                     = 122912730                              {pd product} {ergonomic}
    uintx ReservedCodeCacheSize                    = 251658240                              {pd product} {ergonomic}
     bool SegmentedCodeCache                       = true                                      {product} {ergonomic}
   size_t SoftMaxHeapSize                          = 2122317824                             {manageable} {ergonomic}
     bool UseCompressedClassPointers               = true                                 {lp64_product} {ergonomic}
     bool UseCompressedOops                        = true                                 {lp64_product} {ergonomic}
     bool UseG1GC                                  = true                                      {product} {ergonomic}
     bool UseLargePagesIndividualAllocation        = false                                  {pd product} {ergonomic}

Logging:
Log output configuration:
 #0: stdout all=warning uptime,level,tags
 #1: stderr all=off uptime,level,tags

Environment Variables:
PATH=C:/Program Files/Java/jdk-13.0.2/bin/server;C:/Program Files/Java/jdk-13.0.2/bin;C:\Program Files (x86)\Common Files\Oracle\Java\javapath;C:\WINDOWS\system32;C:\WINDOWS;C:\WINDOWS\System32\Wbem;C:\WINDOWS\System32\WindowsPowerShell\v1.0\;C:\WINDOWS\System32\OpenSSH\;C:\Program Files\NVIDIA Corporation\NVIDIA NvDLISR;C:\Program Files (x86)\NVIDIA Corporation\PhysX\Common;C:\Program Files\Git\cmd;C:\Program Files\Git\mingw64\bin;C:\Program Files\Git\usr\bin;C:\nvm;C:\Program Files\nodejs;C:\Program Files\nodejs;C:\Users\J&D\AppData\Local\Programs\Python\Python38-32\Scripts\;C:\Users\J&D\AppData\Local\Programs\Python\Python38-32\;C:\Users\J&D\AppData\Local\Microsoft\WindowsApps;C:\Users\J&D\AppData\Local\Programs\Microsoft VS Code\bin;C:\Program Files\MongoDB\Server\5.0\bin;C:\Users\J&D\AppData\Roaming\npm;C:\nvm;C:\Program Files\nodejs;C:\Users\J&D\Desktop;
USERNAME=JyD
OS=Windows_NT
PROCESSOR_IDENTIFIER=Intel64 Family 6 Model 78 Stepping 3, GenuineIntel



---------------  S Y S T E M  ---------------

OS: Windows 10 , 64 bit Build 19041 (10.0.19041.2913)

CPU:total 4 (initial active 4) (2 cores per cpu, 2 threads per core) family 6 model 78 stepping 3, cmov, cx8, fxsr, mmx, sse, sse2, sse3, ssse3, sse4.1, sse4.2, popcnt, avx, avx2, aes, clmul, erms, 3dnowpref, lzcnt, ht, tsc, tscinvbit, bmi1, bmi2, adx, fma

Memory: 4k page, system-wide physical 8090M (1659M free)
TotalPageFile size 27169M (AvailPageFile size 5M)
current process WorkingSet (physical memory assigned to process): 292M, peak: 292M
current process commit charge ("private bytes"): 359M, peak: 365M

vm_info: Java HotSpot(TM) 64-Bit Server VM (13.0.2+8) for windows-amd64 JRE (13.0.2+8), built on Dec 11 2019 09:20:33 by "mach5one" with unknown MS VC++:1916

END.
