#
# There is insufficient memory for the Java Runtime Environment to continue.
# Native memory allocation (mmap) failed to map 30408704 bytes for Failed to commit area from 0x000000008de00000 to 0x000000008fb00000 of length 30408704.
# Possible reasons:
#   The system is out of physical RAM or swap space
#   The process is running with CompressedOops enabled, and the Java Heap may be blocking the growth of the native heap
# Possible solutions:
#   Reduce memory load on the system
#   Increase physical memory or swap space
#   Check if swap backing store is full
#   Decrease Java heap size (-Xmx/-Xms)
#   Decrease number of Java threads
#   Decrease Java thread stack sizes (-Xss)
#   Set larger code cache with -XX:ReservedCodeCacheSize=
#   JVM is running with Unscaled Compressed Oops mode in which the Java heap is
#     placed in the first 4GB address space. The Java Heap base address is the
#     maximum limit for the native heap growth. Please use -XX:HeapBaseMinAddress
#     to set the Java Heap base and to place the Java Heap above 4GB virtual address.
# This output file may be truncated or incomplete.
#
#  Out of Memory Error (t:/workspace/open/src/hotspot/os/windows/os_windows.cpp:3301), pid=9316, tid=16752
#
# JRE version: Java(TM) SE Runtime Environment (13.0.2+8) (build 13.0.2+8)
# Java VM: Java HotSpot(TM) 64-Bit Server VM (13.0.2+8, mixed mode, sharing, tiered, compressed oops, g1 gc, windows-amd64)
# No core dump will be written. Minidumps are not enabled by default on client versions of Windows
#

---------------  S U M M A R Y ------------

Command Line: -Dfile.encoding=Cp1252 ab.demo.GeneticAgent

Host: Intel(R) Core(TM) i5-6200U CPU @ 2.30GHz, 4 cores, 7G,  Windows 10 , 64 bit Build 19041 (10.0.19041.2913)
Time: Sun Jun  4 10:29:16 2023 Hora est. Pacífico, Sudamérica elapsed time: 13 seconds (0d 0h 0m 13s)

---------------  T H R E A D  ---------------

Current thread (0x000001eebc7e9800):  VMThread "VM Thread" [stack: 0x000000ec16500000,0x000000ec16600000] [id=16752]

Stack: [0x000000ec16500000,0x000000ec16600000]
[error occurred during error reporting (printing stack bounds), id 0xc0000005, EXCEPTION_ACCESS_VIOLATION (0xc0000005) at pc=0x000001eea5ed10ad]

Native frames: (J=compiled Java code, j=interpreted, Vv=VM code, C=native code)
V  [jvm.dll+0x624f9a]
V  [jvm.dll+0x770cfa]
V  [jvm.dll+0x7724af]
V  [jvm.dll+0x772a15]
V  [jvm.dll+0x7729cb]
V  [jvm.dll+0x6244df]
C  [ntdll.dll+0x78b4c]
C  [ntdll.dll+0x512c6]
C  [ntdll.dll+0xa0f0e]
C  0x000001eea5ed10ad

VM_Operation (0x000000ec161ff3d0): G1Concurrent, mode: safepoint, requested by thread 0x000001ee9c200800


---------------  P R O C E S S  ---------------

Threads class SMR info:
_java_thread_list=0x000001eebd1d1ab0, length=16, elements={
0x000001ee9c1a9000, 0x000001eebc7ef000, 0x000001eebc7fa000, 0x000001eebc80f000,
0x000001eebc812000, 0x000001eebc813000, 0x000001eebd1a1000, 0x000001eebd1bd800,
0x000001eebd271000, 0x000001eebd284000, 0x000001eebd28c800, 0x000001eebd306800,
0x000001eebd309800, 0x000001eebd30a000, 0x000001eebd316000, 0x000001eebdedd800
}

Java Threads: ( => current thread )
  0x000001ee9c1a9000 JavaThread "main" [_thread_blocked, id=17480, stack(0x000000ec15f00000,0x000000ec16000000)]
  0x000001eebc7ef000 JavaThread "Reference Handler" daemon [_thread_blocked, id=16776, stack(0x000000ec16600000,0x000000ec16700000)]
  0x000001eebc7fa000 JavaThread "Finalizer" daemon [_thread_blocked, id=4164, stack(0x000000ec16700000,0x000000ec16800000)]
  0x000001eebc80f000 JavaThread "Signal Dispatcher" daemon [_thread_blocked, id=14588, stack(0x000000ec16800000,0x000000ec16900000)]
  0x000001eebc812000 JavaThread "Attach Listener" daemon [_thread_blocked, id=10284, stack(0x000000ec16900000,0x000000ec16a00000)]
  0x000001eebc813000 JavaThread "C2 CompilerThread0" daemon [_thread_blocked, id=9544, stack(0x000000ec16a00000,0x000000ec16b00000)]
  0x000001eebd1a1000 JavaThread "C1 CompilerThread0" daemon [_thread_blocked, id=4764, stack(0x000000ec16b00000,0x000000ec16c00000)]
  0x000001eebd1bd800 JavaThread "Sweeper thread" daemon [_thread_blocked, id=14332, stack(0x000000ec16c00000,0x000000ec16d00000)]
  0x000001eebd271000 JavaThread "Service Thread" daemon [_thread_blocked, id=19124, stack(0x000000ec16d00000,0x000000ec16e00000)]
  0x000001eebd284000 JavaThread "Common-Cleaner" daemon [_thread_blocked, id=16360, stack(0x000000ec16f00000,0x000000ec17000000)]
  0x000001eebd28c800 JavaThread "WebSocketWorker-12" [_thread_blocked, id=16592, stack(0x000000ec17000000,0x000000ec17100000)]
  0x000001eebd306800 JavaThread "WebSocketWorker-13" [_thread_blocked, id=11396, stack(0x000000ec17100000,0x000000ec17200000)]
  0x000001eebd309800 JavaThread "WebSocketWorker-14" [_thread_blocked, id=10848, stack(0x000000ec17200000,0x000000ec17300000)]
  0x000001eebd30a000 JavaThread "WebSocketWorker-15" [_thread_blocked, id=9492, stack(0x000000ec17300000,0x000000ec17400000)]
  0x000001eebd316000 JavaThread "WebsocketSelector16" [_thread_in_native, id=2884, stack(0x000000ec17400000,0x000000ec17500000)]
  0x000001eebdedd800 JavaThread "Java2D Disposer" daemon [_thread_blocked, id=14032, stack(0x000000ec17500000,0x000000ec17600000)]

Other Threads:
=>0x000001eebc7e9800 VMThread "VM Thread" [stack: 0x000000ec16500000,0x000000ec16600000] [id=16752]
  0x000001eebd27d800 WatcherThread [stack: 0x000000ec16e00000,0x000000ec16f00000] [id=16836]
  0x000001ee9c1ed800 GCTaskThread "GC Thread#0" [stack: 0x000000ec16000000,0x000000ec16100000] [id=3492]
  0x000001eebdaa1800 GCTaskThread "GC Thread#1" [stack: 0x000000ec17600000,0x000000ec17700000] [id=6040]
  0x000001eebda37800 GCTaskThread "GC Thread#2" [stack: 0x000000ec17700000,0x000000ec17800000] [id=17904]
  0x000001eebda38000 GCTaskThread "GC Thread#3" [stack: 0x000000ec17800000,0x000000ec17900000] [id=14172]
  0x000001ee9c200800 ConcurrentGCThread "G1 Main Marker" [stack: 0x000000ec16100000,0x000000ec16200000] [id=17752]
  0x000001ee9c202800 ConcurrentGCThread "G1 Conc#0" [stack: 0x000000ec16200000,0x000000ec16300000] [id=5532]
  0x000001ee9c28d800 ConcurrentGCThread "G1 Refine#0" [stack: 0x000000ec16300000,0x000000ec16400000] [id=328]
  0x000001eebde43000 ConcurrentGCThread "G1 Refine#1" [stack: 0x000000ec17900000,0x000000ec17a00000] [id=14812]
  0x000001eebde43800 ConcurrentGCThread "G1 Refine#2" [stack: 0x000000ec17a00000,0x000000ec17b00000] [id=16292]
  0x000001eebde44800 ConcurrentGCThread "G1 Refine#3" [stack: 0x000000ec17b00000,0x000000ec17c00000] [id=12388]
  0x000001eebc66d800 ConcurrentGCThread "G1 Young RemSet Sampling" [stack: 0x000000ec16400000,0x000000ec16500000] [id=17108]

Threads with active compile tasks:

VM state:at safepoint (normal execution)

VM Mutex/Monitor currently owned by a thread:  ([mutex/lock_event])
[0x000001ee9c1a6300] Threads_lock - owner thread: 0x000001eebc7e9800
[0x000001ee9c1a5cd0] Heap_lock - owner thread: 0x000001ee9c200800

Heap address: 0x0000000081800000, size: 2024 MB, Compressed Oops mode: 32-bit
Narrow klass base: 0x0000000800000000, Narrow klass shift: 3
Compressed class space size: 1073741824 Address: 0x0000000800b40000

Heap:
 garbage-first heap   total 232448K, used 136592K [0x0000000081800000, 0x0000000100000000)
  region size 1024K, 21 young (21504K), 1 survivors (1024K)
 Metaspace       used 4347K, capacity 5272K, committed 5376K, reserved 1056768K
  class space    used 408K, capacity 510K, committed 512K, reserved 1048576K
Heap Regions: E=young(eden), S=young(survivor), O=old, HS=humongous(starts), HC=humongous(continues), CS=collection set, F=free, A=archive, TAMS=top-at-mark-start (previous, next)
|   0|0x0000000081800000, 0x0000000081900000, 0x0000000081900000|100%| O|  |TAMS 0x0000000081900000, 0x0000000081800000| Updating 
|   1|0x0000000081900000, 0x0000000081a00000, 0x0000000081a00000|100%| O|  |TAMS 0x0000000081a00000, 0x0000000081900000| Updating 
|   2|0x0000000081a00000, 0x0000000081b00000, 0x0000000081b00000|100%| O|  |TAMS 0x0000000081b00000, 0x0000000081a00000| Updating 
|   3|0x0000000081b00000, 0x0000000081c00000, 0x0000000081c00000|100%| O|  |TAMS 0x0000000081c00000, 0x0000000081b00000| Updating 
|   4|0x0000000081c00000, 0x0000000081d00000, 0x0000000081d00000|100%|HS|  |TAMS 0x0000000081d00000, 0x0000000081c00000| Complete 
|   5|0x0000000081d00000, 0x0000000081e00000, 0x0000000081e00000|100%|HC|  |TAMS 0x0000000081e00000, 0x0000000081d00000| Complete 
|   6|0x0000000081e00000, 0x0000000081f00000, 0x0000000081f00000|100%| O|  |TAMS 0x0000000081f00000, 0x0000000081e00000| Updating 
|   7|0x0000000081f00000, 0x0000000082000000, 0x0000000082000000|100%| O|  |TAMS 0x0000000082000000, 0x0000000081f00000| Updating 
|   8|0x0000000082000000, 0x0000000082100000, 0x0000000082100000|100%| O|  |TAMS 0x0000000082100000, 0x0000000082000000| Updating 
|   9|0x0000000082100000, 0x0000000082200000, 0x0000000082200000|100%| O|  |TAMS 0x0000000082200000, 0x0000000082100000| Updating 
|  10|0x0000000082200000, 0x0000000082300000, 0x0000000082300000|100%| O|  |TAMS 0x0000000082300000, 0x0000000082200000| Updating 
|  11|0x0000000082300000, 0x0000000082400000, 0x0000000082400000|100%| O|  |TAMS 0x0000000082400000, 0x0000000082300000| Updating 
|  12|0x0000000082400000, 0x0000000082500000, 0x0000000082500000|100%| O|  |TAMS 0x0000000082500000, 0x0000000082400000| Updating 
|  13|0x0000000082500000, 0x0000000082600000, 0x0000000082600000|100%| O|  |TAMS 0x0000000082600000, 0x0000000082500000| Updating 
|  14|0x0000000082600000, 0x0000000082700000, 0x0000000082700000|100%| O|  |TAMS 0x0000000082700000, 0x0000000082600000| Updating 
|  15|0x0000000082700000, 0x0000000082800000, 0x0000000082800000|100%| O|  |TAMS 0x0000000082800000, 0x0000000082700000| Updating 
|  16|0x0000000082800000, 0x0000000082900000, 0x0000000082900000|100%| O|  |TAMS 0x0000000082900000, 0x0000000082800000| Updating 
|  17|0x0000000082900000, 0x0000000082a00000, 0x0000000082a00000|100%| O|  |TAMS 0x0000000082a00000, 0x0000000082900000| Updating 
|  18|0x0000000082a00000, 0x0000000082b00000, 0x0000000082b00000|100%| O|  |TAMS 0x0000000082b00000, 0x0000000082a00000| Updating 
|  19|0x0000000082b00000, 0x0000000082c00000, 0x0000000082c00000|100%| O|  |TAMS 0x0000000082c00000, 0x0000000082b00000| Updating 
|  20|0x0000000082c00000, 0x0000000082d00000, 0x0000000082d00000|100%| O|  |TAMS 0x0000000082d00000, 0x0000000082c00000| Updating 
|  21|0x0000000082d00000, 0x0000000082e00000, 0x0000000082e00000|100%| O|  |TAMS 0x0000000082e00000, 0x0000000082d00000| Updating 
|  22|0x0000000082e00000, 0x0000000082f00000, 0x0000000082f00000|100%| O|  |TAMS 0x0000000082f00000, 0x0000000082e00000| Updating 
|  23|0x0000000082f00000, 0x0000000083000000, 0x0000000083000000|100%| O|  |TAMS 0x0000000083000000, 0x0000000082f00000| Updating 
|  24|0x0000000083000000, 0x0000000083100000, 0x0000000083100000|100%| O|  |TAMS 0x0000000083100000, 0x0000000083000000| Updating 
|  25|0x0000000083100000, 0x0000000083200000, 0x0000000083200000|100%| O|  |TAMS 0x0000000083200000, 0x0000000083100000| Updating 
|  26|0x0000000083200000, 0x0000000083300000, 0x0000000083300000|100%| O|  |TAMS 0x0000000083300000, 0x0000000083200000| Updating 
|  27|0x0000000083300000, 0x0000000083400000, 0x0000000083400000|100%| O|  |TAMS 0x0000000083400000, 0x0000000083300000| Updating 
|  28|0x0000000083400000, 0x0000000083500000, 0x0000000083500000|100%| O|  |TAMS 0x0000000083500000, 0x0000000083400000| Updating 
|  29|0x0000000083500000, 0x0000000083600000, 0x0000000083600000|100%| O|  |TAMS 0x0000000083600000, 0x0000000083500000| Updating 
|  30|0x0000000083600000, 0x0000000083700000, 0x0000000083700000|100%| O|  |TAMS 0x0000000083700000, 0x0000000083600000| Updating 
|  31|0x0000000083700000, 0x0000000083800000, 0x0000000083800000|100%| O|  |TAMS 0x0000000083800000, 0x0000000083700000| Updating 
|  32|0x0000000083800000, 0x0000000083900000, 0x0000000083900000|100%| O|  |TAMS 0x0000000083900000, 0x0000000083800000| Updating 
|  33|0x0000000083900000, 0x0000000083a00000, 0x0000000083a00000|100%| O|  |TAMS 0x0000000083a00000, 0x0000000083900000| Updating 
|  34|0x0000000083a00000, 0x0000000083b00000, 0x0000000083b00000|100%| O|  |TAMS 0x0000000083b00000, 0x0000000083a00000| Updating 
|  35|0x0000000083b00000, 0x0000000083c00000, 0x0000000083c00000|100%| O|  |TAMS 0x0000000083c00000, 0x0000000083b00000| Updating 
|  36|0x0000000083c00000, 0x0000000083d00000, 0x0000000083d00000|100%| O|  |TAMS 0x0000000083d00000, 0x0000000083c00000| Updating 
|  37|0x0000000083d00000, 0x0000000083e00000, 0x0000000083e00000|100%| O|  |TAMS 0x0000000083e00000, 0x0000000083d00000| Updating 
|  38|0x0000000083e00000, 0x0000000083f00000, 0x0000000083f00000|100%| O|  |TAMS 0x0000000083f00000, 0x0000000083e00000| Updating 
|  39|0x0000000083f00000, 0x0000000084000000, 0x0000000084000000|100%| O|  |TAMS 0x0000000084000000, 0x0000000083f00000| Updating 
|  40|0x0000000084000000, 0x0000000084100000, 0x0000000084100000|100%| O|  |TAMS 0x0000000084100000, 0x0000000084000000| Updating 
|  41|0x0000000084100000, 0x0000000084200000, 0x0000000084200000|100%| O|  |TAMS 0x0000000084200000, 0x0000000084100000| Updating 
|  42|0x0000000084200000, 0x0000000084300000, 0x0000000084300000|100%| O|  |TAMS 0x0000000084200000, 0x0000000084200000| Untracked 
|  43|0x0000000084300000, 0x0000000084400000, 0x0000000084400000|100%| O|  |TAMS 0x0000000084300000, 0x0000000084300000| Untracked 
|  44|0x0000000084400000, 0x0000000084500000, 0x0000000084500000|100%| O|  |TAMS 0x0000000084400000, 0x0000000084400000| Untracked 
|  45|0x0000000084500000, 0x0000000084600000, 0x0000000084600000|100%| O|  |TAMS 0x0000000084500000, 0x0000000084500000| Untracked 
|  46|0x0000000084600000, 0x0000000084700000, 0x0000000084700000|100%| O|  |TAMS 0x0000000084600000, 0x0000000084600000| Untracked 
|  47|0x0000000084700000, 0x0000000084800000, 0x0000000084800000|100%| O|  |TAMS 0x0000000084700000, 0x0000000084700000| Untracked 
|  48|0x0000000084800000, 0x0000000084900000, 0x0000000084900000|100%| O|  |TAMS 0x0000000084800000, 0x0000000084800000| Untracked 
|  49|0x0000000084900000, 0x0000000084a00000, 0x0000000084a00000|100%| O|  |TAMS 0x0000000084900000, 0x0000000084900000| Untracked 
|  50|0x0000000084a00000, 0x0000000084b00000, 0x0000000084b00000|100%| O|  |TAMS 0x0000000084a00000, 0x0000000084a00000| Untracked 
|  51|0x0000000084b00000, 0x0000000084c00000, 0x0000000084c00000|100%| O|  |TAMS 0x0000000084b00000, 0x0000000084b00000| Untracked 
|  52|0x0000000084c00000, 0x0000000084d00000, 0x0000000084d00000|100%|HS|  |TAMS 0x0000000084c00000, 0x0000000084c00000| Complete 
|  53|0x0000000084d00000, 0x0000000084e00000, 0x0000000084e00000|100%|HS|  |TAMS 0x0000000084d00000, 0x0000000084d00000| Complete 
|  54|0x0000000084e00000, 0x0000000084f00000, 0x0000000084f00000|100%|HC|  |TAMS 0x0000000084e00000, 0x0000000084e00000| Complete 
|  55|0x0000000084f00000, 0x0000000084f00000, 0x0000000085000000|  0%| F|  |TAMS 0x0000000084f00000, 0x0000000084f00000| Untracked 
|  56|0x0000000085000000, 0x0000000085000000, 0x0000000085100000|  0%| F|  |TAMS 0x0000000085000000, 0x0000000085000000| Untracked 
|  57|0x0000000085100000, 0x0000000085200000, 0x0000000085200000|100%| O|  |TAMS 0x0000000085100000, 0x0000000085100000| Untracked 
|  58|0x0000000085200000, 0x0000000085300000, 0x0000000085300000|100%| O|  |TAMS 0x0000000085200000, 0x0000000085200000| Untracked 
|  59|0x0000000085300000, 0x0000000085400000, 0x0000000085400000|100%| O|  |TAMS 0x0000000085300000, 0x0000000085300000| Untracked 
|  60|0x0000000085400000, 0x0000000085500000, 0x0000000085500000|100%| O|  |TAMS 0x0000000085400000, 0x0000000085400000| Untracked 
|  61|0x0000000085500000, 0x0000000085600000, 0x0000000085600000|100%| O|  |TAMS 0x0000000085500000, 0x0000000085500000| Untracked 
|  62|0x0000000085600000, 0x0000000085700000, 0x0000000085700000|100%| O|  |TAMS 0x0000000085600000, 0x0000000085600000| Untracked 
|  63|0x0000000085700000, 0x0000000085800000, 0x0000000085800000|100%| O|  |TAMS 0x0000000085700000, 0x0000000085700000| Untracked 
|  64|0x0000000085800000, 0x0000000085900000, 0x0000000085900000|100%| O|  |TAMS 0x0000000085800000, 0x0000000085800000| Untracked 
|  65|0x0000000085900000, 0x0000000085a00000, 0x0000000085a00000|100%| O|  |TAMS 0x0000000085900000, 0x0000000085900000| Untracked 
|  66|0x0000000085a00000, 0x0000000085b00000, 0x0000000085b00000|100%| O|  |TAMS 0x0000000085a00000, 0x0000000085a00000| Untracked 
|  67|0x0000000085b00000, 0x0000000085c00000, 0x0000000085c00000|100%| O|  |TAMS 0x0000000085b00000, 0x0000000085b00000| Untracked 
|  68|0x0000000085c00000, 0x0000000085d00000, 0x0000000085d00000|100%| O|  |TAMS 0x0000000085c00000, 0x0000000085c00000| Untracked 
|  69|0x0000000085d00000, 0x0000000085e00000, 0x0000000085e00000|100%| O|  |TAMS 0x0000000085d00000, 0x0000000085d00000| Untracked 
|  70|0x0000000085e00000, 0x0000000085f00000, 0x0000000085f00000|100%| O|  |TAMS 0x0000000085e00000, 0x0000000085e00000| Untracked 
|  71|0x0000000085f00000, 0x0000000086000000, 0x0000000086000000|100%| O|  |TAMS 0x0000000085f00000, 0x0000000085f00000| Untracked 
|  72|0x0000000086000000, 0x0000000086100000, 0x0000000086100000|100%| O|  |TAMS 0x0000000086000000, 0x0000000086000000| Untracked 
|  73|0x0000000086100000, 0x0000000086200000, 0x0000000086200000|100%| O|  |TAMS 0x0000000086100000, 0x0000000086100000| Untracked 
|  74|0x0000000086200000, 0x0000000086300000, 0x0000000086300000|100%| O|  |TAMS 0x0000000086200000, 0x0000000086200000| Untracked 
|  75|0x0000000086300000, 0x0000000086400000, 0x0000000086400000|100%| O|  |TAMS 0x0000000086300000, 0x0000000086300000| Untracked 
|  76|0x0000000086400000, 0x0000000086500000, 0x0000000086500000|100%| O|  |TAMS 0x0000000086400000, 0x0000000086400000| Untracked 
|  77|0x0000000086500000, 0x0000000086600000, 0x0000000086600000|100%| O|  |TAMS 0x0000000086500000, 0x0000000086500000| Untracked 
|  78|0x0000000086600000, 0x0000000086700000, 0x0000000086700000|100%| O|  |TAMS 0x0000000086600000, 0x0000000086600000| Untracked 
|  79|0x0000000086700000, 0x0000000086800000, 0x0000000086800000|100%| O|  |TAMS 0x0000000086700000, 0x0000000086700000| Untracked 
|  80|0x0000000086800000, 0x0000000086800000, 0x0000000086900000|  0%| F|  |TAMS 0x0000000086800000, 0x0000000086800000| Untracked 
|  81|0x0000000086900000, 0x0000000086900000, 0x0000000086a00000|  0%| F|  |TAMS 0x0000000086900000, 0x0000000086900000| Untracked 
|  82|0x0000000086a00000, 0x0000000086a00000, 0x0000000086b00000|  0%| F|  |TAMS 0x0000000086a00000, 0x0000000086a00000| Untracked 
|  83|0x0000000086b00000, 0x0000000086b00000, 0x0000000086c00000|  0%| F|  |TAMS 0x0000000086b00000, 0x0000000086b00000| Untracked 
|  84|0x0000000086c00000, 0x0000000086c00000, 0x0000000086d00000|  0%| F|  |TAMS 0x0000000086c00000, 0x0000000086c00000| Untracked 
|  85|0x0000000086d00000, 0x0000000086d00000, 0x0000000086e00000|  0%| F|  |TAMS 0x0000000086d00000, 0x0000000086d00000| Untracked 
|  86|0x0000000086e00000, 0x0000000086e00000, 0x0000000086f00000|  0%| F|  |TAMS 0x0000000086e00000, 0x0000000086e00000| Untracked 
|  87|0x0000000086f00000, 0x0000000086f00000, 0x0000000087000000|  0%| F|  |TAMS 0x0000000086f00000, 0x0000000086f00000| Untracked 
|  88|0x0000000087000000, 0x0000000087000000, 0x0000000087100000|  0%| F|  |TAMS 0x0000000087000000, 0x0000000087000000| Untracked 
|  89|0x0000000087100000, 0x0000000087100000, 0x0000000087200000|  0%| F|  |TAMS 0x0000000087100000, 0x0000000087100000| Untracked 
|  90|0x0000000087200000, 0x0000000087200000, 0x0000000087300000|  0%| F|  |TAMS 0x0000000087200000, 0x0000000087200000| Untracked 
|  91|0x0000000087300000, 0x0000000087300000, 0x0000000087400000|  0%| F|  |TAMS 0x0000000087300000, 0x0000000087300000| Untracked 
|  92|0x0000000087400000, 0x0000000087400000, 0x0000000087500000|  0%| F|  |TAMS 0x0000000087400000, 0x0000000087400000| Untracked 
|  93|0x0000000087500000, 0x0000000087500000, 0x0000000087600000|  0%| F|  |TAMS 0x0000000087500000, 0x0000000087500000| Untracked 
|  94|0x0000000087600000, 0x0000000087600000, 0x0000000087700000|  0%| F|  |TAMS 0x0000000087600000, 0x0000000087600000| Untracked 
|  95|0x0000000087700000, 0x0000000087700000, 0x0000000087800000|  0%| F|  |TAMS 0x0000000087700000, 0x0000000087700000| Untracked 
|  96|0x0000000087800000, 0x0000000087800000, 0x0000000087900000|  0%| F|  |TAMS 0x0000000087800000, 0x0000000087800000| Untracked 
|  97|0x0000000087900000, 0x0000000087900000, 0x0000000087a00000|  0%| F|  |TAMS 0x0000000087900000, 0x0000000087900000| Untracked 
|  98|0x0000000087a00000, 0x0000000087a00000, 0x0000000087b00000|  0%| F|  |TAMS 0x0000000087a00000, 0x0000000087a00000| Untracked 
|  99|0x0000000087b00000, 0x0000000087b00000, 0x0000000087c00000|  0%| F|  |TAMS 0x0000000087b00000, 0x0000000087b00000| Untracked 
| 100|0x0000000087c00000, 0x0000000087c00000, 0x0000000087d00000|  0%| F|  |TAMS 0x0000000087c00000, 0x0000000087c00000| Untracked 
| 101|0x0000000087d00000, 0x0000000087d00000, 0x0000000087e00000|  0%| F|  |TAMS 0x0000000087d00000, 0x0000000087d00000| Untracked 
| 102|0x0000000087e00000, 0x0000000087e00000, 0x0000000087f00000|  0%| F|  |TAMS 0x0000000087e00000, 0x0000000087e00000| Untracked 
| 103|0x0000000087f00000, 0x0000000087f00000, 0x0000000088000000|  0%| F|  |TAMS 0x0000000087f00000, 0x0000000087f00000| Untracked 
| 104|0x0000000088000000, 0x0000000088000000, 0x0000000088100000|  0%| F|  |TAMS 0x0000000088000000, 0x0000000088000000| Untracked 
| 105|0x0000000088100000, 0x0000000088100000, 0x0000000088200000|  0%| F|  |TAMS 0x0000000088100000, 0x0000000088100000| Untracked 
| 106|0x0000000088200000, 0x0000000088200000, 0x0000000088300000|  0%| F|  |TAMS 0x0000000088200000, 0x0000000088200000| Untracked 
| 107|0x0000000088300000, 0x0000000088364330, 0x0000000088400000| 39%| S|CS|TAMS 0x0000000088300000, 0x0000000088300000| Complete 
| 108|0x0000000088400000, 0x0000000088400000, 0x0000000088500000|  0%| F|  |TAMS 0x0000000088400000, 0x0000000088400000| Untracked 
| 109|0x0000000088500000, 0x0000000088500000, 0x0000000088600000|  0%| F|  |TAMS 0x0000000088500000, 0x0000000088500000| Untracked 
| 110|0x0000000088600000, 0x0000000088600000, 0x0000000088700000|  0%| F|  |TAMS 0x0000000088600000, 0x0000000088600000| Untracked 
| 111|0x0000000088700000, 0x0000000088700000, 0x0000000088800000|  0%| F|  |TAMS 0x0000000088700000, 0x0000000088700000| Untracked 
| 112|0x0000000088800000, 0x0000000088800000, 0x0000000088900000|  0%| F|  |TAMS 0x0000000088800000, 0x0000000088800000| Untracked 
| 113|0x0000000088900000, 0x0000000088900000, 0x0000000088a00000|  0%| F|  |TAMS 0x0000000088900000, 0x0000000088900000| Untracked 
| 114|0x0000000088a00000, 0x0000000088a00000, 0x0000000088b00000|  0%| F|  |TAMS 0x0000000088a00000, 0x0000000088a00000| Untracked 
| 115|0x0000000088b00000, 0x0000000088b00000, 0x0000000088c00000|  0%| F|  |TAMS 0x0000000088b00000, 0x0000000088b00000| Untracked 
| 116|0x0000000088c00000, 0x0000000088c00000, 0x0000000088d00000|  0%| F|  |TAMS 0x0000000088c00000, 0x0000000088c00000| Untracked 
| 117|0x0000000088d00000, 0x0000000088d00000, 0x0000000088e00000|  0%| F|  |TAMS 0x0000000088d00000, 0x0000000088d00000| Untracked 
| 118|0x0000000088e00000, 0x0000000088e00000, 0x0000000088f00000|  0%| F|  |TAMS 0x0000000088e00000, 0x0000000088e00000| Untracked 
| 119|0x0000000088f00000, 0x0000000088f00000, 0x0000000089000000|  0%| F|  |TAMS 0x0000000088f00000, 0x0000000088f00000| Untracked 
| 120|0x0000000089000000, 0x0000000089000000, 0x0000000089100000|  0%| F|  |TAMS 0x0000000089000000, 0x0000000089000000| Untracked 
| 121|0x0000000089100000, 0x0000000089100000, 0x0000000089200000|  0%| F|  |TAMS 0x0000000089100000, 0x0000000089100000| Untracked 
| 122|0x0000000089200000, 0x0000000089200000, 0x0000000089300000|  0%| F|  |TAMS 0x0000000089200000, 0x0000000089200000| Untracked 
| 123|0x0000000089300000, 0x0000000089300000, 0x0000000089400000|  0%| F|  |TAMS 0x0000000089300000, 0x0000000089300000| Untracked 
| 124|0x0000000089400000, 0x0000000089400000, 0x0000000089500000|  0%| F|  |TAMS 0x0000000089400000, 0x0000000089400000| Untracked 
| 125|0x0000000089500000, 0x0000000089500000, 0x0000000089600000|  0%| F|  |TAMS 0x0000000089500000, 0x0000000089500000| Untracked 
| 126|0x0000000089600000, 0x0000000089600000, 0x0000000089700000|  0%| F|  |TAMS 0x0000000089600000, 0x0000000089600000| Untracked 
| 127|0x0000000089700000, 0x0000000089700000, 0x0000000089800000|  0%| F|  |TAMS 0x0000000089700000, 0x0000000089700000| Untracked 
| 128|0x0000000089800000, 0x0000000089900000, 0x0000000089900000|100%| O|  |TAMS 0x0000000089900000, 0x0000000089800000| Updating 
| 129|0x0000000089900000, 0x0000000089a00000, 0x0000000089a00000|100%| O|  |TAMS 0x0000000089a00000, 0x0000000089900000| Updating 
| 130|0x0000000089a00000, 0x0000000089b00000, 0x0000000089b00000|100%| O|  |TAMS 0x0000000089b00000, 0x0000000089a00000| Updating 
| 131|0x0000000089b00000, 0x0000000089c00000, 0x0000000089c00000|100%| O|  |TAMS 0x0000000089c00000, 0x0000000089b00000| Updating 
| 132|0x0000000089c00000, 0x0000000089d00000, 0x0000000089d00000|100%| O|  |TAMS 0x0000000089d00000, 0x0000000089c00000| Updating 
| 133|0x0000000089d00000, 0x0000000089e00000, 0x0000000089e00000|100%| O|  |TAMS 0x0000000089e00000, 0x0000000089d00000| Updating 
| 134|0x0000000089e00000, 0x0000000089f00000, 0x0000000089f00000|100%| O|  |TAMS 0x0000000089f00000, 0x0000000089e00000| Updating 
| 135|0x0000000089f00000, 0x000000008a000000, 0x000000008a000000|100%| O|  |TAMS 0x000000008a000000, 0x0000000089f00000| Updating 
| 136|0x000000008a000000, 0x000000008a100000, 0x000000008a100000|100%| O|  |TAMS 0x000000008a100000, 0x000000008a000000| Updating 
| 137|0x000000008a100000, 0x000000008a200000, 0x000000008a200000|100%| O|  |TAMS 0x000000008a200000, 0x000000008a100000| Updating 
| 138|0x000000008a200000, 0x000000008a300000, 0x000000008a300000|100%| O|  |TAMS 0x000000008a300000, 0x000000008a200000| Updating 
| 139|0x000000008a300000, 0x000000008a400000, 0x000000008a400000|100%| O|  |TAMS 0x000000008a400000, 0x000000008a300000| Updating 
| 140|0x000000008a400000, 0x000000008a500000, 0x000000008a500000|100%| O|  |TAMS 0x000000008a500000, 0x000000008a400000| Updating 
| 141|0x000000008a500000, 0x000000008a600000, 0x000000008a600000|100%| O|  |TAMS 0x000000008a600000, 0x000000008a500000| Updating 
| 142|0x000000008a600000, 0x000000008a700000, 0x000000008a700000|100%| O|  |TAMS 0x000000008a700000, 0x000000008a600000| Updating 
| 143|0x000000008a700000, 0x000000008a800000, 0x000000008a800000|100%| O|  |TAMS 0x000000008a800000, 0x000000008a700000| Updating 
| 144|0x000000008a800000, 0x000000008a900000, 0x000000008a900000|100%| O|  |TAMS 0x000000008a900000, 0x000000008a800000| Updating 
| 145|0x000000008a900000, 0x000000008aa00000, 0x000000008aa00000|100%| O|  |TAMS 0x000000008aa00000, 0x000000008a900000| Updating 
| 146|0x000000008aa00000, 0x000000008ab00000, 0x000000008ab00000|100%| O|  |TAMS 0x000000008ab00000, 0x000000008aa00000| Updating 
| 147|0x000000008ab00000, 0x000000008ac00000, 0x000000008ac00000|100%| O|  |TAMS 0x000000008ac00000, 0x000000008ab00000| Updating 
| 148|0x000000008ac00000, 0x000000008ad00000, 0x000000008ad00000|100%| O|  |TAMS 0x000000008ad00000, 0x000000008ac00000| Updating 
| 149|0x000000008ad00000, 0x000000008ae00000, 0x000000008ae00000|100%| O|  |TAMS 0x000000008ae00000, 0x000000008ad00000| Updating 
| 150|0x000000008ae00000, 0x000000008af00000, 0x000000008af00000|100%| O|  |TAMS 0x000000008af00000, 0x000000008ae00000| Updating 
| 151|0x000000008af00000, 0x000000008b000000, 0x000000008b000000|100%| O|  |TAMS 0x000000008b000000, 0x000000008af00000| Updating 
| 152|0x000000008b000000, 0x000000008b100000, 0x000000008b100000|100%| O|  |TAMS 0x000000008b100000, 0x000000008b000000| Updating 
| 153|0x000000008b100000, 0x000000008b200000, 0x000000008b200000|100%| O|  |TAMS 0x000000008b200000, 0x000000008b100000| Updating 
| 154|0x000000008b200000, 0x000000008b300000, 0x000000008b300000|100%| O|  |TAMS 0x000000008b300000, 0x000000008b200000| Updating 
| 155|0x000000008b300000, 0x000000008b400000, 0x000000008b400000|100%| O|  |TAMS 0x000000008b400000, 0x000000008b300000| Updating 
| 156|0x000000008b400000, 0x000000008b500000, 0x000000008b500000|100%| O|  |TAMS 0x000000008b500000, 0x000000008b400000| Updating 
| 157|0x000000008b500000, 0x000000008b600000, 0x000000008b600000|100%| O|  |TAMS 0x000000008b600000, 0x000000008b500000| Updating 
| 158|0x000000008b600000, 0x000000008b700000, 0x000000008b700000|100%| O|  |TAMS 0x000000008b700000, 0x000000008b600000| Updating 
| 159|0x000000008b700000, 0x000000008b800000, 0x000000008b800000|100%| O|  |TAMS 0x000000008b800000, 0x000000008b700000| Updating 
| 160|0x000000008b800000, 0x000000008b900000, 0x000000008b900000|100%| O|  |TAMS 0x000000008b900000, 0x000000008b800000| Updating 
| 161|0x000000008b900000, 0x000000008ba00000, 0x000000008ba00000|100%| O|  |TAMS 0x000000008ba00000, 0x000000008b900000| Updating 
| 162|0x000000008ba00000, 0x000000008bb00000, 0x000000008bb00000|100%| O|  |TAMS 0x000000008bb00000, 0x000000008ba00000| Updating 
| 163|0x000000008bb00000, 0x000000008bc00000, 0x000000008bc00000|100%| O|  |TAMS 0x000000008bc00000, 0x000000008bb00000| Updating 
| 164|0x000000008bc00000, 0x000000008bd00000, 0x000000008bd00000|100%| O|  |TAMS 0x000000008bcb2a00, 0x000000008bc00000| Updating 
| 165|0x000000008bd00000, 0x000000008bd00000, 0x000000008be00000|  0%| F|  |TAMS 0x000000008bd00000, 0x000000008bd00000| Untracked 
| 166|0x000000008be00000, 0x000000008be00000, 0x000000008bf00000|  0%| F|  |TAMS 0x000000008be00000, 0x000000008be00000| Untracked 
| 167|0x000000008bf00000, 0x000000008bf00000, 0x000000008c000000|  0%| F|  |TAMS 0x000000008bf00000, 0x000000008bf00000| Untracked 
| 168|0x000000008c000000, 0x000000008c000000, 0x000000008c100000|  0%| F|  |TAMS 0x000000008c000000, 0x000000008c000000| Untracked 
| 169|0x000000008c100000, 0x000000008c100000, 0x000000008c200000|  0%| F|  |TAMS 0x000000008c100000, 0x000000008c100000| Untracked 
| 170|0x000000008c200000, 0x000000008c200000, 0x000000008c300000|  0%| F|  |TAMS 0x000000008c200000, 0x000000008c200000| Untracked 
| 171|0x000000008c300000, 0x000000008c300000, 0x000000008c400000|  0%| F|  |TAMS 0x000000008c300000, 0x000000008c300000| Untracked 
| 172|0x000000008c400000, 0x000000008c400000, 0x000000008c500000|  0%| F|  |TAMS 0x000000008c400000, 0x000000008c400000| Untracked 
| 173|0x000000008c500000, 0x000000008c500000, 0x000000008c600000|  0%| F|  |TAMS 0x000000008c500000, 0x000000008c500000| Untracked 
| 174|0x000000008c600000, 0x000000008c600000, 0x000000008c700000|  0%| F|  |TAMS 0x000000008c600000, 0x000000008c600000| Untracked 
| 175|0x000000008c700000, 0x000000008c700000, 0x000000008c800000|  0%| F|  |TAMS 0x000000008c700000, 0x000000008c700000| Untracked 
| 176|0x000000008c800000, 0x000000008c800000, 0x000000008c900000|  0%| F|  |TAMS 0x000000008c800000, 0x000000008c800000| Untracked 
| 177|0x000000008c900000, 0x000000008c900000, 0x000000008ca00000|  0%| F|  |TAMS 0x000000008c900000, 0x000000008c900000| Untracked 
| 178|0x000000008ca00000, 0x000000008ca82010, 0x000000008cb00000| 50%| E|  |TAMS 0x000000008ca00000, 0x000000008ca00000| Complete 
| 179|0x000000008cb00000, 0x000000008cc00000, 0x000000008cc00000|100%| E|CS|TAMS 0x000000008cb00000, 0x000000008cb00000| Complete 
| 180|0x000000008cc00000, 0x000000008cd00000, 0x000000008cd00000|100%| E|CS|TAMS 0x000000008cc00000, 0x000000008cc00000| Complete 
| 181|0x000000008cd00000, 0x000000008ce00000, 0x000000008ce00000|100%| E|CS|TAMS 0x000000008cd00000, 0x000000008cd00000| Complete 
| 182|0x000000008ce00000, 0x000000008cf00000, 0x000000008cf00000|100%| E|  |TAMS 0x000000008ce00000, 0x000000008ce00000| Complete 
| 183|0x000000008cf00000, 0x000000008d000000, 0x000000008d000000|100%| E|CS|TAMS 0x000000008cf00000, 0x000000008cf00000| Complete 
| 184|0x000000008d000000, 0x000000008d100000, 0x000000008d100000|100%| E|CS|TAMS 0x000000008d000000, 0x000000008d000000| Complete 
| 185|0x000000008d100000, 0x000000008d200000, 0x000000008d200000|100%| E|CS|TAMS 0x000000008d100000, 0x000000008d100000| Complete 
| 186|0x000000008d200000, 0x000000008d300000, 0x000000008d300000|100%| E|CS|TAMS 0x000000008d200000, 0x000000008d200000| Complete 
| 187|0x000000008d300000, 0x000000008d400000, 0x000000008d400000|100%| E|CS|TAMS 0x000000008d300000, 0x000000008d300000| Complete 
| 188|0x000000008d400000, 0x000000008d500000, 0x000000008d500000|100%| E|CS|TAMS 0x000000008d400000, 0x000000008d400000| Complete 
| 189|0x000000008d500000, 0x000000008d600000, 0x000000008d600000|100%| E|CS|TAMS 0x000000008d500000, 0x000000008d500000| Complete 
| 190|0x000000008d600000, 0x000000008d700000, 0x000000008d700000|100%| E|CS|TAMS 0x000000008d600000, 0x000000008d600000| Complete 
| 191|0x000000008d700000, 0x000000008d800000, 0x000000008d800000|100%| E|CS|TAMS 0x000000008d700000, 0x000000008d700000| Complete 
| 192|0x000000008d800000, 0x000000008d900000, 0x000000008d900000|100%| E|CS|TAMS 0x000000008d800000, 0x000000008d800000| Complete 
| 193|0x000000008d900000, 0x000000008da00000, 0x000000008da00000|100%| E|CS|TAMS 0x000000008d900000, 0x000000008d900000| Complete 
| 194|0x000000008da00000, 0x000000008db00000, 0x000000008db00000|100%| E|CS|TAMS 0x000000008da00000, 0x000000008da00000| Complete 
| 195|0x000000008db00000, 0x000000008dc00000, 0x000000008dc00000|100%| E|CS|TAMS 0x000000008db00000, 0x000000008db00000| Complete 
| 196|0x000000008dc00000, 0x000000008dd00000, 0x000000008dd00000|100%| E|CS|TAMS 0x000000008dc00000, 0x000000008dc00000| Complete 
| 197|0x000000008dd00000, 0x000000008de00000, 0x000000008de00000|100%| E|CS|TAMS 0x000000008dd00000, 0x000000008dd00000| Complete 

Card table byte_map: [0x000001eeb5a60000,0x000001eeb5e60000] _byte_map_base: 0x000001eeb5654000

Marking Bits (Prev, Next): (CMBitMap*) 0x000001ee9c1ee698, (CMBitMap*) 0x000001ee9c1ee658
 Prev Bits: [0x000001eeb8200000, 0x000001eeba1a0000)
 Next Bits: [0x000001eeb6260000, 0x000001eeb8200000)

Polling page: 0x000001ee9c290000

Metaspace:

Usage:
  Non-class:      4.65 MB capacity,     3.85 MB ( 83%) used,   817.54 KB ( 17%) free+waste,     6.06 KB ( <1%) overhead. 
      Class:    510.00 KB capacity,   408.86 KB ( 80%) used,    97.33 KB ( 19%) free+waste,     3.81 KB ( <1%) overhead. 
       Both:      5.15 MB capacity,     4.25 MB ( 82%) used,   914.87 KB ( 17%) free+waste,     9.88 KB ( <1%) overhead. 

Virtual space:
  Non-class space:        8.00 MB reserved,       4.75 MB ( 59%) committed 
      Class space:        1.00 GB reserved,     512.00 KB ( <1%) committed 
             Both:        1.01 GB reserved,       5.25 MB ( <1%) committed 

Chunk freelists:
   Non-Class:  38.00 KB
       Class:  0 bytes
        Both:  38.00 KB

MaxMetaspaceSize: 17179869184.00 GB
CompressedClassSpaceSize: 1.00 GB

CodeHeap 'non-profiled nmethods': size=120000Kb used=739Kb max_used=739Kb free=119260Kb
 bounds [0x000001eead9a0000, 0x000001eeadc10000, 0x000001eeb4ed0000]
CodeHeap 'profiled nmethods': size=120000Kb used=2342Kb max_used=2342Kb free=117658Kb
 bounds [0x000001eea6470000, 0x000001eea66e0000, 0x000001eead9a0000]
CodeHeap 'non-nmethods': size=5760Kb used=1183Kb max_used=1215Kb free=4576Kb
 bounds [0x000001eea5ed0000, 0x000001eea6140000, 0x000001eea6470000]
 total_blobs=2276 nmethods=1166 adapters=346
 compilation: enabled
              stopped_count=0, restarted_count=0
 full_count=0

Compilation events (20 events):
Event: 12.987 Thread 0x000001eebd1a1000 1197       1       javax.imageio.ImageReadParam::getSourceMinProgressivePass (5 bytes)
Event: 12.987 Thread 0x000001eebd1a1000 nmethod 1197 0x000001eeada57990 code [0x000001eeada57b20, 0x000001eeada57c58]
Event: 12.987 Thread 0x000001eebd1a1000 1198   !   3       com.sun.imageio.plugins.png.PNGImageReader::readHeader (608 bytes)
Event: 12.991 Thread 0x000001eebc813000 1204       4       javax.imageio.ImageReader::processImageProgress (56 bytes)
Event: 12.992 Thread 0x000001eebc813000 nmethod 1204 0x000001eeada57d10 code [0x000001eeada57ea0, 0x000001eeada57f38]
Event: 12.992 Thread 0x000001eebd1a1000 nmethod 1198 0x000001eea66b5490 code [0x000001eea66b59a0, 0x000001eea66b8120]
Event: 12.993 Thread 0x000001eebd1a1000 1199       3       javax.imageio.ImageTypeSpecifier::createFromBufferedImageType (40 bytes)
Event: 12.993 Thread 0x000001eebd1a1000 nmethod 1199 0x000001eea66b9610 code [0x000001eea66b9820, 0x000001eea66b9eb0]
Event: 12.993 Thread 0x000001eebd1a1000 1200       3       javax.imageio.ImageTypeSpecifier::getSpecifier (23 bytes)
Event: 12.994 Thread 0x000001eebd1a1000 nmethod 1200 0x000001eea66ba110 code [0x000001eea66ba2e0, 0x000001eea66ba6d0]
Event: 12.994 Thread 0x000001eebd1a1000 1201       1       javax.imageio.ImageReadParam::getDestination (5 bytes)
Event: 12.994 Thread 0x000001eebd1a1000 nmethod 1201 0x000001eeada58010 code [0x000001eeada581a0, 0x000001eeada582d8]
Event: 12.994 Thread 0x000001eebd1a1000 1202       1       javax.imageio.IIOParam::getDestinationType (5 bytes)
Event: 12.994 Thread 0x000001eebd1a1000 nmethod 1202 0x000001eeada58390 code [0x000001eeada58520, 0x000001eeada58658]
Event: 12.994 Thread 0x000001eebd1a1000 1203       1       java.awt.image.SampleModel::getDataType (5 bytes)
Event: 12.994 Thread 0x000001eebd1a1000 nmethod 1203 0x000001eeada58710 code [0x000001eeada588a0, 0x000001eeada589d8]
Event: 12.997 Thread 0x000001eebd1a1000 1205       3       java.util.zip.ZipUtils::getBufferArray (14 bytes)
Event: 12.997 Thread 0x000001eebd1a1000 nmethod 1205 0x000001eea66ba890 code [0x000001eea66baa40, 0x000001eea66bacb8]
Event: 12.999 Thread 0x000001eebd1a1000 1206       1       java.nio.charset.CharsetDecoder::charset (5 bytes)
Event: 12.999 Thread 0x000001eebd1a1000 nmethod 1206 0x000001eeada58a90 code [0x000001eeada58c20, 0x000001eeada58d58]

GC Heap History (20 events):
Event: 11.732 GC heap before
{Heap before GC invocations=2 (full 0):
 garbage-first heap   total 131072K, used 84817K [0x0000000081800000, 0x0000000100000000)
  region size 1024K, 76 young (77824K), 5 survivors (5120K)
 Metaspace       used 4233K, capacity 5208K, committed 5376K, reserved 1056768K
  class space    used 396K, capacity 510K, committed 512K, reserved 1048576K
}
Event: 11.737 GC heap after
{Heap after GC invocations=3 (full 0):
 garbage-first heap   total 131072K, used 14049K [0x0000000081800000, 0x0000000100000000)
  region size 1024K, 10 young (10240K), 10 survivors (10240K)
 Metaspace       used 4233K, capacity 5208K, committed 5376K, reserved 1056768K
  class space    used 396K, capacity 510K, committed 512K, reserved 1048576K
}
Event: 12.365 GC heap before
{Heap before GC invocations=3 (full 0):
 garbage-first heap   total 131072K, used 81633K [0x0000000081800000, 0x0000000100000000)
  region size 1024K, 76 young (77824K), 10 survivors (10240K)
 Metaspace       used 4282K, capacity 5272K, committed 5376K, reserved 1056768K
  class space    used 408K, capacity 510K, committed 512K, reserved 1048576K
}
Event: 12.379 GC heap after
{Heap after GC invocations=4 (full 0):
 garbage-first heap   total 131072K, used 24053K [0x0000000081800000, 0x0000000100000000)
  region size 1024K, 10 young (10240K), 10 survivors (10240K)
 Metaspace       used 4282K, capacity 5272K, committed 5376K, reserved 1056768K
  class space    used 408K, capacity 510K, committed 512K, reserved 1048576K
}
Event: 12.519 GC heap before
{Heap before GC invocations=4 (full 0):
 garbage-first heap   total 131072K, used 91637K [0x0000000081800000, 0x0000000100000000)
  region size 1024K, 76 young (77824K), 10 survivors (10240K)
 Metaspace       used 4284K, capacity 5272K, committed 5376K, reserved 1056768K
  class space    used 408K, capacity 510K, committed 512K, reserved 1048576K
}
Event: 12.606 GC heap after
{Heap after GC invocations=5 (full 0):
 garbage-first heap   total 168960K, used 90826K [0x0000000081800000, 0x0000000100000000)
  region size 1024K, 10 young (10240K), 10 survivors (10240K)
 Metaspace       used 4284K, capacity 5272K, committed 5376K, reserved 1056768K
  class space    used 408K, capacity 510K, committed 512K, reserved 1048576K
}
Event: 12.632 GC heap before
{Heap before GC invocations=5 (full 0):
 garbage-first heap   total 168960K, used 115402K [0x0000000081800000, 0x0000000100000000)
  region size 1024K, 34 young (34816K), 10 survivors (10240K)
 Metaspace       used 4284K, capacity 5272K, committed 5376K, reserved 1056768K
  class space    used 408K, capacity 510K, committed 512K, reserved 1048576K
}
Event: 12.676 GC heap after
{Heap after GC invocations=6 (full 0):
 garbage-first heap   total 168960K, used 114176K [0x0000000081800000, 0x0000000100000000)
  region size 1024K, 5 young (5120K), 5 survivors (5120K)
 Metaspace       used 4284K, capacity 5272K, committed 5376K, reserved 1056768K
  class space    used 408K, capacity 510K, committed 512K, reserved 1048576K
}
Event: 12.702 GC heap before
{Heap before GC invocations=6 (full 0):
 garbage-first heap   total 168960K, used 117248K [0x0000000081800000, 0x0000000100000000)
  region size 1024K, 8 young (8192K), 5 survivors (5120K)
 Metaspace       used 4284K, capacity 5272K, committed 5376K, reserved 1056768K
  class space    used 408K, capacity 510K, committed 512K, reserved 1048576K
}
Event: 12.712 GC heap after
{Heap after GC invocations=7 (full 0):
 garbage-first heap   total 168960K, used 115320K [0x0000000081800000, 0x0000000100000000)
  region size 1024K, 1 young (1024K), 1 survivors (1024K)
 Metaspace       used 4284K, capacity 5272K, committed 5376K, reserved 1056768K
  class space    used 408K, capacity 510K, committed 512K, reserved 1048576K
}
Event: 12.723 GC heap before
{Heap before GC invocations=7 (full 0):
 garbage-first heap   total 168960K, used 127608K [0x0000000081800000, 0x0000000100000000)
  region size 1024K, 13 young (13312K), 1 survivors (1024K)
 Metaspace       used 4284K, capacity 5272K, committed 5376K, reserved 1056768K
  class space    used 408K, capacity 510K, committed 512K, reserved 1048576K
}
Event: 12.724 GC heap after
{Heap after GC invocations=8 (full 0):
 garbage-first heap   total 168960K, used 114851K [0x0000000081800000, 0x0000000100000000)
  region size 1024K, 1 young (1024K), 1 survivors (1024K)
 Metaspace       used 4284K, capacity 5272K, committed 5376K, reserved 1056768K
  class space    used 408K, capacity 510K, committed 512K, reserved 1048576K
}
Event: 12.732 GC heap before
{Heap before GC invocations=8 (full 0):
 garbage-first heap   total 168960K, used 129187K [0x0000000081800000, 0x0000000100000000)
  region size 1024K, 15 young (15360K), 1 survivors (1024K)
 Metaspace       used 4284K, capacity 5272K, committed 5376K, reserved 1056768K
  class space    used 408K, capacity 510K, committed 512K, reserved 1048576K
}
Event: 12.732 GC heap after
{Heap after GC invocations=9 (full 0):
 garbage-first heap   total 168960K, used 115005K [0x0000000081800000, 0x0000000100000000)
  region size 1024K, 1 young (1024K), 1 survivors (1024K)
 Metaspace       used 4284K, capacity 5272K, committed 5376K, reserved 1056768K
  class space    used 408K, capacity 510K, committed 512K, reserved 1048576K
}
Event: 12.741 GC heap before
{Heap before GC invocations=9 (full 0):
 garbage-first heap   total 168960K, used 131389K [0x0000000081800000, 0x0000000100000000)
  region size 1024K, 17 young (17408K), 1 survivors (1024K)
 Metaspace       used 4287K, capacity 5272K, committed 5376K, reserved 1056768K
  class space    used 408K, capacity 510K, committed 512K, reserved 1048576K
}
Event: 12.742 GC heap after
{Heap after GC invocations=10 (full 0):
 garbage-first heap   total 168960K, used 115094K [0x0000000081800000, 0x0000000100000000)
  region size 1024K, 1 young (1024K), 1 survivors (1024K)
 Metaspace       used 4287K, capacity 5272K, committed 5376K, reserved 1056768K
  class space    used 408K, capacity 510K, committed 512K, reserved 1048576K
}
Event: 12.753 GC heap before
{Heap before GC invocations=10 (full 0):
 garbage-first heap   total 168960K, used 132502K [0x0000000081800000, 0x0000000100000000)
  region size 1024K, 18 young (18432K), 1 survivors (1024K)
 Metaspace       used 4287K, capacity 5272K, committed 5376K, reserved 1056768K
  class space    used 408K, capacity 510K, committed 512K, reserved 1048576K
}
Event: 12.753 GC heap after
{Heap after GC invocations=11 (full 0):
 garbage-first heap   total 168960K, used 114818K [0x0000000081800000, 0x0000000100000000)
  region size 1024K, 1 young (1024K), 1 survivors (1024K)
 Metaspace       used 4287K, capacity 5272K, committed 5376K, reserved 1056768K
  class space    used 408K, capacity 510K, committed 512K, reserved 1048576K
}
Event: 12.766 GC heap before
{Heap before GC invocations=11 (full 0):
 garbage-first heap   total 168960K, used 134274K [0x0000000081800000, 0x0000000100000000)
  region size 1024K, 20 young (20480K), 1 survivors (1024K)
 Metaspace       used 4287K, capacity 5272K, committed 5376K, reserved 1056768K
  class space    used 408K, capacity 510K, committed 512K, reserved 1048576K
}
Event: 12.767 GC heap after
{Heap after GC invocations=12 (full 0):
 garbage-first heap   total 202752K, used 115088K [0x0000000081800000, 0x0000000100000000)
  region size 1024K, 1 young (1024K), 1 survivors (1024K)
 Metaspace       used 4287K, capacity 5272K, committed 5376K, reserved 1056768K
  class space    used 408K, capacity 510K, committed 512K, reserved 1048576K
}

Deoptimization events (20 events):
Event: 12.492 Thread 0x000001ee9c1a9000 DEOPT PACKING pc=0x000001eea64f9e2b sp=0x000000ec15fff000
Event: 12.492 Thread 0x000001ee9c1a9000 DEOPT UNPACKING pc=0x000001eea5f1964e sp=0x000000ec15ffe4f8 mode 0
Event: 12.493 Thread 0x000001ee9c1a9000 DEOPT PACKING pc=0x000001eea64f9e2b sp=0x000000ec15fff000
Event: 12.493 Thread 0x000001ee9c1a9000 DEOPT UNPACKING pc=0x000001eea5f1964e sp=0x000000ec15ffe4f8 mode 0
Event: 12.495 Thread 0x000001ee9c1a9000 DEOPT PACKING pc=0x000001eea64f9e2b sp=0x000000ec15fff000
Event: 12.495 Thread 0x000001ee9c1a9000 DEOPT UNPACKING pc=0x000001eea5f1964e sp=0x000000ec15ffe4f8 mode 0
Event: 12.495 Thread 0x000001ee9c1a9000 DEOPT PACKING pc=0x000001eea64f9e2b sp=0x000000ec15fff000
Event: 12.495 Thread 0x000001ee9c1a9000 DEOPT UNPACKING pc=0x000001eea5f1964e sp=0x000000ec15ffe4f8 mode 0
Event: 12.496 Thread 0x000001ee9c1a9000 DEOPT PACKING pc=0x000001eea64f9e2b sp=0x000000ec15fff000
Event: 12.496 Thread 0x000001ee9c1a9000 DEOPT UNPACKING pc=0x000001eea5f1964e sp=0x000000ec15ffe4f8 mode 0
Event: 12.629 Thread 0x000001ee9c1a9000 Uncommon trap: trap_request=0xffffff45 fr.pc=0x000001eeada4bab0 relative=0x0000000000001350
Event: 12.629 Thread 0x000001ee9c1a9000 Uncommon trap: reason=unstable_if action=reinterpret pc=0x000001eeada4bab0 method=ab.vision.real.ConnectedComponent.initialise([[I)V @ 421 c2
Event: 12.629 Thread 0x000001ee9c1a9000 DEOPT PACKING pc=0x000001eeada4bab0 sp=0x000000ec15fff060
Event: 12.629 Thread 0x000001ee9c1a9000 DEOPT UNPACKING pc=0x000001eea5f1912f sp=0x000000ec15fff008 mode 2
Event: 12.726 Thread 0x000001ee9c1a9000 DEOPT PACKING pc=0x000001eea658f771 sp=0x000000ec15fff1b0
Event: 12.726 Thread 0x000001ee9c1a9000 DEOPT UNPACKING pc=0x000001eea5f1964e sp=0x000000ec15ffe708 mode 0
Event: 12.793 Thread 0x000001ee9c1a9000 Uncommon trap: trap_request=0xffffff45 fr.pc=0x000001eeada4d060 relative=0x00000000000001c0
Event: 12.793 Thread 0x000001ee9c1a9000 Uncommon trap: reason=unstable_if action=reinterpret pc=0x000001eeada4d060 method=ab.vision.real.ImageSegmenter.findComponents()Ljava/util/ArrayList; @ 279 c2
Event: 12.793 Thread 0x000001ee9c1a9000 DEOPT PACKING pc=0x000001eeada4d060 sp=0x000000ec15fff250
Event: 12.793 Thread 0x000001ee9c1a9000 DEOPT UNPACKING pc=0x000001eea5f1912f sp=0x000000ec15fff210 mode 2

Classes unloaded (0 events):
No events

Classes redefined (0 events):
No events

Internal exceptions (7 events):
Event: 0.518 Thread 0x000001eebd316000 Exception <a 'java/lang/NoSuchMethodError'{0x0000000089411d50}: 'java.lang.Object java.lang.invoke.Invokers$Holder.linkToTargetMethod(java.lang.Object, int, java.lang.Object)'> (0x0000000089411d50) 
thrown [t:/workspace/open/src/hotspot/share/interpreter/linkResolver.cpp, line 767]
Event: 0.602 Thread 0x000001eebd316000 Exception <a 'java/lang/NoSuchMethodError'{0x000000008944f290}: 'java.lang.Object java.lang.invoke.DirectMethodHandle$Holder.invokeStaticInit(java.lang.Object, int, int, int, int)'> (0x000000008944f290) 
thrown [t:/workspace/open/src/hotspot/share/interpreter/linkResolver.cpp, line 767]
Event: 2.138 Thread 0x000001eebd316000 Exception <a 'java/lang/NoSuchMethodError'{0x0000000089477658}: 'java.lang.Object java.lang.invoke.DirectMethodHandle$Holder.invokeStaticInit(java.lang.Object, java.lang.Object, int, int, int, int)'> (0x0000000089477658) 
thrown [t:/workspace/open/src/hotspot/share/interpreter/linkResolver.cpp, line 767]
Event: 2.648 Thread 0x000001ee9c1a9000 Exception <a 'java/lang/ClassNotFoundException'{0x00000000896cc780}: sun/awt/resources/spi/awtProvider> (0x00000000896cc780) 
thrown [t:/workspace/open/src/hotspot/share/classfile/systemDictionary.cpp, line 232]
Event: 2.702 Thread 0x000001ee9c1a9000 Exception <a 'java/io/FileNotFoundException'{0x0000000088bb8330}> (0x0000000088bb8330) 
thrown [t:/workspace/open/src/hotspot/share/prims/jni.cpp, line 598]
Event: 2.735 Thread 0x000001ee9c1a9000 Exception <a 'java/io/FileNotFoundException'{0x0000000088bdec50}> (0x0000000088bdec50) 
thrown [t:/workspace/open/src/hotspot/share/prims/jni.cpp, line 598]
Event: 7.793 Thread 0x000001eebd28c800 Implicit null exception at 0x000001eead9c4966 to 0x000001eead9c499e

Events (20 events):
Event: 12.379 Executing VM operation: G1CollectForAllocation done
Event: 12.519 Executing VM operation: G1CollectForAllocation
Event: 12.606 Executing VM operation: G1CollectForAllocation done
Event: 12.632 Executing VM operation: G1CollectForAllocation
Event: 12.677 Executing VM operation: G1CollectForAllocation done
Event: 12.681 Executing VM operation: G1CollectForAllocation
Event: 12.712 Executing VM operation: G1CollectForAllocation done
Event: 12.723 Executing VM operation: G1CollectForAllocation
Event: 12.724 Executing VM operation: G1CollectForAllocation done
Event: 12.732 Executing VM operation: G1CollectForAllocation
Event: 12.732 Executing VM operation: G1CollectForAllocation done
Event: 12.741 Executing VM operation: G1CollectForAllocation
Event: 12.742 Executing VM operation: G1CollectForAllocation done
Event: 12.752 Executing VM operation: G1CollectForAllocation
Event: 12.753 Executing VM operation: G1CollectForAllocation done
Event: 12.766 Executing VM operation: G1CollectForAllocation
Event: 12.767 Executing VM operation: G1CollectForAllocation done
Event: 12.794 loading class java/awt/Polygon
Event: 12.794 loading class java/awt/Polygon done
Event: 13.003 Executing VM operation: G1Concurrent


Dynamic libraries:
0x00007ff7a5730000 - 0x00007ff7a573f000 	C:\Program Files\Java\jdk-13.0.2\bin\javaw.exe
0x00007ffa2bed0000 - 0x00007ffa2c0c8000 	C:\WINDOWS\SYSTEM32\ntdll.dll
0x00007ffa2bdd0000 - 0x00007ffa2be8f000 	C:\WINDOWS\System32\KERNEL32.DLL
0x00007ffa29a30000 - 0x00007ffa29d26000 	C:\WINDOWS\System32\KERNELBASE.dll
0x00007ffa297c0000 - 0x00007ffa298c0000 	C:\WINDOWS\System32\ucrtbase.dll
0x00007ffa04760000 - 0x00007ffa04778000 	C:\Program Files\Java\jdk-13.0.2\bin\jli.dll
0x00007ffa2ad60000 - 0x00007ffa2ae0f000 	C:\WINDOWS\System32\ADVAPI32.dll
0x00007ffa04740000 - 0x00007ffa04755000 	C:\Program Files\Java\jdk-13.0.2\bin\VCRUNTIME140.dll
0x00007ffa2b3c0000 - 0x00007ffa2b45e000 	C:\WINDOWS\System32\msvcrt.dll
0x00007ffa2b320000 - 0x00007ffa2b3bc000 	C:\WINDOWS\System32\sechost.dll
0x00007ffa2b600000 - 0x00007ffa2b726000 	C:\WINDOWS\System32\RPCRT4.dll
0x00007ffa2b460000 - 0x00007ffa2b5fd000 	C:\WINDOWS\System32\USER32.dll
0x00007ffa29da0000 - 0x00007ffa29dc2000 	C:\WINDOWS\System32\win32u.dll
0x00007ffa2acc0000 - 0x00007ffa2acec000 	C:\WINDOWS\System32\GDI32.dll
0x00007ffa298c0000 - 0x00007ffa299d5000 	C:\WINDOWS\System32\gdi32full.dll
0x00007ffa29670000 - 0x00007ffa2970d000 	C:\WINDOWS\System32\msvcp_win.dll
0x00007ffa1a650000 - 0x00007ffa1a8ea000 	C:\WINDOWS\WinSxS\amd64_microsoft.windows.common-controls_6595b64144ccf1df_6.0.19041.1110_none_60b5254171f9507e\COMCTL32.dll
0x00007ffa23740000 - 0x00007ffa2374a000 	C:\WINDOWS\SYSTEM32\VERSION.dll
0x00007ffa2bb80000 - 0x00007ffa2bbb0000 	C:\WINDOWS\System32\IMM32.DLL
0x00007ff9e7af0000 - 0x00007ff9e7b8b000 	C:\Program Files\Java\jdk-13.0.2\bin\msvcp140.dll
0x00007ff9e9920000 - 0x00007ff9ea47d000 	C:\Program Files\Java\jdk-13.0.2\bin\server\jvm.dll
0x00007ffa2acf0000 - 0x00007ffa2acf8000 	C:\WINDOWS\System32\PSAPI.DLL
0x00007ffa27540000 - 0x00007ffa27549000 	C:\WINDOWS\SYSTEM32\WSOCK32.dll
0x00007ffa2b8e0000 - 0x00007ffa2b94b000 	C:\WINDOWS\System32\WS2_32.dll
0x00007ffa1a550000 - 0x00007ffa1a577000 	C:\WINDOWS\SYSTEM32\WINMM.dll
0x00007ffa28070000 - 0x00007ffa28082000 	C:\WINDOWS\SYSTEM32\kernel.appcore.dll
0x00007ffa24200000 - 0x00007ffa24210000 	C:\Program Files\Java\jdk-13.0.2\bin\verify.dll
0x00007ffa271e0000 - 0x00007ffa273c4000 	C:\WINDOWS\SYSTEM32\DBGHELP.DLL
0x00007ffa16380000 - 0x00007ffa163b4000 	C:\WINDOWS\SYSTEM32\dbgcore.DLL
0x00007ffa295b0000 - 0x00007ffa29632000 	C:\WINDOWS\System32\bcryptPrimitives.dll
0x00007ffa0eb50000 - 0x00007ffa0eb76000 	C:\Program Files\Java\jdk-13.0.2\bin\java.dll
0x00007ffa205a0000 - 0x00007ffa205b7000 	C:\Program Files\Java\jdk-13.0.2\bin\zip.dll
0x00007ffa24140000 - 0x00007ffa2414a000 	C:\Program Files\Java\jdk-13.0.2\bin\jimage.dll
0x00007ffa2a2f0000 - 0x00007ffa2aa34000 	C:\WINDOWS\System32\SHELL32.dll
0x00007ffa27550000 - 0x00007ffa27ce3000 	C:\WINDOWS\SYSTEM32\windows.storage.dll
0x00007ffa29f30000 - 0x00007ffa2a284000 	C:\WINDOWS\System32\combase.dll
0x00007ffa29010000 - 0x00007ffa2903e000 	C:\WINDOWS\SYSTEM32\Wldp.dll
0x00007ffa2aa40000 - 0x00007ffa2aaed000 	C:\WINDOWS\System32\SHCORE.dll
0x00007ffa2a290000 - 0x00007ffa2a2e5000 	C:\WINDOWS\System32\shlwapi.dll
0x00007ffa294f0000 - 0x00007ffa2950f000 	C:\WINDOWS\SYSTEM32\profapi.dll
0x00007ffa0e5d0000 - 0x00007ffa0e5e9000 	C:\Program Files\Java\jdk-13.0.2\bin\net.dll
0x00007ffa1e1d0000 - 0x00007ffa1e2da000 	C:\WINDOWS\SYSTEM32\WINHTTP.dll
0x00007ffa28d70000 - 0x00007ffa28dda000 	C:\WINDOWS\system32\mswsock.dll
0x00007ffa0e590000 - 0x00007ffa0e5a3000 	C:\Program Files\Java\jdk-13.0.2\bin\nio.dll
0x00007ffa28a10000 - 0x00007ffa28a4c000 	C:\WINDOWS\SYSTEM32\IPHLPAPI.DLL
0x00007ffa2bdc0000 - 0x00007ffa2bdc8000 	C:\WINDOWS\System32\NSI.dll
0x00007ffa217b0000 - 0x00007ffa217c7000 	C:\WINDOWS\SYSTEM32\dhcpcsvc6.DLL
0x00007ffa21750000 - 0x00007ffa2176d000 	C:\WINDOWS\SYSTEM32\dhcpcsvc.DLL
0x00007ffa28a50000 - 0x00007ffa28b1b000 	C:\WINDOWS\SYSTEM32\DNSAPI.dll
0x00007ffa28f60000 - 0x00007ffa28f78000 	C:\WINDOWS\SYSTEM32\CRYPTSP.dll
0x00007ffa28620000 - 0x00007ffa28654000 	C:\WINDOWS\system32\rsaenh.dll
0x00007ffa29640000 - 0x00007ffa29667000 	C:\WINDOWS\System32\bcrypt.dll
0x00007ffa294b0000 - 0x00007ffa294de000 	C:\WINDOWS\SYSTEM32\USERENV.dll
0x00007ffa28f80000 - 0x00007ffa28f8c000 	C:\WINDOWS\SYSTEM32\CRYPTBASE.dll
0x00007ff9e26d0000 - 0x00007ff9e2869000 	C:\Program Files\Java\jdk-13.0.2\bin\awt.dll
0x00007ffa2bab0000 - 0x00007ffa2bb7d000 	C:\WINDOWS\System32\OLEAUT32.dll
0x00007ffa26910000 - 0x00007ffa269a1000 	C:\WINDOWS\SYSTEM32\apphelp.dll

dbghelp: loaded successfully - version: 4.0.5 - missing functions: none
symbol engine: initialized successfully - sym options: 0x614 - pdb path: .;C:\Program Files\Java\jdk-13.0.2\bin;C:\WINDOWS\SYSTEM32;C:\WINDOWS\WinSxS\amd64_microsoft.windows.common-controls_6595b64144ccf1df_6.0.19041.1110_none_60b5254171f9507e;C:\Program Files\Java\jdk-13.0.2\bin\server

VM Arguments:
jvm_args: -Dfile.encoding=Cp1252 
java_command: ab.demo.GeneticAgent
java_class_path (initial): D:\Universidad\TG AIBirds\Software\abV1.32\bin;D:\Universidad\TG AIBirds\Software\abV1.32;D:\Universidad\TG AIBirds\Software\abV1.32\ABServer.jar;D:\Universidad\TG AIBirds\Software\abV1.32\ABSoftware.jar;D:\Universidad\TG AIBirds\Software\abV1.32\external\commons-codec-1.7.jar;D:\Universidad\TG AIBirds\Software\abV1.32\external\Jama-1.0.2.jar;D:\Universidad\TG AIBirds\Software\abV1.32\external\json-simple-1.1.1.jar;D:\Universidad\TG AIBirds\Software\abV1.32\external\WebSocket.jar
Launcher Type: SUN_STANDARD

[Global flags]
     intx CICompilerCount                          = 3                                         {product} {ergonomic}
     uint ConcGCThreads                            = 1                                         {product} {ergonomic}
     uint G1ConcRefinementThreads                  = 4                                         {product} {ergonomic}
   size_t G1HeapRegionSize                         = 1048576                                   {product} {ergonomic}
    uintx GCDrainStackTargetSize                   = 64                                        {product} {ergonomic}
   size_t InitialHeapSize                          = 134217728                                 {product} {ergonomic}
   size_t MarkStackSize                            = 4194304                                   {product} {ergonomic}
   size_t MaxHeapSize                              = 2122317824                                {product} {ergonomic}
   size_t MaxNewSize                               = 1272971264                                {product} {ergonomic}
   size_t MinHeapDeltaBytes                        = 1048576                                   {product} {ergonomic}
   size_t MinHeapSize                              = 8388608                                   {product} {ergonomic}
    uintx NonNMethodCodeHeapSize                   = 5832780                                {pd product} {ergonomic}
    uintx NonProfiledCodeHeapSize                  = 122912730                              {pd product} {ergonomic}
    uintx ProfiledCodeHeapSize                     = 122912730                              {pd product} {ergonomic}
    uintx ReservedCodeCacheSize                    = 251658240                              {pd product} {ergonomic}
     bool SegmentedCodeCache                       = true                                      {product} {ergonomic}
   size_t SoftMaxHeapSize                          = 2122317824                             {manageable} {ergonomic}
     bool UseCompressedClassPointers               = true                                 {lp64_product} {ergonomic}
     bool UseCompressedOops                        = true                                 {lp64_product} {ergonomic}
     bool UseG1GC                                  = true                                      {product} {ergonomic}
     bool UseLargePagesIndividualAllocation        = false                                  {pd product} {ergonomic}

Logging:
Log output configuration:
 #0: stdout all=warning uptime,level,tags
 #1: stderr all=off uptime,level,tags

Environment Variables:
PATH=C:/Program Files/Java/jdk-13.0.2/bin/server;C:/Program Files/Java/jdk-13.0.2/bin;C:\Program Files (x86)\Common Files\Oracle\Java\javapath;C:\WINDOWS\system32;C:\WINDOWS;C:\WINDOWS\System32\Wbem;C:\WINDOWS\System32\WindowsPowerShell\v1.0\;C:\WINDOWS\System32\OpenSSH\;C:\Program Files\NVIDIA Corporation\NVIDIA NvDLISR;C:\Program Files (x86)\NVIDIA Corporation\PhysX\Common;C:\Program Files\Git\cmd;C:\Program Files\Git\mingw64\bin;C:\Program Files\Git\usr\bin;C:\nvm;C:\Program Files\nodejs;C:\Program Files\nodejs;C:\Users\J&D\AppData\Local\Programs\Python\Python38-32\Scripts\;C:\Users\J&D\AppData\Local\Programs\Python\Python38-32\;C:\Users\J&D\AppData\Local\Microsoft\WindowsApps;C:\Users\J&D\AppData\Local\Programs\Microsoft VS Code\bin;C:\Program Files\MongoDB\Server\5.0\bin;C:\Users\J&D\AppData\Roaming\npm;C:\nvm;C:\Program Files\nodejs;C:\Users\J&D\Desktop;
USERNAME=JyD
OS=Windows_NT
PROCESSOR_IDENTIFIER=Intel64 Family 6 Model 78 Stepping 3, GenuineIntel



---------------  S Y S T E M  ---------------

OS: Windows 10 , 64 bit Build 19041 (10.0.19041.2913)

CPU:total 4 (initial active 4) (2 cores per cpu, 2 threads per core) family 6 model 78 stepping 3, cmov, cx8, fxsr, mmx, sse, sse2, sse3, ssse3, sse4.1, sse4.2, popcnt, avx, avx2, aes, clmul, erms, 3dnowpref, lzcnt, ht, tsc, tscinvbit, bmi1, bmi2, adx, fma

Memory: 4k page, system-wide physical 8090M (1662M free)
TotalPageFile size 27169M (AvailPageFile size 21M)
current process WorkingSet (physical memory assigned to process): 241M, peak: 241M
current process commit charge ("private bytes"): 294M, peak: 323M

vm_info: Java HotSpot(TM) 64-Bit Server VM (13.0.2+8) for windows-amd64 JRE (13.0.2+8), built on Dec 11 2019 09:20:33 by "mach5one" with unknown MS VC++:1916

END.
